[1.877s] DEBUG:colcon:Command line arguments: ['/usr/bin/colcon', 'build']
[1.877s] DEBUG:colcon:Parsed command line arguments: Namespace(log_base=None, log_level=None, verb_name='build', build_base='build', install_base='install', merge_install=False, symlink_install=False, test_result_base=None, continue_on_error=False, executor='parallel', parallel_workers=8, event_handlers=None, ignore_user_meta=False, metas=['./colcon.meta'], base_paths=['.'], packages_ignore=None, packages_ignore_regex=None, paths=None, packages_up_to=None, packages_up_to_regex=None, packages_above=None, packages_above_and_dependencies=None, packages_above_depth=None, packages_select_by_dep=None, packages_skip_by_dep=None, packages_skip_up_to=None, packages_select_build_failed=False, packages_skip_build_finished=False, packages_select_test_failures=False, packages_skip_test_passed=False, packages_select=None, packages_skip=None, packages_select_regex=None, packages_skip_regex=None, packages_start=None, packages_end=None, allow_overriding=[], cmake_args=None, cmake_target=None, cmake_target_skip_unavailable=False, cmake_clean_cache=False, cmake_clean_first=False, cmake_force_configure=False, ament_cmake_args=None, catkin_cmake_args=None, catkin_skip_building_tests=False, verb_parser=<colcon_defaults.argument_parser.defaults.DefaultArgumentsDecorator object at 0x7fa847f0ebf0>, verb_extension=<colcon_core.verb.build.BuildVerb object at 0x7fa847f0ed10>, main=<bound method BuildVerb.main of <colcon_core.verb.build.BuildVerb object at 0x7fa847f0ed10>>)
[1.969s] Level 1:colcon.colcon_core.package_discovery:discover_packages(colcon_meta) check parameters
[1.969s] Level 1:colcon.colcon_core.package_discovery:discover_packages(recursive) check parameters
[1.969s] Level 1:colcon.colcon_core.package_discovery:discover_packages(ignore) check parameters
[1.969s] Level 1:colcon.colcon_core.package_discovery:discover_packages(path) check parameters
[1.969s] Level 1:colcon.colcon_core.package_discovery:discover_packages(colcon_meta) discover
[1.970s] Level 1:colcon.colcon_core.package_discovery:discover_packages(recursive) discover
[1.970s] INFO:colcon.colcon_core.package_discovery:Crawling recursively for packages in '/home/shadoroca/Documentos/Academia/ServicioSocial/Ambiente-Paneles/ambiente_panel'
[1.970s] Level 1:colcon.colcon_core.package_identification:_identify(.) by extensions ['ignore', 'ignore_ament_install']
[1.970s] Level 1:colcon.colcon_core.package_identification:_identify(.) by extension 'ignore'
[1.970s] Level 1:colcon.colcon_core.package_identification:_identify(.) by extension 'ignore_ament_install'
[1.970s] Level 1:colcon.colcon_core.package_identification:_identify(.) by extensions ['colcon_pkg']
[1.970s] Level 1:colcon.colcon_core.package_identification:_identify(.) by extension 'colcon_pkg'
[1.970s] Level 1:colcon.colcon_core.package_identification:_identify(.) by extensions ['colcon_meta']
[1.970s] Level 1:colcon.colcon_core.package_identification:_identify(.) by extension 'colcon_meta'
[1.970s] Level 1:colcon.colcon_core.package_identification:_identify(.) by extensions ['ros']
[1.970s] Level 1:colcon.colcon_core.package_identification:_identify(.) by extension 'ros'
[1.988s] Level 1:colcon.colcon_core.package_identification:_identify(.) by extensions ['cmake', 'python']
[1.988s] Level 1:colcon.colcon_core.package_identification:_identify(.) by extension 'cmake'
[1.988s] Level 1:colcon.colcon_core.package_identification:_identify(.) by extension 'python'
[1.988s] Level 1:colcon.colcon_core.package_identification:_identify(.) by extensions ['python_setup_py']
[1.989s] Level 1:colcon.colcon_core.package_identification:_identify(.) by extension 'python_setup_py'
[1.989s] Level 1:colcon.colcon_core.package_identification:_identify(build) by extensions ['ignore', 'ignore_ament_install']
[1.989s] Level 1:colcon.colcon_core.package_identification:_identify(build) by extension 'ignore'
[1.989s] Level 1:colcon.colcon_core.package_identification:_identify(build) ignored
[1.989s] Level 1:colcon.colcon_core.package_identification:_identify(install) by extensions ['ignore', 'ignore_ament_install']
[1.989s] Level 1:colcon.colcon_core.package_identification:_identify(install) by extension 'ignore'
[1.989s] Level 1:colcon.colcon_core.package_identification:_identify(install) ignored
[1.989s] Level 1:colcon.colcon_core.package_identification:_identify(log) by extensions ['ignore', 'ignore_ament_install']
[1.989s] Level 1:colcon.colcon_core.package_identification:_identify(log) by extension 'ignore'
[1.989s] Level 1:colcon.colcon_core.package_identification:_identify(log) ignored
[1.990s] Level 1:colcon.colcon_core.package_identification:_identify(src) by extensions ['ignore', 'ignore_ament_install']
[1.990s] Level 1:colcon.colcon_core.package_identification:_identify(src) by extension 'ignore'
[1.990s] Level 1:colcon.colcon_core.package_identification:_identify(src) by extension 'ignore_ament_install'
[1.990s] Level 1:colcon.colcon_core.package_identification:_identify(src) by extensions ['colcon_pkg']
[1.990s] Level 1:colcon.colcon_core.package_identification:_identify(src) by extension 'colcon_pkg'
[1.990s] Level 1:colcon.colcon_core.package_identification:_identify(src) by extensions ['colcon_meta']
[1.990s] Level 1:colcon.colcon_core.package_identification:_identify(src) by extension 'colcon_meta'
[1.990s] Level 1:colcon.colcon_core.package_identification:_identify(src) by extensions ['ros']
[1.990s] Level 1:colcon.colcon_core.package_identification:_identify(src) by extension 'ros'
[1.990s] Level 1:colcon.colcon_core.package_identification:_identify(src) by extensions ['cmake', 'python']
[1.990s] Level 1:colcon.colcon_core.package_identification:_identify(src) by extension 'cmake'
[1.990s] Level 1:colcon.colcon_core.package_identification:_identify(src) by extension 'python'
[1.990s] Level 1:colcon.colcon_core.package_identification:_identify(src) by extensions ['python_setup_py']
[1.990s] Level 1:colcon.colcon_core.package_identification:_identify(src) by extension 'python_setup_py'
[1.991s] Level 1:colcon.colcon_core.package_identification:_identify(src/camera_images) by extensions ['ignore', 'ignore_ament_install']
[1.991s] Level 1:colcon.colcon_core.package_identification:_identify(src/camera_images) by extension 'ignore'
[1.991s] Level 1:colcon.colcon_core.package_identification:_identify(src/camera_images) by extension 'ignore_ament_install'
[1.991s] Level 1:colcon.colcon_core.package_identification:_identify(src/camera_images) by extensions ['colcon_pkg']
[1.991s] Level 1:colcon.colcon_core.package_identification:_identify(src/camera_images) by extension 'colcon_pkg'
[1.991s] Level 1:colcon.colcon_core.package_identification:_identify(src/camera_images) by extensions ['colcon_meta']
[1.991s] Level 1:colcon.colcon_core.package_identification:_identify(src/camera_images) by extension 'colcon_meta'
[1.991s] Level 1:colcon.colcon_core.package_identification:_identify(src/camera_images) by extensions ['ros']
[1.991s] Level 1:colcon.colcon_core.package_identification:_identify(src/camera_images) by extension 'ros'
[1.996s] DEBUG:colcon.colcon_core.package_identification:Package 'src/camera_images' with type 'ros.ament_python' and name 'camera_images'
[1.997s] Level 1:colcon.colcon_core.package_identification:_identify(src/movement) by extensions ['ignore', 'ignore_ament_install']
[1.997s] Level 1:colcon.colcon_core.package_identification:_identify(src/movement) by extension 'ignore'
[1.997s] Level 1:colcon.colcon_core.package_identification:_identify(src/movement) by extension 'ignore_ament_install'
[1.997s] Level 1:colcon.colcon_core.package_identification:_identify(src/movement) by extensions ['colcon_pkg']
[1.997s] Level 1:colcon.colcon_core.package_identification:_identify(src/movement) by extension 'colcon_pkg'
[1.997s] Level 1:colcon.colcon_core.package_identification:_identify(src/movement) by extensions ['colcon_meta']
[1.997s] Level 1:colcon.colcon_core.package_identification:_identify(src/movement) by extension 'colcon_meta'
[1.997s] Level 1:colcon.colcon_core.package_identification:_identify(src/movement) by extensions ['ros']
[1.997s] Level 1:colcon.colcon_core.package_identification:_identify(src/movement) by extension 'ros'
[1.999s] DEBUG:colcon.colcon_core.package_identification:Package 'src/movement' with type 'ros.ament_python' and name 'movement'
[1.999s] Level 1:colcon.colcon_core.package_identification:_identify(src/panel_solar) by extensions ['ignore', 'ignore_ament_install']
[1.999s] Level 1:colcon.colcon_core.package_identification:_identify(src/panel_solar) by extension 'ignore'
[1.999s] Level 1:colcon.colcon_core.package_identification:_identify(src/panel_solar) by extension 'ignore_ament_install'
[2.000s] Level 1:colcon.colcon_core.package_identification:_identify(src/panel_solar) by extensions ['colcon_pkg']
[2.000s] Level 1:colcon.colcon_core.package_identification:_identify(src/panel_solar) by extension 'colcon_pkg'
[2.000s] Level 1:colcon.colcon_core.package_identification:_identify(src/panel_solar) by extensions ['colcon_meta']
[2.000s] Level 1:colcon.colcon_core.package_identification:_identify(src/panel_solar) by extension 'colcon_meta'
[2.000s] Level 1:colcon.colcon_core.package_identification:_identify(src/panel_solar) by extensions ['ros']
[2.000s] Level 1:colcon.colcon_core.package_identification:_identify(src/panel_solar) by extension 'ros'
[2.000s] Level 1:colcon.colcon_core.package_identification:_identify(src/panel_solar) by extensions ['cmake', 'python']
[2.000s] Level 1:colcon.colcon_core.package_identification:_identify(src/panel_solar) by extension 'cmake'
[2.000s] Level 1:colcon.colcon_core.package_identification:_identify(src/panel_solar) by extension 'python'
[2.000s] Level 1:colcon.colcon_core.package_identification:_identify(src/panel_solar) by extensions ['python_setup_py']
[2.000s] Level 1:colcon.colcon_core.package_identification:_identify(src/panel_solar) by extension 'python_setup_py'
[2.000s] Level 1:colcon.colcon_core.package_identification:_identify(src/panel_solar/meshes) by extensions ['ignore', 'ignore_ament_install']
[2.000s] Level 1:colcon.colcon_core.package_identification:_identify(src/panel_solar/meshes) by extension 'ignore'
[2.000s] Level 1:colcon.colcon_core.package_identification:_identify(src/panel_solar/meshes) by extension 'ignore_ament_install'
[2.001s] Level 1:colcon.colcon_core.package_identification:_identify(src/panel_solar/meshes) by extensions ['colcon_pkg']
[2.001s] Level 1:colcon.colcon_core.package_identification:_identify(src/panel_solar/meshes) by extension 'colcon_pkg'
[2.001s] Level 1:colcon.colcon_core.package_identification:_identify(src/panel_solar/meshes) by extensions ['colcon_meta']
[2.001s] Level 1:colcon.colcon_core.package_identification:_identify(src/panel_solar/meshes) by extension 'colcon_meta'
[2.001s] Level 1:colcon.colcon_core.package_identification:_identify(src/panel_solar/meshes) by extensions ['ros']
[2.001s] Level 1:colcon.colcon_core.package_identification:_identify(src/panel_solar/meshes) by extension 'ros'
[2.001s] Level 1:colcon.colcon_core.package_identification:_identify(src/panel_solar/meshes) by extensions ['cmake', 'python']
[2.001s] Level 1:colcon.colcon_core.package_identification:_identify(src/panel_solar/meshes) by extension 'cmake'
[2.001s] Level 1:colcon.colcon_core.package_identification:_identify(src/panel_solar/meshes) by extension 'python'
[2.001s] Level 1:colcon.colcon_core.package_identification:_identify(src/panel_solar/meshes) by extensions ['python_setup_py']
[2.001s] Level 1:colcon.colcon_core.package_identification:_identify(src/panel_solar/meshes) by extension 'python_setup_py'
[2.001s] Level 1:colcon.colcon_core.package_identification:_identify(src/robot) by extensions ['ignore', 'ignore_ament_install']
[2.001s] Level 1:colcon.colcon_core.package_identification:_identify(src/robot) by extension 'ignore'
[2.001s] Level 1:colcon.colcon_core.package_identification:_identify(src/robot) by extension 'ignore_ament_install'
[2.001s] Level 1:colcon.colcon_core.package_identification:_identify(src/robot) by extensions ['colcon_pkg']
[2.001s] Level 1:colcon.colcon_core.package_identification:_identify(src/robot) by extension 'colcon_pkg'
[2.002s] Level 1:colcon.colcon_core.package_identification:_identify(src/robot) by extensions ['colcon_meta']
[2.002s] Level 1:colcon.colcon_core.package_identification:_identify(src/robot) by extension 'colcon_meta'
[2.002s] Level 1:colcon.colcon_core.package_identification:_identify(src/robot) by extensions ['ros']
[2.002s] Level 1:colcon.colcon_core.package_identification:_identify(src/robot) by extension 'ros'
[2.002s] Level 1:colcon.colcon_core.package_identification:_identify(src/robot) by extensions ['cmake', 'python']
[2.002s] Level 1:colcon.colcon_core.package_identification:_identify(src/robot) by extension 'cmake'
[2.002s] Level 1:colcon.colcon_core.package_identification:_identify(src/robot) by extension 'python'
[2.002s] Level 1:colcon.colcon_core.package_identification:_identify(src/robot) by extensions ['python_setup_py']
[2.002s] Level 1:colcon.colcon_core.package_identification:_identify(src/robot) by extension 'python_setup_py'
[2.002s] Level 1:colcon.colcon_core.package_identification:_identify(src/robot/images) by extensions ['ignore', 'ignore_ament_install']
[2.002s] Level 1:colcon.colcon_core.package_identification:_identify(src/robot/images) by extension 'ignore'
[2.002s] Level 1:colcon.colcon_core.package_identification:_identify(src/robot/images) by extension 'ignore_ament_install'
[2.002s] Level 1:colcon.colcon_core.package_identification:_identify(src/robot/images) by extensions ['colcon_pkg']
[2.002s] Level 1:colcon.colcon_core.package_identification:_identify(src/robot/images) by extension 'colcon_pkg'
[2.002s] Level 1:colcon.colcon_core.package_identification:_identify(src/robot/images) by extensions ['colcon_meta']
[2.002s] Level 1:colcon.colcon_core.package_identification:_identify(src/robot/images) by extension 'colcon_meta'
[2.003s] Level 1:colcon.colcon_core.package_identification:_identify(src/robot/images) by extensions ['ros']
[2.003s] Level 1:colcon.colcon_core.package_identification:_identify(src/robot/images) by extension 'ros'
[2.003s] Level 1:colcon.colcon_core.package_identification:_identify(src/robot/images) by extensions ['cmake', 'python']
[2.003s] Level 1:colcon.colcon_core.package_identification:_identify(src/robot/images) by extension 'cmake'
[2.003s] Level 1:colcon.colcon_core.package_identification:_identify(src/robot/images) by extension 'python'
[2.003s] Level 1:colcon.colcon_core.package_identification:_identify(src/robot/images) by extensions ['python_setup_py']
[2.003s] Level 1:colcon.colcon_core.package_identification:_identify(src/robot/images) by extension 'python_setup_py'
[2.003s] Level 1:colcon.colcon_core.package_identification:_identify(src/shapes) by extensions ['ignore', 'ignore_ament_install']
[2.003s] Level 1:colcon.colcon_core.package_identification:_identify(src/shapes) by extension 'ignore'
[2.003s] Level 1:colcon.colcon_core.package_identification:_identify(src/shapes) by extension 'ignore_ament_install'
[2.003s] Level 1:colcon.colcon_core.package_identification:_identify(src/shapes) by extensions ['colcon_pkg']
[2.003s] Level 1:colcon.colcon_core.package_identification:_identify(src/shapes) by extension 'colcon_pkg'
[2.003s] Level 1:colcon.colcon_core.package_identification:_identify(src/shapes) by extensions ['colcon_meta']
[2.003s] Level 1:colcon.colcon_core.package_identification:_identify(src/shapes) by extension 'colcon_meta'
[2.004s] Level 1:colcon.colcon_core.package_identification:_identify(src/shapes) by extensions ['ros']
[2.004s] Level 1:colcon.colcon_core.package_identification:_identify(src/shapes) by extension 'ros'
[2.004s] Level 1:colcon.colcon_core.package_identification:_identify(src/shapes) by extensions ['cmake', 'python']
[2.004s] Level 1:colcon.colcon_core.package_identification:_identify(src/shapes) by extension 'cmake'
[2.004s] Level 1:colcon.colcon_core.package_identification:_identify(src/shapes) by extension 'python'
[2.004s] Level 1:colcon.colcon_core.package_identification:_identify(src/shapes) by extensions ['python_setup_py']
[2.004s] Level 1:colcon.colcon_core.package_identification:_identify(src/shapes) by extension 'python_setup_py'
[2.004s] Level 1:colcon.colcon_core.package_identification:_identify(src/shapes/meshes) by extensions ['ignore', 'ignore_ament_install']
[2.004s] Level 1:colcon.colcon_core.package_identification:_identify(src/shapes/meshes) by extension 'ignore'
[2.004s] Level 1:colcon.colcon_core.package_identification:_identify(src/shapes/meshes) by extension 'ignore_ament_install'
[2.004s] Level 1:colcon.colcon_core.package_identification:_identify(src/shapes/meshes) by extensions ['colcon_pkg']
[2.004s] Level 1:colcon.colcon_core.package_identification:_identify(src/shapes/meshes) by extension 'colcon_pkg'
[2.005s] Level 1:colcon.colcon_core.package_identification:_identify(src/shapes/meshes) by extensions ['colcon_meta']
[2.005s] Level 1:colcon.colcon_core.package_identification:_identify(src/shapes/meshes) by extension 'colcon_meta'
[2.005s] Level 1:colcon.colcon_core.package_identification:_identify(src/shapes/meshes) by extensions ['ros']
[2.005s] Level 1:colcon.colcon_core.package_identification:_identify(src/shapes/meshes) by extension 'ros'
[2.005s] Level 1:colcon.colcon_core.package_identification:_identify(src/shapes/meshes) by extensions ['cmake', 'python']
[2.005s] Level 1:colcon.colcon_core.package_identification:_identify(src/shapes/meshes) by extension 'cmake'
[2.005s] Level 1:colcon.colcon_core.package_identification:_identify(src/shapes/meshes) by extension 'python'
[2.005s] Level 1:colcon.colcon_core.package_identification:_identify(src/shapes/meshes) by extensions ['python_setup_py']
[2.005s] Level 1:colcon.colcon_core.package_identification:_identify(src/shapes/meshes) by extension 'python_setup_py'
[2.005s] Level 1:colcon.colcon_core.package_discovery:discover_packages(recursive) using defaults
[2.005s] Level 1:colcon.colcon_core.package_discovery:discover_packages(ignore) discover
[2.005s] Level 1:colcon.colcon_core.package_discovery:discover_packages(ignore) using defaults
[2.005s] Level 1:colcon.colcon_core.package_discovery:discover_packages(path) discover
[2.005s] Level 1:colcon.colcon_core.package_discovery:discover_packages(path) using defaults
[2.170s] Level 1:colcon.colcon_core.package_discovery:discover_packages(prefix_path) check parameters
[2.170s] Level 1:colcon.colcon_core.package_discovery:discover_packages(prefix_path) discover
[2.225s] DEBUG:colcon.colcon_installed_package_information.package_discovery:Found 1 installed packages in /home/shadoroca/Documentos/Academia/ServicioSocial/Ambiente-Paneles/ambiente_panel/install
[2.273s] DEBUG:colcon.colcon_installed_package_information.package_discovery:Found 285 installed packages in /opt/ros/humble
[2.275s] Level 1:colcon.colcon_core.package_discovery:discover_packages(prefix_path) using defaults
[2.431s] Level 5:colcon.colcon_core.verb:set package 'camera_images' build argument 'cmake_args' from command line to 'None'
[2.432s] Level 5:colcon.colcon_core.verb:set package 'camera_images' build argument 'cmake_target' from command line to 'None'
[2.432s] Level 5:colcon.colcon_core.verb:set package 'camera_images' build argument 'cmake_target_skip_unavailable' from command line to 'False'
[2.432s] Level 5:colcon.colcon_core.verb:set package 'camera_images' build argument 'cmake_clean_cache' from command line to 'False'
[2.432s] Level 5:colcon.colcon_core.verb:set package 'camera_images' build argument 'cmake_clean_first' from command line to 'False'
[2.432s] Level 5:colcon.colcon_core.verb:set package 'camera_images' build argument 'cmake_force_configure' from command line to 'False'
[2.432s] Level 5:colcon.colcon_core.verb:set package 'camera_images' build argument 'ament_cmake_args' from command line to 'None'
[2.432s] Level 5:colcon.colcon_core.verb:set package 'camera_images' build argument 'catkin_cmake_args' from command line to 'None'
[2.432s] Level 5:colcon.colcon_core.verb:set package 'camera_images' build argument 'catkin_skip_building_tests' from command line to 'False'
[2.432s] DEBUG:colcon.colcon_core.verb:Building package 'camera_images' with the following arguments: {'ament_cmake_args': None, 'build_base': '/home/shadoroca/Documentos/Academia/ServicioSocial/Ambiente-Paneles/ambiente_panel/build/camera_images', 'catkin_cmake_args': None, 'catkin_skip_building_tests': False, 'cmake_args': None, 'cmake_clean_cache': False, 'cmake_clean_first': False, 'cmake_force_configure': False, 'cmake_target': None, 'cmake_target_skip_unavailable': False, 'install_base': '/home/shadoroca/Documentos/Academia/ServicioSocial/Ambiente-Paneles/ambiente_panel/install/camera_images', 'merge_install': False, 'path': '/home/shadoroca/Documentos/Academia/ServicioSocial/Ambiente-Paneles/ambiente_panel/src/camera_images', 'symlink_install': False, 'test_result_base': None}
[2.458s] Level 5:colcon.colcon_core.verb:set package 'movement' build argument 'cmake_args' from command line to 'None'
[2.458s] Level 5:colcon.colcon_core.verb:set package 'movement' build argument 'cmake_target' from command line to 'None'
[2.458s] Level 5:colcon.colcon_core.verb:set package 'movement' build argument 'cmake_target_skip_unavailable' from command line to 'False'
[2.458s] Level 5:colcon.colcon_core.verb:set package 'movement' build argument 'cmake_clean_cache' from command line to 'False'
[2.459s] Level 5:colcon.colcon_core.verb:set package 'movement' build argument 'cmake_clean_first' from command line to 'False'
[2.459s] Level 5:colcon.colcon_core.verb:set package 'movement' build argument 'cmake_force_configure' from command line to 'False'
[2.459s] Level 5:colcon.colcon_core.verb:set package 'movement' build argument 'ament_cmake_args' from command line to 'None'
[2.459s] Level 5:colcon.colcon_core.verb:set package 'movement' build argument 'catkin_cmake_args' from command line to 'None'
[2.459s] Level 5:colcon.colcon_core.verb:set package 'movement' build argument 'catkin_skip_building_tests' from command line to 'False'
[2.459s] DEBUG:colcon.colcon_core.verb:Building package 'movement' with the following arguments: {'ament_cmake_args': None, 'build_base': '/home/shadoroca/Documentos/Academia/ServicioSocial/Ambiente-Paneles/ambiente_panel/build/movement', 'catkin_cmake_args': None, 'catkin_skip_building_tests': False, 'cmake_args': None, 'cmake_clean_cache': False, 'cmake_clean_first': False, 'cmake_force_configure': False, 'cmake_target': None, 'cmake_target_skip_unavailable': False, 'install_base': '/home/shadoroca/Documentos/Academia/ServicioSocial/Ambiente-Paneles/ambiente_panel/install/movement', 'merge_install': False, 'path': '/home/shadoroca/Documentos/Academia/ServicioSocial/Ambiente-Paneles/ambiente_panel/src/movement', 'symlink_install': False, 'test_result_base': None}
[2.490s] INFO:colcon.colcon_core.executor:Executing jobs using 'parallel' executor
[2.519s] DEBUG:colcon.colcon_parallel_executor.executor.parallel:run_until_complete
[2.519s] INFO:colcon.colcon_ros.task.ament_python.build:Building ROS package in '/home/shadoroca/Documentos/Academia/ServicioSocial/Ambiente-Paneles/ambiente_panel/src/camera_images' with build type 'ament_python'
[2.520s] Level 1:colcon.colcon_core.shell:create_environment_hook('camera_images', 'ament_prefix_path')
[2.551s] INFO:colcon.colcon_core.plugin_system:Skipping extension 'colcon_core.shell.bat': Not used on non-Windows systems
[2.551s] INFO:colcon.colcon_core.shell:Creating environment hook '/home/shadoroca/Documentos/Academia/ServicioSocial/Ambiente-Paneles/ambiente_panel/install/camera_images/share/camera_images/hook/ament_prefix_path.ps1'
[2.552s] INFO:colcon.colcon_core.shell:Creating environment descriptor '/home/shadoroca/Documentos/Academia/ServicioSocial/Ambiente-Paneles/ambiente_panel/install/camera_images/share/camera_images/hook/ament_prefix_path.dsv'
[2.552s] INFO:colcon.colcon_core.shell:Creating environment hook '/home/shadoroca/Documentos/Academia/ServicioSocial/Ambiente-Paneles/ambiente_panel/install/camera_images/share/camera_images/hook/ament_prefix_path.sh'
[2.581s] INFO:colcon.colcon_core.shell:Skip shell extension 'powershell' for command environment: Not usable outside of PowerShell
[2.581s] DEBUG:colcon.colcon_core.shell:Skip shell extension 'dsv' for command environment
[2.668s] INFO:colcon.colcon_ros.task.ament_python.build:Building ROS package in '/home/shadoroca/Documentos/Academia/ServicioSocial/Ambiente-Paneles/ambiente_panel/src/movement' with build type 'ament_python'
[2.668s] Level 1:colcon.colcon_core.shell:create_environment_hook('movement', 'ament_prefix_path')
[2.696s] INFO:colcon.colcon_core.shell:Creating environment hook '/home/shadoroca/Documentos/Academia/ServicioSocial/Ambiente-Paneles/ambiente_panel/install/movement/share/movement/hook/ament_prefix_path.ps1'
[2.697s] INFO:colcon.colcon_core.shell:Creating environment descriptor '/home/shadoroca/Documentos/Academia/ServicioSocial/Ambiente-Paneles/ambiente_panel/install/movement/share/movement/hook/ament_prefix_path.dsv'
[2.697s] INFO:colcon.colcon_core.shell:Creating environment hook '/home/shadoroca/Documentos/Academia/ServicioSocial/Ambiente-Paneles/ambiente_panel/install/movement/share/movement/hook/ament_prefix_path.sh'
[2.724s] INFO:colcon.colcon_core.shell:Skip shell extension 'powershell' for command environment: Not usable outside of PowerShell
[2.724s] DEBUG:colcon.colcon_core.shell:Skip shell extension 'dsv' for command environment
[3.272s] INFO:colcon.colcon_core.task.python.build:Building Python package in '/home/shadoroca/Documentos/Academia/ServicioSocial/Ambiente-Paneles/ambiente_panel/src/camera_images'
[3.302s] INFO:colcon.colcon_core.shell:Skip shell extension 'powershell' for command environment: Not usable outside of PowerShell
[3.302s] DEBUG:colcon.colcon_core.shell:Skip shell extension 'dsv' for command environment
[3.885s] INFO:colcon.colcon_core.task.python.build:Building Python package in '/home/shadoroca/Documentos/Academia/ServicioSocial/Ambiente-Paneles/ambiente_panel/src/movement'
[3.919s] INFO:colcon.colcon_core.shell:Skip shell extension 'powershell' for command environment: Not usable outside of PowerShell
[3.919s] DEBUG:colcon.colcon_core.shell:Skip shell extension 'dsv' for command environment
[4.656s] DEBUG:colcon.colcon_core.event_handler.log_command:Invoking command in '/home/shadoroca/Documentos/Academia/ServicioSocial/Ambiente-Paneles/ambiente_panel/src/camera_images': PYTHONPATH=/home/shadoroca/Documentos/Academia/ServicioSocial/Ambiente-Paneles/ambiente_panel/build/camera_images/prefix_override:/home/shadoroca/Documentos/Academia/ServicioSocial/Ambiente-Paneles/ambiente_panel/install/camera_images/lib/python3.10/site-packages:${PYTHONPATH} /usr/bin/python3 setup.py egg_info --egg-base ../../build/camera_images build --build-base /home/shadoroca/Documentos/Academia/ServicioSocial/Ambiente-Paneles/ambiente_panel/build/camera_images/build install --record /home/shadoroca/Documentos/Academia/ServicioSocial/Ambiente-Paneles/ambiente_panel/build/camera_images/install.log --single-version-externally-managed
[4.663s] DEBUG:colcon.colcon_core.event_handler.log_command:Invoking command in '/home/shadoroca/Documentos/Academia/ServicioSocial/Ambiente-Paneles/ambiente_panel/src/movement': PYTHONPATH=/home/shadoroca/Documentos/Academia/ServicioSocial/Ambiente-Paneles/ambiente_panel/build/movement/prefix_override:/home/shadoroca/Documentos/Academia/ServicioSocial/Ambiente-Paneles/ambiente_panel/install/movement/lib/python3.10/site-packages:${PYTHONPATH} /usr/bin/python3 setup.py egg_info --egg-base ../../build/movement build --build-base /home/shadoroca/Documentos/Academia/ServicioSocial/Ambiente-Paneles/ambiente_panel/build/movement/build install --record /home/shadoroca/Documentos/Academia/ServicioSocial/Ambiente-Paneles/ambiente_panel/build/movement/install.log --single-version-externally-managed
[5.367s] DEBUG:colcon.colcon_core.event_handler.log_command:Invoked command in '/home/shadoroca/Documentos/Academia/ServicioSocial/Ambiente-Paneles/ambiente_panel/src/movement' returned '0': PYTHONPATH=/home/shadoroca/Documentos/Academia/ServicioSocial/Ambiente-Paneles/ambiente_panel/build/movement/prefix_override:/home/shadoroca/Documentos/Academia/ServicioSocial/Ambiente-Paneles/ambiente_panel/install/movement/lib/python3.10/site-packages:${PYTHONPATH} /usr/bin/python3 setup.py egg_info --egg-base ../../build/movement build --build-base /home/shadoroca/Documentos/Academia/ServicioSocial/Ambiente-Paneles/ambiente_panel/build/movement/build install --record /home/shadoroca/Documentos/Academia/ServicioSocial/Ambiente-Paneles/ambiente_panel/build/movement/install.log --single-version-externally-managed
[5.405s] Level 1:colcon.colcon_core.environment:checking '/home/shadoroca/Documentos/Academia/ServicioSocial/Ambiente-Paneles/ambiente_panel/install/movement' for CMake module files
[5.406s] Level 1:colcon.colcon_core.environment:checking '/home/shadoroca/Documentos/Academia/ServicioSocial/Ambiente-Paneles/ambiente_panel/install/movement' for CMake config files
[5.408s] Level 1:colcon.colcon_core.environment:checking '/home/shadoroca/Documentos/Academia/ServicioSocial/Ambiente-Paneles/ambiente_panel/install/movement/lib'
[5.408s] Level 1:colcon.colcon_core.environment:checking '/home/shadoroca/Documentos/Academia/ServicioSocial/Ambiente-Paneles/ambiente_panel/install/movement/bin'
[5.408s] Level 1:colcon.colcon_core.environment:checking '/home/shadoroca/Documentos/Academia/ServicioSocial/Ambiente-Paneles/ambiente_panel/install/movement/lib/pkgconfig/movement.pc'
[5.409s] Level 1:colcon.colcon_core.environment:checking '/home/shadoroca/Documentos/Academia/ServicioSocial/Ambiente-Paneles/ambiente_panel/install/movement/lib/python3.10/site-packages'
[5.409s] Level 1:colcon.colcon_core.shell:create_environment_hook('movement', 'pythonpath')
[5.440s] INFO:colcon.colcon_core.shell:Creating environment hook '/home/shadoroca/Documentos/Academia/ServicioSocial/Ambiente-Paneles/ambiente_panel/install/movement/share/movement/hook/pythonpath.ps1'
[5.441s] INFO:colcon.colcon_core.shell:Creating environment descriptor '/home/shadoroca/Documentos/Academia/ServicioSocial/Ambiente-Paneles/ambiente_panel/install/movement/share/movement/hook/pythonpath.dsv'
[5.442s] INFO:colcon.colcon_core.shell:Creating environment hook '/home/shadoroca/Documentos/Academia/ServicioSocial/Ambiente-Paneles/ambiente_panel/install/movement/share/movement/hook/pythonpath.sh'
[5.442s] Level 1:colcon.colcon_core.environment:checking '/home/shadoroca/Documentos/Academia/ServicioSocial/Ambiente-Paneles/ambiente_panel/install/movement/bin'
[5.443s] Level 1:colcon.colcon_core.environment:create_environment_scripts_only(movement)
[5.470s] INFO:colcon.colcon_core.shell:Creating package script '/home/shadoroca/Documentos/Academia/ServicioSocial/Ambiente-Paneles/ambiente_panel/install/movement/share/movement/package.ps1'
[5.472s] INFO:colcon.colcon_core.shell:Creating package descriptor '/home/shadoroca/Documentos/Academia/ServicioSocial/Ambiente-Paneles/ambiente_panel/install/movement/share/movement/package.dsv'
[5.473s] INFO:colcon.colcon_core.shell:Creating package script '/home/shadoroca/Documentos/Academia/ServicioSocial/Ambiente-Paneles/ambiente_panel/install/movement/share/movement/package.sh'
[5.475s] INFO:colcon.colcon_core.shell:Creating package script '/home/shadoroca/Documentos/Academia/ServicioSocial/Ambiente-Paneles/ambiente_panel/install/movement/share/movement/package.bash'
[5.476s] INFO:colcon.colcon_core.shell:Creating package script '/home/shadoroca/Documentos/Academia/ServicioSocial/Ambiente-Paneles/ambiente_panel/install/movement/share/movement/package.zsh'
[5.477s] Level 1:colcon.colcon_core.environment:create_file_with_runtime_dependencies(/home/shadoroca/Documentos/Academia/ServicioSocial/Ambiente-Paneles/ambiente_panel/install/movement/share/colcon-core/packages/movement)
[5.480s] DEBUG:colcon.colcon_core.event_handler.log_command:Invoked command in '/home/shadoroca/Documentos/Academia/ServicioSocial/Ambiente-Paneles/ambiente_panel/src/camera_images' returned '0': PYTHONPATH=/home/shadoroca/Documentos/Academia/ServicioSocial/Ambiente-Paneles/ambiente_panel/build/camera_images/prefix_override:/home/shadoroca/Documentos/Academia/ServicioSocial/Ambiente-Paneles/ambiente_panel/install/camera_images/lib/python3.10/site-packages:${PYTHONPATH} /usr/bin/python3 setup.py egg_info --egg-base ../../build/camera_images build --build-base /home/shadoroca/Documentos/Academia/ServicioSocial/Ambiente-Paneles/ambiente_panel/build/camera_images/build install --record /home/shadoroca/Documentos/Academia/ServicioSocial/Ambiente-Paneles/ambiente_panel/build/camera_images/install.log --single-version-externally-managed
[5.508s] Level 1:colcon.colcon_core.environment:checking '/home/shadoroca/Documentos/Academia/ServicioSocial/Ambiente-Paneles/ambiente_panel/install/camera_images' for CMake module files
[5.509s] Level 1:colcon.colcon_core.environment:checking '/home/shadoroca/Documentos/Academia/ServicioSocial/Ambiente-Paneles/ambiente_panel/install/camera_images' for CMake config files
[5.509s] Level 1:colcon.colcon_core.environment:checking '/home/shadoroca/Documentos/Academia/ServicioSocial/Ambiente-Paneles/ambiente_panel/install/camera_images/lib'
[5.510s] Level 1:colcon.colcon_core.environment:checking '/home/shadoroca/Documentos/Academia/ServicioSocial/Ambiente-Paneles/ambiente_panel/install/camera_images/bin'
[5.510s] Level 1:colcon.colcon_core.environment:checking '/home/shadoroca/Documentos/Academia/ServicioSocial/Ambiente-Paneles/ambiente_panel/install/camera_images/lib/pkgconfig/camera_images.pc'
[5.510s] Level 1:colcon.colcon_core.environment:checking '/home/shadoroca/Documentos/Academia/ServicioSocial/Ambiente-Paneles/ambiente_panel/install/camera_images/lib/python3.10/site-packages'
[5.510s] Level 1:colcon.colcon_core.shell:create_environment_hook('camera_images', 'pythonpath')
[5.537s] INFO:colcon.colcon_core.shell:Creating environment hook '/home/shadoroca/Documentos/Academia/ServicioSocial/Ambiente-Paneles/ambiente_panel/install/camera_images/share/camera_images/hook/pythonpath.ps1'
[5.537s] INFO:colcon.colcon_core.shell:Creating environment descriptor '/home/shadoroca/Documentos/Academia/ServicioSocial/Ambiente-Paneles/ambiente_panel/install/camera_images/share/camera_images/hook/pythonpath.dsv'
[5.537s] INFO:colcon.colcon_core.shell:Creating environment hook '/home/shadoroca/Documentos/Academia/ServicioSocial/Ambiente-Paneles/ambiente_panel/install/camera_images/share/camera_images/hook/pythonpath.sh'
[5.538s] Level 1:colcon.colcon_core.environment:checking '/home/shadoroca/Documentos/Academia/ServicioSocial/Ambiente-Paneles/ambiente_panel/install/camera_images/bin'
[5.538s] Level 1:colcon.colcon_core.environment:create_environment_scripts_only(camera_images)
[5.568s] INFO:colcon.colcon_core.shell:Creating package script '/home/shadoroca/Documentos/Academia/ServicioSocial/Ambiente-Paneles/ambiente_panel/install/camera_images/share/camera_images/package.ps1'
[5.569s] INFO:colcon.colcon_core.shell:Creating package descriptor '/home/shadoroca/Documentos/Academia/ServicioSocial/Ambiente-Paneles/ambiente_panel/install/camera_images/share/camera_images/package.dsv'
[5.569s] INFO:colcon.colcon_core.shell:Creating package script '/home/shadoroca/Documentos/Academia/ServicioSocial/Ambiente-Paneles/ambiente_panel/install/camera_images/share/camera_images/package.sh'
[5.570s] INFO:colcon.colcon_core.shell:Creating package script '/home/shadoroca/Documentos/Academia/ServicioSocial/Ambiente-Paneles/ambiente_panel/install/camera_images/share/camera_images/package.bash'
[5.570s] INFO:colcon.colcon_core.shell:Creating package script '/home/shadoroca/Documentos/Academia/ServicioSocial/Ambiente-Paneles/ambiente_panel/install/camera_images/share/camera_images/package.zsh'
[5.570s] Level 1:colcon.colcon_core.environment:create_file_with_runtime_dependencies(/home/shadoroca/Documentos/Academia/ServicioSocial/Ambiente-Paneles/ambiente_panel/install/camera_images/share/colcon-core/packages/camera_images)
[5.571s] DEBUG:colcon.colcon_parallel_executor.executor.parallel:closing loop
[5.571s] DEBUG:colcon.colcon_parallel_executor.executor.parallel:loop closed
[5.571s] DEBUG:colcon.colcon_parallel_executor.executor.parallel:run_until_complete finished with '0'
[5.571s] DEBUG:colcon.colcon_core.event_reactor:joining thread
[5.611s] INFO:colcon.colcon_core.plugin_system:Skipping extension 'colcon_notification.desktop_notification.terminal_notifier': Not used on non-Darwin systems
[5.611s] INFO:colcon.colcon_core.plugin_system:Skipping extension 'colcon_notification.desktop_notification.win32': Not used on non-Windows systems
[5.611s] INFO:colcon.colcon_notification.desktop_notification:Sending desktop notification using 'notify2'
[5.634s] DEBUG:colcon.colcon_core.event_reactor:joined thread
[5.670s] INFO:colcon.colcon_core.shell:Creating prefix script '/home/shadoroca/Documentos/Academia/ServicioSocial/Ambiente-Paneles/ambiente_panel/install/local_setup.ps1'
[5.672s] INFO:colcon.colcon_core.shell:Creating prefix util module '/home/shadoroca/Documentos/Academia/ServicioSocial/Ambiente-Paneles/ambiente_panel/install/_local_setup_util_ps1.py'
[5.675s] INFO:colcon.colcon_core.shell:Creating prefix chain script '/home/shadoroca/Documentos/Academia/ServicioSocial/Ambiente-Paneles/ambiente_panel/install/setup.ps1'
[5.714s] INFO:colcon.colcon_core.shell:Creating prefix script '/home/shadoroca/Documentos/Academia/ServicioSocial/Ambiente-Paneles/ambiente_panel/install/local_setup.sh'
[5.715s] INFO:colcon.colcon_core.shell:Creating prefix util module '/home/shadoroca/Documentos/Academia/ServicioSocial/Ambiente-Paneles/ambiente_panel/install/_local_setup_util_sh.py'
[5.716s] INFO:colcon.colcon_core.shell:Creating prefix chain script '/home/shadoroca/Documentos/Academia/ServicioSocial/Ambiente-Paneles/ambiente_panel/install/setup.sh'
[5.746s] INFO:colcon.colcon_core.shell:Creating prefix script '/home/shadoroca/Documentos/Academia/ServicioSocial/Ambiente-Paneles/ambiente_panel/install/local_setup.bash'
[5.746s] INFO:colcon.colcon_core.shell:Creating prefix chain script '/home/shadoroca/Documentos/Academia/ServicioSocial/Ambiente-Paneles/ambiente_panel/install/setup.bash'
[5.774s] INFO:colcon.colcon_core.shell:Creating prefix script '/home/shadoroca/Documentos/Academia/ServicioSocial/Ambiente-Paneles/ambiente_panel/install/local_setup.zsh'
[5.775s] INFO:colcon.colcon_core.shell:Creating prefix chain script '/home/shadoroca/Documentos/Academia/ServicioSocial/Ambiente-Paneles/ambiente_panel/install/setup.zsh'
