-- The C compiler identification is GNU 11.3.0
-- The CXX compiler identification is GNU 11.3.0
-- Detecting C compiler ABI info
-- Detecting C compiler ABI info - done
-- Check for working C compiler: /usr/bin/cc - skipped
-- Detecting C compile features
-- Detecting C compile features - done
-- Detecting CXX compiler ABI info
-- Detecting CXX compiler ABI info - done
-- Check for working CXX compiler: /usr/bin/c++ - skipped
-- Detecting CXX compile features
-- Detecting CXX compile features - done
-- Found ament_cmake: 1.3.5 (/opt/ros/humble/share/ament_cmake/cmake)
-- Found Python3: /usr/bin/python3.10 (found version "3.10.6") found components: Interpreter 
-- Found ament_lint_auto: 0.12.6 (/opt/ros/humble/share/ament_lint_auto/cmake)
-- Added test 'copyright' to check source files copyright and LICENSE
-- Added test 'lint_cmake' to check CMake code style
-- Added test 'xmllint' to check XML markup files
-- Configuring done
-- Generating done
-- Build files have been written to: /home/shadoroca/Documentos/Academia/ServicioSocial/ros2_ws/build/ros_gz
-- Install configuration: ""
-- Installing: /home/shadoroca/Documentos/Academia/ServicioSocial/ros2_ws/install/ros_gz/share/ament_index/resource_index/package_run_dependencies/ros_gz
-- Installing: /home/shadoroca/Documentos/Academia/ServicioSocial/ros2_ws/install/ros_gz/share/ament_index/resource_index/parent_prefix_path/ros_gz
-- Installing: /home/shadoroca/Documentos/Academia/ServicioSocial/ros2_ws/install/ros_gz/share/ros_gz/environment/ament_prefix_path.sh
-- Installing: /home/shadoroca/Documentos/Academia/ServicioSocial/ros2_ws/install/ros_gz/share/ros_gz/environment/ament_prefix_path.dsv
-- Installing: /home/shadoroca/Documentos/Academia/ServicioSocial/ros2_ws/install/ros_gz/share/ros_gz/environment/path.sh
-- Installing: /home/shadoroca/Documentos/Academia/ServicioSocial/ros2_ws/install/ros_gz/share/ros_gz/environment/path.dsv
-- Installing: /home/shadoroca/Documentos/Academia/ServicioSocial/ros2_ws/install/ros_gz/share/ros_gz/local_setup.bash
-- Installing: /home/shadoroca/Documentos/Academia/ServicioSocial/ros2_ws/install/ros_gz/share/ros_gz/local_setup.sh
-- Installing: /home/shadoroca/Documentos/Academia/ServicioSocial/ros2_ws/install/ros_gz/share/ros_gz/local_setup.zsh
-- Installing: /home/shadoroca/Documentos/Academia/ServicioSocial/ros2_ws/install/ros_gz/share/ros_gz/local_setup.dsv
-- Installing: /home/shadoroca/Documentos/Academia/ServicioSocial/ros2_ws/install/ros_gz/share/ros_gz/package.dsv
-- Installing: /home/shadoroca/Documentos/Academia/ServicioSocial/ros2_ws/install/ros_gz/share/ament_index/resource_index/packages/ros_gz
-- Installing: /home/shadoroca/Documentos/Academia/ServicioSocial/ros2_ws/install/ros_gz/share/ros_gz/cmake/ros_gzConfig.cmake
-- Installing: /home/shadoroca/Documentos/Academia/ServicioSocial/ros2_ws/install/ros_gz/share/ros_gz/cmake/ros_gzConfig-version.cmake
-- Installing: /home/shadoroca/Documentos/Academia/ServicioSocial/ros2_ws/install/ros_gz/share/ros_gz/package.xml
