[0.017s] Invoking command in '/home/shadoroca/Documentos/Academia/ServicioSocial/ros2_ws/build/ros_gz': AMENT_PREFIX_PATH=/home/shadoroca/Documentos/Academia/ServicioSocial/ros2_ws/install/ros_gz_sim_demos:/home/shadoroca/Documentos/Academia/ServicioSocial/ros2_ws/install/ros_gz_image:/home/shadoroca/Documentos/Academia/ServicioSocial/ros2_ws/install/ros_gz_bridge:/home/shadoroca/Documentos/Academia/ServicioSocial/ros2_ws/install/ros_gz_sim:/home/shadoroca/Documentos/Academia/ServicioSocial/ros2_ws/install/ros_gz_interfaces:${AMENT_PREFIX_PATH} CMAKE_PREFIX_PATH=/home/shadoroca/Documentos/Academia/ServicioSocial/ros2_ws/install/ros_gz_sim_demos:/home/shadoroca/Documentos/Academia/ServicioSocial/ros2_ws/install/ros_gz_image:/home/shadoroca/Documentos/Academia/ServicioSocial/ros2_ws/install/ros_gz_bridge:/home/shadoroca/Documentos/Academia/ServicioSocial/ros2_ws/install/ros_gz_sim:/home/shadoroca/Documentos/Academia/ServicioSocial/ros2_ws/install/ros_gz_interfaces:/opt/ros/humble LD_LIBRARY_PATH=/home/shadoroca/Documentos/Academia/ServicioSocial/ros2_ws/install/ros_gz_bridge/lib:/home/shadoroca/Documentos/Academia/ServicioSocial/ros2_ws/install/ros_gz_sim/lib:/home/shadoroca/Documentos/Academia/ServicioSocial/ros2_ws/install/ros_gz_interfaces/lib:${LD_LIBRARY_PATH} PYTHONPATH=/home/shadoroca/Documentos/Academia/ServicioSocial/ros2_ws/install/ros_gz_interfaces/local/lib/python3.10/dist-packages:${PYTHONPATH} /usr/bin/cmake /home/shadoroca/Documentos/Academia/ServicioSocial/ros2_ws/src/ros_gz/ros_gz -DCMAKE_INSTALL_PREFIX=/home/shadoroca/Documentos/Academia/ServicioSocial/ros2_ws/install/ros_gz
[0.085s] -- The C compiler identification is GNU 11.3.0
[0.164s] -- The CXX compiler identification is GNU 11.3.0
[0.175s] -- Detecting C compiler ABI info
[0.267s] -- Detecting C compiler ABI info - done
[0.281s] -- Check for working C compiler: /usr/bin/cc - skipped
[0.281s] -- Detecting C compile features
[0.282s] -- Detecting C compile features - done
[0.286s] -- Detecting CXX compiler ABI info
[0.369s] -- Detecting CXX compiler ABI info - done
[0.377s] -- Check for working CXX compiler: /usr/bin/c++ - skipped
[0.378s] -- Detecting CXX compile features
[0.378s] -- Detecting CXX compile features - done
[0.381s] -- Found ament_cmake: 1.3.5 (/opt/ros/humble/share/ament_cmake/cmake)
[0.546s] -- Found Python3: /usr/bin/python3.10 (found version "3.10.6") found components: Interpreter 
[0.638s] -- Found ament_lint_auto: 0.12.6 (/opt/ros/humble/share/ament_lint_auto/cmake)
[0.732s] -- Added test 'copyright' to check source files copyright and LICENSE
[0.735s] -- Added test 'lint_cmake' to check CMake code style
[0.736s] -- Added test 'xmllint' to check XML markup files
[0.738s] -- Configuring done
[0.744s] -- Generating done
[0.744s] -- Build files have been written to: /home/shadoroca/Documentos/Academia/ServicioSocial/ros2_ws/build/ros_gz
[0.750s] Invoked command in '/home/shadoroca/Documentos/Academia/ServicioSocial/ros2_ws/build/ros_gz' returned '0': AMENT_PREFIX_PATH=/home/shadoroca/Documentos/Academia/ServicioSocial/ros2_ws/install/ros_gz_sim_demos:/home/shadoroca/Documentos/Academia/ServicioSocial/ros2_ws/install/ros_gz_image:/home/shadoroca/Documentos/Academia/ServicioSocial/ros2_ws/install/ros_gz_bridge:/home/shadoroca/Documentos/Academia/ServicioSocial/ros2_ws/install/ros_gz_sim:/home/shadoroca/Documentos/Academia/ServicioSocial/ros2_ws/install/ros_gz_interfaces:${AMENT_PREFIX_PATH} CMAKE_PREFIX_PATH=/home/shadoroca/Documentos/Academia/ServicioSocial/ros2_ws/install/ros_gz_sim_demos:/home/shadoroca/Documentos/Academia/ServicioSocial/ros2_ws/install/ros_gz_image:/home/shadoroca/Documentos/Academia/ServicioSocial/ros2_ws/install/ros_gz_bridge:/home/shadoroca/Documentos/Academia/ServicioSocial/ros2_ws/install/ros_gz_sim:/home/shadoroca/Documentos/Academia/ServicioSocial/ros2_ws/install/ros_gz_interfaces:/opt/ros/humble LD_LIBRARY_PATH=/home/shadoroca/Documentos/Academia/ServicioSocial/ros2_ws/install/ros_gz_bridge/lib:/home/shadoroca/Documentos/Academia/ServicioSocial/ros2_ws/install/ros_gz_sim/lib:/home/shadoroca/Documentos/Academia/ServicioSocial/ros2_ws/install/ros_gz_interfaces/lib:${LD_LIBRARY_PATH} PYTHONPATH=/home/shadoroca/Documentos/Academia/ServicioSocial/ros2_ws/install/ros_gz_interfaces/local/lib/python3.10/dist-packages:${PYTHONPATH} /usr/bin/cmake /home/shadoroca/Documentos/Academia/ServicioSocial/ros2_ws/src/ros_gz/ros_gz -DCMAKE_INSTALL_PREFIX=/home/shadoroca/Documentos/Academia/ServicioSocial/ros2_ws/install/ros_gz
[0.751s] Invoking command in '/home/shadoroca/Documentos/Academia/ServicioSocial/ros2_ws/build/ros_gz': AMENT_PREFIX_PATH=/home/shadoroca/Documentos/Academia/ServicioSocial/ros2_ws/install/ros_gz_sim_demos:/home/shadoroca/Documentos/Academia/ServicioSocial/ros2_ws/install/ros_gz_image:/home/shadoroca/Documentos/Academia/ServicioSocial/ros2_ws/install/ros_gz_bridge:/home/shadoroca/Documentos/Academia/ServicioSocial/ros2_ws/install/ros_gz_sim:/home/shadoroca/Documentos/Academia/ServicioSocial/ros2_ws/install/ros_gz_interfaces:${AMENT_PREFIX_PATH} CMAKE_PREFIX_PATH=/home/shadoroca/Documentos/Academia/ServicioSocial/ros2_ws/install/ros_gz_sim_demos:/home/shadoroca/Documentos/Academia/ServicioSocial/ros2_ws/install/ros_gz_image:/home/shadoroca/Documentos/Academia/ServicioSocial/ros2_ws/install/ros_gz_bridge:/home/shadoroca/Documentos/Academia/ServicioSocial/ros2_ws/install/ros_gz_sim:/home/shadoroca/Documentos/Academia/ServicioSocial/ros2_ws/install/ros_gz_interfaces:/opt/ros/humble LD_LIBRARY_PATH=/home/shadoroca/Documentos/Academia/ServicioSocial/ros2_ws/install/ros_gz_bridge/lib:/home/shadoroca/Documentos/Academia/ServicioSocial/ros2_ws/install/ros_gz_sim/lib:/home/shadoroca/Documentos/Academia/ServicioSocial/ros2_ws/install/ros_gz_interfaces/lib:${LD_LIBRARY_PATH} PYTHONPATH=/home/shadoroca/Documentos/Academia/ServicioSocial/ros2_ws/install/ros_gz_interfaces/local/lib/python3.10/dist-packages:${PYTHONPATH} /usr/bin/cmake --build /home/shadoroca/Documentos/Academia/ServicioSocial/ros2_ws/build/ros_gz -- -j8 -l8
[0.792s] Invoked command in '/home/shadoroca/Documentos/Academia/ServicioSocial/ros2_ws/build/ros_gz' returned '0': AMENT_PREFIX_PATH=/home/shadoroca/Documentos/Academia/ServicioSocial/ros2_ws/install/ros_gz_sim_demos:/home/shadoroca/Documentos/Academia/ServicioSocial/ros2_ws/install/ros_gz_image:/home/shadoroca/Documentos/Academia/ServicioSocial/ros2_ws/install/ros_gz_bridge:/home/shadoroca/Documentos/Academia/ServicioSocial/ros2_ws/install/ros_gz_sim:/home/shadoroca/Documentos/Academia/ServicioSocial/ros2_ws/install/ros_gz_interfaces:${AMENT_PREFIX_PATH} CMAKE_PREFIX_PATH=/home/shadoroca/Documentos/Academia/ServicioSocial/ros2_ws/install/ros_gz_sim_demos:/home/shadoroca/Documentos/Academia/ServicioSocial/ros2_ws/install/ros_gz_image:/home/shadoroca/Documentos/Academia/ServicioSocial/ros2_ws/install/ros_gz_bridge:/home/shadoroca/Documentos/Academia/ServicioSocial/ros2_ws/install/ros_gz_sim:/home/shadoroca/Documentos/Academia/ServicioSocial/ros2_ws/install/ros_gz_interfaces:/opt/ros/humble LD_LIBRARY_PATH=/home/shadoroca/Documentos/Academia/ServicioSocial/ros2_ws/install/ros_gz_bridge/lib:/home/shadoroca/Documentos/Academia/ServicioSocial/ros2_ws/install/ros_gz_sim/lib:/home/shadoroca/Documentos/Academia/ServicioSocial/ros2_ws/install/ros_gz_interfaces/lib:${LD_LIBRARY_PATH} PYTHONPATH=/home/shadoroca/Documentos/Academia/ServicioSocial/ros2_ws/install/ros_gz_interfaces/local/lib/python3.10/dist-packages:${PYTHONPATH} /usr/bin/cmake --build /home/shadoroca/Documentos/Academia/ServicioSocial/ros2_ws/build/ros_gz -- -j8 -l8
[0.814s] Invoking command in '/home/shadoroca/Documentos/Academia/ServicioSocial/ros2_ws/build/ros_gz': AMENT_PREFIX_PATH=/home/shadoroca/Documentos/Academia/ServicioSocial/ros2_ws/install/ros_gz_sim_demos:/home/shadoroca/Documentos/Academia/ServicioSocial/ros2_ws/install/ros_gz_image:/home/shadoroca/Documentos/Academia/ServicioSocial/ros2_ws/install/ros_gz_bridge:/home/shadoroca/Documentos/Academia/ServicioSocial/ros2_ws/install/ros_gz_sim:/home/shadoroca/Documentos/Academia/ServicioSocial/ros2_ws/install/ros_gz_interfaces:${AMENT_PREFIX_PATH} CMAKE_PREFIX_PATH=/home/shadoroca/Documentos/Academia/ServicioSocial/ros2_ws/install/ros_gz_sim_demos:/home/shadoroca/Documentos/Academia/ServicioSocial/ros2_ws/install/ros_gz_image:/home/shadoroca/Documentos/Academia/ServicioSocial/ros2_ws/install/ros_gz_bridge:/home/shadoroca/Documentos/Academia/ServicioSocial/ros2_ws/install/ros_gz_sim:/home/shadoroca/Documentos/Academia/ServicioSocial/ros2_ws/install/ros_gz_interfaces:/opt/ros/humble LD_LIBRARY_PATH=/home/shadoroca/Documentos/Academia/ServicioSocial/ros2_ws/install/ros_gz_bridge/lib:/home/shadoroca/Documentos/Academia/ServicioSocial/ros2_ws/install/ros_gz_sim/lib:/home/shadoroca/Documentos/Academia/ServicioSocial/ros2_ws/install/ros_gz_interfaces/lib:${LD_LIBRARY_PATH} PYTHONPATH=/home/shadoroca/Documentos/Academia/ServicioSocial/ros2_ws/install/ros_gz_interfaces/local/lib/python3.10/dist-packages:${PYTHONPATH} /usr/bin/cmake --install /home/shadoroca/Documentos/Academia/ServicioSocial/ros2_ws/build/ros_gz
[0.823s] -- Install configuration: ""
[0.823s] -- Installing: /home/shadoroca/Documentos/Academia/ServicioSocial/ros2_ws/install/ros_gz/share/ament_index/resource_index/package_run_dependencies/ros_gz
[0.823s] -- Installing: /home/shadoroca/Documentos/Academia/ServicioSocial/ros2_ws/install/ros_gz/share/ament_index/resource_index/parent_prefix_path/ros_gz
[0.823s] -- Installing: /home/shadoroca/Documentos/Academia/ServicioSocial/ros2_ws/install/ros_gz/share/ros_gz/environment/ament_prefix_path.sh
[0.824s] -- Installing: /home/shadoroca/Documentos/Academia/ServicioSocial/ros2_ws/install/ros_gz/share/ros_gz/environment/ament_prefix_path.dsv
[0.824s] -- Installing: /home/shadoroca/Documentos/Academia/ServicioSocial/ros2_ws/install/ros_gz/share/ros_gz/environment/path.sh
[0.824s] -- Installing: /home/shadoroca/Documentos/Academia/ServicioSocial/ros2_ws/install/ros_gz/share/ros_gz/environment/path.dsv
[0.824s] -- Installing: /home/shadoroca/Documentos/Academia/ServicioSocial/ros2_ws/install/ros_gz/share/ros_gz/local_setup.bash
[0.825s] -- Installing: /home/shadoroca/Documentos/Academia/ServicioSocial/ros2_ws/install/ros_gz/share/ros_gz/local_setup.sh
[0.825s] -- Installing: /home/shadoroca/Documentos/Academia/ServicioSocial/ros2_ws/install/ros_gz/share/ros_gz/local_setup.zsh
[0.825s] -- Installing: /home/shadoroca/Documentos/Academia/ServicioSocial/ros2_ws/install/ros_gz/share/ros_gz/local_setup.dsv
[0.825s] -- Installing: /home/shadoroca/Documentos/Academia/ServicioSocial/ros2_ws/install/ros_gz/share/ros_gz/package.dsv
[0.825s] -- Installing: /home/shadoroca/Documentos/Academia/ServicioSocial/ros2_ws/install/ros_gz/share/ament_index/resource_index/packages/ros_gz
[0.825s] -- Installing: /home/shadoroca/Documentos/Academia/ServicioSocial/ros2_ws/install/ros_gz/share/ros_gz/cmake/ros_gzConfig.cmake
[0.825s] -- Installing: /home/shadoroca/Documentos/Academia/ServicioSocial/ros2_ws/install/ros_gz/share/ros_gz/cmake/ros_gzConfig-version.cmake
[0.826s] -- Installing: /home/shadoroca/Documentos/Academia/ServicioSocial/ros2_ws/install/ros_gz/share/ros_gz/package.xml
[0.831s] Invoked command in '/home/shadoroca/Documentos/Academia/ServicioSocial/ros2_ws/build/ros_gz' returned '0': AMENT_PREFIX_PATH=/home/shadoroca/Documentos/Academia/ServicioSocial/ros2_ws/install/ros_gz_sim_demos:/home/shadoroca/Documentos/Academia/ServicioSocial/ros2_ws/install/ros_gz_image:/home/shadoroca/Documentos/Academia/ServicioSocial/ros2_ws/install/ros_gz_bridge:/home/shadoroca/Documentos/Academia/ServicioSocial/ros2_ws/install/ros_gz_sim:/home/shadoroca/Documentos/Academia/ServicioSocial/ros2_ws/install/ros_gz_interfaces:${AMENT_PREFIX_PATH} CMAKE_PREFIX_PATH=/home/shadoroca/Documentos/Academia/ServicioSocial/ros2_ws/install/ros_gz_sim_demos:/home/shadoroca/Documentos/Academia/ServicioSocial/ros2_ws/install/ros_gz_image:/home/shadoroca/Documentos/Academia/ServicioSocial/ros2_ws/install/ros_gz_bridge:/home/shadoroca/Documentos/Academia/ServicioSocial/ros2_ws/install/ros_gz_sim:/home/shadoroca/Documentos/Academia/ServicioSocial/ros2_ws/install/ros_gz_interfaces:/opt/ros/humble LD_LIBRARY_PATH=/home/shadoroca/Documentos/Academia/ServicioSocial/ros2_ws/install/ros_gz_bridge/lib:/home/shadoroca/Documentos/Academia/ServicioSocial/ros2_ws/install/ros_gz_sim/lib:/home/shadoroca/Documentos/Academia/ServicioSocial/ros2_ws/install/ros_gz_interfaces/lib:${LD_LIBRARY_PATH} PYTHONPATH=/home/shadoroca/Documentos/Academia/ServicioSocial/ros2_ws/install/ros_gz_interfaces/local/lib/python3.10/dist-packages:${PYTHONPATH} /usr/bin/cmake --install /home/shadoroca/Documentos/Academia/ServicioSocial/ros2_ws/build/ros_gz
