[0.009s] Invoking command in '/home/shadoroca/Documentos/Academia/ServicioSocial/ros2_ws/build/ros_ign_gazebo': AMENT_PREFIX_PATH=/home/shadoroca/Documentos/Academia/ServicioSocial/ros2_ws/install/ros_gz_sim:${AMENT_PREFIX_PATH} CMAKE_PREFIX_PATH=/home/shadoroca/Documentos/Academia/ServicioSocial/ros2_ws/install/ros_gz_sim:/opt/ros/humble LD_LIBRARY_PATH=/home/shadoroca/Documentos/Academia/ServicioSocial/ros2_ws/install/ros_gz_sim/lib:${LD_LIBRARY_PATH} /usr/bin/cmake /home/shadoroca/Documentos/Academia/ServicioSocial/ros2_ws/src/ros_gz/ros_ign_gazebo -DCMAKE_INSTALL_PREFIX=/home/shadoroca/Documentos/Academia/ServicioSocial/ros2_ws/install/ros_ign_gazebo
[0.063s] -- The C compiler identification is GNU 11.3.0
[0.119s] -- The CXX compiler identification is GNU 11.3.0
[0.128s] -- Detecting C compiler ABI info
[0.191s] -- Detecting C compiler ABI info - done
[0.205s] -- Check for working C compiler: /usr/bin/cc - skipped
[0.206s] -- Detecting C compile features
[0.206s] -- Detecting C compile features - done
[0.211s] -- Detecting CXX compiler ABI info
[0.292s] -- Detecting CXX compiler ABI info - done
[0.299s] -- Check for working CXX compiler: /usr/bin/c++ - skipped
[0.299s] -- Detecting CXX compile features
[0.300s] -- Detecting CXX compile features - done
[0.302s] -- Found ament_cmake: 1.3.5 (/opt/ros/humble/share/ament_cmake/cmake)
[0.479s] -- Found Python3: /usr/bin/python3.10 (found version "3.10.6") found components: Interpreter 
[0.612s] -- Found ament_index_cpp: 1.4.0 (/opt/ros/humble/share/ament_index_cpp/cmake)
[0.620s] -- Looking for ignition-gazebo6 -- found version 6.14.0
[0.632s] -- Searching for dependencies of ignition-gazebo6
[0.635s] -- Looking for sdformat12 -- found version 12.7.1
[0.636s] -- Searching for dependencies of sdformat12
[0.655s] -- Checking for module 'tinyxml2'
[0.722s] --   Found tinyxml2, version 9.0.0
[0.861s] -- Looking for ignition-math6 -- found version 6.14.0
[0.863s] -- Searching for dependencies of ignition-math6
[0.868s] -- Looking for ignition-utils1 -- found version 1.5.1
[0.870s] -- Searching for dependencies of ignition-utils1
[0.876s] -- Looking for ignition-plugin1 -- found version 1.4.0
[0.877s] -- Searching for dependencies of ignition-plugin1
[0.878s] -- Searching for <ignition-plugin1> component [loader]
[0.882s] -- Looking for ignition-plugin1-loader -- found version 1.4.0
[0.884s] -- Searching for dependencies of ignition-plugin1-loader
[0.885s] -- Searching for <ignition-plugin1> component [register]
[0.889s] -- Looking for ignition-plugin1-register -- found version 1.4.0
[0.890s] -- Searching for dependencies of ignition-plugin1-register
[0.896s] -- Looking for ignition-transport11 -- found version 11.4.0
[0.897s] -- Searching for dependencies of ignition-transport11
[1.264s] -- Found Protobuf: /usr/lib/x86_64-linux-gnu/libprotobuf.so (found suitable version "3.12.4", minimum required is "3") 
[1.277s] -- Config-file not installed for ZeroMQ -- checking for pkg-config
[1.281s] -- Checking for module 'libzmq >= 4'
[1.292s] --   Found libzmq , version 4.3.4
[1.326s] -- Found ZeroMQ: TRUE (Required is at least version "4") 
[1.332s] -- Checking for module 'uuid'
[1.348s] --   Found uuid, version 2.37.2
[1.384s] -- Found UUID: TRUE  
[1.384s] -- Looking for ignition-utils1 -- found version 1.5.1
[1.385s] -- Searching for dependencies of ignition-utils1
[1.385s] -- Searching for <ignition-utils1> component [cli]
[1.389s] -- Looking for ignition-utils1-cli -- found version 1.5.1
[1.390s] -- Searching for dependencies of ignition-utils1-cli
[1.395s] -- Looking for ignition-msgs8 -- found version 8.7.0
[1.396s] -- Searching for dependencies of ignition-msgs8
[1.426s] -- Looking for ignition-math6 -- found version 6.14.0
[1.446s] -- Searching for <ignition-transport11> component [log]
[1.450s] -- Looking for ignition-transport11-log -- found version 11.4.0
[1.450s] -- Searching for dependencies of ignition-transport11-log
[1.451s] -- Searching for <ignition-transport11> component [parameters]
[1.455s] -- Looking for ignition-transport11-parameters -- found version 11.4.0
[1.455s] -- Searching for dependencies of ignition-transport11-parameters
[1.457s] -- Looking for ignition-msgs8 -- found version 8.7.0
[1.460s] -- Looking for ignition-common4 -- found version 4.7.0
[1.461s] -- Searching for dependencies of ignition-common4
[1.461s] -- Looking for dlfcn.h - found
[1.463s] -- Looking for libdl - found
[1.465s] -- Found DL: TRUE  
[1.477s] -- Searching for <ignition-common4> component [profiler]
[1.481s] -- Looking for ignition-common4-profiler -- found version 4.7.0
[1.481s] -- Searching for dependencies of ignition-common4-profiler
[1.482s] -- Searching for <ignition-common4> component [events]
[1.486s] -- Looking for ignition-common4-events -- found version 4.7.0
[1.486s] -- Searching for dependencies of ignition-common4-events
[1.487s] -- Looking for ignition-math6 -- found version 6.14.0
[1.488s] -- Searching for <ignition-common4> component [av]
[1.491s] -- Looking for ignition-common4-av -- found version 4.7.0
[1.492s] -- Searching for dependencies of ignition-common4-av
[1.500s] -- Checking for module 'libswscale'
[1.516s] --   Found libswscale, version 5.9.100
[1.554s] -- Found SWSCALE: TRUE  
[1.560s] -- Checking for module 'libavdevice >= 56.4.100'
[1.575s] --   Found libavdevice , version 58.13.100
[1.622s] -- Found AVDEVICE: TRUE (Required is at least version "56.4.100") 
[1.626s] -- Checking for module 'libavformat'
[1.639s] --   Found libavformat, version 58.76.100
[1.672s] -- Found AVFORMAT: TRUE  
[1.677s] -- Checking for module 'libavcodec'
[1.691s] --   Found libavcodec, version 58.134.100
[1.730s] -- Found AVCODEC: TRUE  
[1.736s] -- Checking for module 'libavutil'
[1.751s] --   Found libavutil, version 56.70.100
[1.790s] -- Found AVUTIL: TRUE  
[1.794s] -- Looking for ignition-fuel_tools7 -- found version 7.3.0
[1.795s] -- Searching for dependencies of ignition-fuel_tools7
[1.873s] -- Found CURL: /usr/lib/x86_64-linux-gnu/libcurl.so (found version "7.81.0")  
[1.881s] -- Checking for module 'jsoncpp'
[1.893s] --   Found jsoncpp, version 1.9.5
[1.924s] -- Found JSONCPP: TRUE  
[1.931s] -- Checking for module 'libzip'
[1.943s] --   Found libzip, version 1.7.3
[1.976s] -- Found ZIP: TRUE  
[1.976s] -- Looking for ignition-common4 -- found version 4.7.0
[1.977s] -- Looking for ignition-math6 -- found version 6.14.0
[1.978s] -- Looking for ignition-msgs8 -- found version 8.7.0
[1.981s] -- Looking for ignition-gui6 -- found version 6.8.0
[1.981s] -- Searching for dependencies of ignition-gui6
[2.012s] -- Looking for ignition-math6 -- found version 6.14.0
[2.013s] -- Looking for ignition-common4 -- found version 4.7.0
[2.013s] -- Looking for ignition-plugin1 -- found version 1.4.0
[2.014s] -- Looking for ignition-transport11 -- found version 11.4.0
[2.016s] -- Looking for ignition-rendering6 -- found version 6.6.0
[2.016s] -- Searching for dependencies of ignition-rendering6
[2.017s] -- Looking for ignition-math6 -- found version 6.14.0
[2.017s] -- Searching for dependencies of ignition-math6
[2.017s] -- Searching for <ignition-math6> component [eigen3]
[2.019s] -- Looking for ignition-math6-eigen3 -- found version 6.14.0
[2.020s] -- Searching for dependencies of ignition-math6-eigen3
[2.029s] -- Looking for ignition-common4 -- found version 4.7.0
[2.029s] -- Searching for dependencies of ignition-common4
[2.029s] -- Looking for dlfcn.h - found
[2.029s] -- Looking for libdl - found
[2.039s] -- Searching for <ignition-common4> component [graphics]
[2.041s] -- Looking for ignition-common4-graphics -- found version 4.7.0
[2.042s] -- Searching for dependencies of ignition-common4-graphics
[2.042s] -- Looking for ignition-math6 -- found version 6.14.0
[2.043s] -- Looking for ignition-utils1 -- found version 1.5.1
[2.044s] -- Searching for <ignition-common4> component [events]
[2.045s] -- Looking for ignition-plugin1 -- found version 1.4.0
[2.046s] -- Searching for dependencies of ignition-plugin1
[2.046s] -- Searching for <ignition-plugin1> component [all]
[2.048s] -- Looking for all libraries of ignition-plugin1 -- found version 1.4.0
[2.049s] -- Looking for ignition-plugin1 -- found version 1.4.0
[2.051s] -- Looking for ignition-msgs8 -- found version 8.7.0
[2.073s] -- Looking for ignition-physics5 -- found version 5.3.1
[2.073s] -- Searching for dependencies of ignition-physics5
[2.074s] -- Looking for ignition-math6 -- found version 6.14.0
[2.074s] -- Looking for ignition-plugin1 -- found version 1.4.0
[2.075s] -- Looking for ignition-utils1 -- found version 1.5.1
[2.076s] -- Searching for <ignition-physics5> component [heightmap]
[2.078s] -- Looking for ignition-physics5-heightmap -- found version 5.3.1
[2.079s] -- Searching for dependencies of ignition-physics5-heightmap
[2.079s] -- Looking for ignition-common4 -- found version 4.7.0
[2.080s] -- Searching for <ignition-physics5> component [mesh]
[2.084s] -- Looking for ignition-physics5-mesh -- found version 5.3.1
[2.084s] -- Searching for dependencies of ignition-physics5-mesh
[2.084s] -- Looking for ignition-common4 -- found version 4.7.0
[2.085s] -- Searching for <ignition-physics5> component [sdf]
[2.087s] -- Looking for ignition-physics5-sdf -- found version 5.3.1
[2.088s] -- Searching for dependencies of ignition-physics5-sdf
[2.088s] -- Looking for sdformat12 -- found version 12.7.1
[2.092s] -- Looking for ignition-sensors6 -- found version 6.7.0
[2.092s] -- Searching for dependencies of ignition-sensors6
[2.118s] -- Looking for ignition-math6 -- found version 6.14.0
[2.119s] -- Looking for ignition-common4 -- found version 4.7.0
[2.120s] -- Looking for ignition-transport11 -- found version 11.4.0
[2.121s] -- Looking for ignition-rendering6 -- found version 6.6.0
[2.122s] -- Looking for ignition-msgs8 -- found version 8.7.0
[2.123s] -- Looking for sdformat12 -- found version 12.7.1
[2.125s] -- Searching for <ignition-sensors6> component [air_pressure]
[2.128s] -- Looking for ignition-sensors6-air_pressure -- found version 6.7.0
[2.129s] -- Searching for dependencies of ignition-sensors6-air_pressure
[2.130s] -- Searching for <ignition-sensors6> component [altimeter]
[2.132s] -- Looking for ignition-sensors6-altimeter -- found version 6.7.0
[2.133s] -- Searching for dependencies of ignition-sensors6-altimeter
[2.134s] -- Searching for <ignition-sensors6> component [imu]
[2.136s] -- Looking for ignition-sensors6-imu -- found version 6.7.0
[2.137s] -- Searching for dependencies of ignition-sensors6-imu
[2.138s] -- Searching for <ignition-sensors6> component [force_torque]
[2.140s] -- Looking for ignition-sensors6-force_torque -- found version 6.7.0
[2.141s] -- Searching for dependencies of ignition-sensors6-force_torque
[2.141s] -- Searching for <ignition-sensors6> component [logical_camera]
[2.143s] -- Looking for ignition-sensors6-logical_camera -- found version 6.7.0
[2.144s] -- Searching for dependencies of ignition-sensors6-logical_camera
[2.145s] -- Searching for <ignition-sensors6> component [magnetometer]
[2.147s] -- Looking for ignition-sensors6-magnetometer -- found version 6.7.0
[2.147s] -- Searching for dependencies of ignition-sensors6-magnetometer
[2.148s] -- Searching for <ignition-sensors6> component [navsat]
[2.151s] -- Looking for ignition-sensors6-navsat -- found version 6.7.0
[2.152s] -- Searching for dependencies of ignition-sensors6-navsat
[2.153s] -- Searching for <ignition-sensors6> component [rendering]
[2.156s] -- Looking for ignition-sensors6-rendering -- found version 6.7.0
[2.157s] -- Searching for dependencies of ignition-sensors6-rendering
[2.158s] -- Searching for <ignition-sensors6> component [lidar]
[2.160s] -- Looking for ignition-sensors6-lidar -- found version 6.7.0
[2.161s] -- Searching for dependencies of ignition-sensors6-lidar
[2.161s] -- Looking for ignition-sensors6 -- found version 6.7.0
[2.162s] -- Searching for <ignition-sensors6> component [gpu_lidar]
[2.165s] -- Looking for ignition-sensors6-gpu_lidar -- found version 6.7.0
[2.166s] -- Searching for dependencies of ignition-sensors6-gpu_lidar
[2.166s] -- Looking for ignition-sensors6 -- found version 6.7.0
[2.167s] -- Searching for <ignition-sensors6> component [camera]
[2.169s] -- Looking for ignition-sensors6-camera -- found version 6.7.0
[2.170s] -- Searching for dependencies of ignition-sensors6-camera
[2.170s] -- Looking for ignition-sensors6 -- found version 6.7.0
[2.171s] -- Searching for <ignition-sensors6> component [boundingbox_camera]
[2.173s] -- Looking for ignition-sensors6-boundingbox_camera -- found version 6.7.0
[2.174s] -- Searching for dependencies of ignition-sensors6-boundingbox_camera
[2.174s] -- Searching for <ignition-sensors6> component [segmentation_camera]
[2.176s] -- Looking for ignition-sensors6-segmentation_camera -- found version 6.7.0
[2.177s] -- Searching for dependencies of ignition-sensors6-segmentation_camera
[2.177s] -- Searching for <ignition-sensors6> component [depth_camera]
[2.179s] -- Looking for ignition-sensors6-depth_camera -- found version 6.7.0
[2.180s] -- Searching for dependencies of ignition-sensors6-depth_camera
[2.180s] -- Looking for ignition-sensors6 -- found version 6.7.0
[2.181s] -- Searching for <ignition-sensors6> component [rgbd_camera]
[2.183s] -- Looking for ignition-sensors6-rgbd_camera -- found version 6.7.0
[2.183s] -- Searching for dependencies of ignition-sensors6-rgbd_camera
[2.184s] -- Looking for ignition-sensors6 -- found version 6.7.0
[2.184s] -- Searching for <ignition-sensors6> component [thermal_camera]
[2.187s] -- Looking for ignition-sensors6-thermal_camera -- found version 6.7.0
[2.187s] -- Searching for dependencies of ignition-sensors6-thermal_camera
[2.187s] -- Looking for ignition-sensors6 -- found version 6.7.0
[2.188s] -- Looking for ignition-rendering6 -- found version 6.6.0
[2.189s] -- Looking for ignition-math6 -- found version 6.14.0
[2.191s] -- Looking for ignition-utils1 -- found version 1.5.1
[2.216s] -- Compiling against Gazebo Fortress
[2.312s] -- Configuring done
[2.320s] -- Generating done
[2.321s] -- Build files have been written to: /home/shadoroca/Documentos/Academia/ServicioSocial/ros2_ws/build/ros_ign_gazebo
[2.335s] Invoked command in '/home/shadoroca/Documentos/Academia/ServicioSocial/ros2_ws/build/ros_ign_gazebo' returned '0': AMENT_PREFIX_PATH=/home/shadoroca/Documentos/Academia/ServicioSocial/ros2_ws/install/ros_gz_sim:${AMENT_PREFIX_PATH} CMAKE_PREFIX_PATH=/home/shadoroca/Documentos/Academia/ServicioSocial/ros2_ws/install/ros_gz_sim:/opt/ros/humble LD_LIBRARY_PATH=/home/shadoroca/Documentos/Academia/ServicioSocial/ros2_ws/install/ros_gz_sim/lib:${LD_LIBRARY_PATH} /usr/bin/cmake /home/shadoroca/Documentos/Academia/ServicioSocial/ros2_ws/src/ros_gz/ros_ign_gazebo -DCMAKE_INSTALL_PREFIX=/home/shadoroca/Documentos/Academia/ServicioSocial/ros2_ws/install/ros_ign_gazebo
[2.337s] Invoking command in '/home/shadoroca/Documentos/Academia/ServicioSocial/ros2_ws/build/ros_ign_gazebo': AMENT_PREFIX_PATH=/home/shadoroca/Documentos/Academia/ServicioSocial/ros2_ws/install/ros_gz_sim:${AMENT_PREFIX_PATH} CMAKE_PREFIX_PATH=/home/shadoroca/Documentos/Academia/ServicioSocial/ros2_ws/install/ros_gz_sim:/opt/ros/humble LD_LIBRARY_PATH=/home/shadoroca/Documentos/Academia/ServicioSocial/ros2_ws/install/ros_gz_sim/lib:${LD_LIBRARY_PATH} /usr/bin/cmake --build /home/shadoroca/Documentos/Academia/ServicioSocial/ros2_ws/build/ros_ign_gazebo -- -j8 -l8
[2.386s] [ 50%] [32mBuilding CXX object CMakeFiles/create.dir/src/create_shim.cpp.o[0m
[2.656s] [100%] [32m[1mLinking CXX executable create[0m
[2.754s] [100%] Built target create
[2.768s] Invoked command in '/home/shadoroca/Documentos/Academia/ServicioSocial/ros2_ws/build/ros_ign_gazebo' returned '0': AMENT_PREFIX_PATH=/home/shadoroca/Documentos/Academia/ServicioSocial/ros2_ws/install/ros_gz_sim:${AMENT_PREFIX_PATH} CMAKE_PREFIX_PATH=/home/shadoroca/Documentos/Academia/ServicioSocial/ros2_ws/install/ros_gz_sim:/opt/ros/humble LD_LIBRARY_PATH=/home/shadoroca/Documentos/Academia/ServicioSocial/ros2_ws/install/ros_gz_sim/lib:${LD_LIBRARY_PATH} /usr/bin/cmake --build /home/shadoroca/Documentos/Academia/ServicioSocial/ros2_ws/build/ros_ign_gazebo -- -j8 -l8
[2.799s] Invoking command in '/home/shadoroca/Documentos/Academia/ServicioSocial/ros2_ws/build/ros_ign_gazebo': AMENT_PREFIX_PATH=/home/shadoroca/Documentos/Academia/ServicioSocial/ros2_ws/install/ros_gz_sim:${AMENT_PREFIX_PATH} CMAKE_PREFIX_PATH=/home/shadoroca/Documentos/Academia/ServicioSocial/ros2_ws/install/ros_gz_sim:/opt/ros/humble LD_LIBRARY_PATH=/home/shadoroca/Documentos/Academia/ServicioSocial/ros2_ws/install/ros_gz_sim/lib:${LD_LIBRARY_PATH} /usr/bin/cmake --install /home/shadoroca/Documentos/Academia/ServicioSocial/ros2_ws/build/ros_ign_gazebo
[2.808s] -- Install configuration: ""
[2.809s] -- Installing: /home/shadoroca/Documentos/Academia/ServicioSocial/ros2_ws/install/ros_ign_gazebo/share/ros_ign_gazebo/launch/ign_gazebo.launch.py
[2.809s] -- Installing: /home/shadoroca/Documentos/Academia/ServicioSocial/ros2_ws/install/ros_ign_gazebo/lib/ros_ign_gazebo/create
[2.810s] -- Set runtime path of "/home/shadoroca/Documentos/Academia/ServicioSocial/ros2_ws/install/ros_ign_gazebo/lib/ros_ign_gazebo/create" to ""
[2.810s] -- Installing: /home/shadoroca/Documentos/Academia/ServicioSocial/ros2_ws/install/ros_ign_gazebo/share/ament_index/resource_index/package_run_dependencies/ros_ign_gazebo
[2.810s] -- Installing: /home/shadoroca/Documentos/Academia/ServicioSocial/ros2_ws/install/ros_ign_gazebo/share/ament_index/resource_index/parent_prefix_path/ros_ign_gazebo
[2.810s] -- Installing: /home/shadoroca/Documentos/Academia/ServicioSocial/ros2_ws/install/ros_ign_gazebo/share/ros_ign_gazebo/environment/ament_prefix_path.sh
[2.810s] -- Installing: /home/shadoroca/Documentos/Academia/ServicioSocial/ros2_ws/install/ros_ign_gazebo/share/ros_ign_gazebo/environment/ament_prefix_path.dsv
[2.811s] -- Installing: /home/shadoroca/Documentos/Academia/ServicioSocial/ros2_ws/install/ros_ign_gazebo/share/ros_ign_gazebo/environment/path.sh
[2.811s] -- Installing: /home/shadoroca/Documentos/Academia/ServicioSocial/ros2_ws/install/ros_ign_gazebo/share/ros_ign_gazebo/environment/path.dsv
[2.811s] -- Installing: /home/shadoroca/Documentos/Academia/ServicioSocial/ros2_ws/install/ros_ign_gazebo/share/ros_ign_gazebo/local_setup.bash
[2.811s] -- Installing: /home/shadoroca/Documentos/Academia/ServicioSocial/ros2_ws/install/ros_ign_gazebo/share/ros_ign_gazebo/local_setup.sh
[2.811s] -- Installing: /home/shadoroca/Documentos/Academia/ServicioSocial/ros2_ws/install/ros_ign_gazebo/share/ros_ign_gazebo/local_setup.zsh
[2.812s] -- Installing: /home/shadoroca/Documentos/Academia/ServicioSocial/ros2_ws/install/ros_ign_gazebo/share/ros_ign_gazebo/local_setup.dsv
[2.812s] -- Installing: /home/shadoroca/Documentos/Academia/ServicioSocial/ros2_ws/install/ros_ign_gazebo/share/ros_ign_gazebo/package.dsv
[2.812s] -- Installing: /home/shadoroca/Documentos/Academia/ServicioSocial/ros2_ws/install/ros_ign_gazebo/share/ament_index/resource_index/packages/ros_ign_gazebo
[2.812s] -- Installing: /home/shadoroca/Documentos/Academia/ServicioSocial/ros2_ws/install/ros_ign_gazebo/share/ros_ign_gazebo/cmake/ament_cmake_export_dependencies-extras.cmake
[2.812s] -- Installing: /home/shadoroca/Documentos/Academia/ServicioSocial/ros2_ws/install/ros_ign_gazebo/share/ros_ign_gazebo/cmake/ros_ign_gazeboConfig.cmake
[2.813s] -- Installing: /home/shadoroca/Documentos/Academia/ServicioSocial/ros2_ws/install/ros_ign_gazebo/share/ros_ign_gazebo/cmake/ros_ign_gazeboConfig-version.cmake
[2.813s] -- Installing: /home/shadoroca/Documentos/Academia/ServicioSocial/ros2_ws/install/ros_ign_gazebo/share/ros_ign_gazebo/package.xml
[2.820s] Invoked command in '/home/shadoroca/Documentos/Academia/ServicioSocial/ros2_ws/build/ros_ign_gazebo' returned '0': AMENT_PREFIX_PATH=/home/shadoroca/Documentos/Academia/ServicioSocial/ros2_ws/install/ros_gz_sim:${AMENT_PREFIX_PATH} CMAKE_PREFIX_PATH=/home/shadoroca/Documentos/Academia/ServicioSocial/ros2_ws/install/ros_gz_sim:/opt/ros/humble LD_LIBRARY_PATH=/home/shadoroca/Documentos/Academia/ServicioSocial/ros2_ws/install/ros_gz_sim/lib:${LD_LIBRARY_PATH} /usr/bin/cmake --install /home/shadoroca/Documentos/Academia/ServicioSocial/ros2_ws/build/ros_ign_gazebo
