running egg_info
creating ../../build/movement/movement.egg-info
writing ../../build/movement/movement.egg-info/PKG-INFO
writing dependency_links to ../../build/movement/movement.egg-info/dependency_links.txt
writing entry points to ../../build/movement/movement.egg-info/entry_points.txt
writing requirements to ../../build/movement/movement.egg-info/requires.txt
writing top-level names to ../../build/movement/movement.egg-info/top_level.txt
writing manifest file '../../build/movement/movement.egg-info/SOURCES.txt'
reading manifest file '../../build/movement/movement.egg-info/SOURCES.txt'
writing manifest file '../../build/movement/movement.egg-info/SOURCES.txt'
running build
running build_py
creating /home/shadoroca/Documentos/Academia/ServicioSocial/ambiente_panel/build/movement/build
creating /home/shadoroca/Documentos/Academia/ServicioSocial/ambiente_panel/build/movement/build/lib
creating /home/shadoroca/Documentos/Academia/ServicioSocial/ambiente_panel/build/movement/build/lib/movement
copying movement/__init__.py -> /home/shadoroca/Documentos/Academia/ServicioSocial/ambiente_panel/build/movement/build/lib/movement
copying movement/random_twist_publisher.py -> /home/shadoroca/Documentos/Academia/ServicioSocial/ambiente_panel/build/movement/build/lib/movement
running install
running install_lib
creating /home/shadoroca/Documentos/Academia/ServicioSocial/ambiente_panel/install/movement/lib/python3.10/site-packages/movement
copying /home/shadoroca/Documentos/Academia/ServicioSocial/ambiente_panel/build/movement/build/lib/movement/__init__.py -> /home/shadoroca/Documentos/Academia/ServicioSocial/ambiente_panel/install/movement/lib/python3.10/site-packages/movement
copying /home/shadoroca/Documentos/Academia/ServicioSocial/ambiente_panel/build/movement/build/lib/movement/random_twist_publisher.py -> /home/shadoroca/Documentos/Academia/ServicioSocial/ambiente_panel/install/movement/lib/python3.10/site-packages/movement
byte-compiling /home/shadoroca/Documentos/Academia/ServicioSocial/ambiente_panel/install/movement/lib/python3.10/site-packages/movement/__init__.py to __init__.cpython-310.pyc
byte-compiling /home/shadoroca/Documentos/Academia/ServicioSocial/ambiente_panel/install/movement/lib/python3.10/site-packages/movement/random_twist_publisher.py to random_twist_publisher.cpython-310.pyc
running install_data
creating /home/shadoroca/Documentos/Academia/ServicioSocial/ambiente_panel/install/movement/share/ament_index
creating /home/shadoroca/Documentos/Academia/ServicioSocial/ambiente_panel/install/movement/share/ament_index/resource_index
creating /home/shadoroca/Documentos/Academia/ServicioSocial/ambiente_panel/install/movement/share/ament_index/resource_index/packages
copying resource/movement -> /home/shadoroca/Documentos/Academia/ServicioSocial/ambiente_panel/install/movement/share/ament_index/resource_index/packages
copying package.xml -> /home/shadoroca/Documentos/Academia/ServicioSocial/ambiente_panel/install/movement/share/movement
running install_egg_info
Copying ../../build/movement/movement.egg-info to /home/shadoroca/Documentos/Academia/ServicioSocial/ambiente_panel/install/movement/lib/python3.10/site-packages/movement-0.0.0-py3.10.egg-info
running install_scripts
Installing random_twist_publisher script to /home/shadoroca/Documentos/Academia/ServicioSocial/ambiente_panel/install/movement/lib/movement
writing list of installed files to '/home/shadoroca/Documentos/Academia/ServicioSocial/ambiente_panel/build/movement/install.log'
