[0.698s] Invoking command in '/home/shadoroca/Documentos/Academia/ServicioSocial/ambiente_panel/src/movement': PYTHONPATH=/home/shadoroca/Documentos/Academia/ServicioSocial/ambiente_panel/build/movement/prefix_override:/home/shadoroca/Documentos/Academia/ServicioSocial/ambiente_panel/install/movement/lib/python3.10/site-packages:${PYTHONPATH} /usr/bin/python3 setup.py egg_info --egg-base ../../build/movement build --build-base /home/shadoroca/Documentos/Academia/ServicioSocial/ambiente_panel/build/movement/build install --record /home/shadoroca/Documentos/Academia/ServicioSocial/ambiente_panel/build/movement/install.log --single-version-externally-managed
[0.951s] running egg_info
[0.951s] creating ../../build/movement/movement.egg-info
[0.951s] writing ../../build/movement/movement.egg-info/PKG-INFO
[0.952s] writing dependency_links to ../../build/movement/movement.egg-info/dependency_links.txt
[0.952s] writing entry points to ../../build/movement/movement.egg-info/entry_points.txt
[0.952s] writing requirements to ../../build/movement/movement.egg-info/requires.txt
[0.952s] writing top-level names to ../../build/movement/movement.egg-info/top_level.txt
[0.952s] writing manifest file '../../build/movement/movement.egg-info/SOURCES.txt'
[0.954s] reading manifest file '../../build/movement/movement.egg-info/SOURCES.txt'
[0.955s] writing manifest file '../../build/movement/movement.egg-info/SOURCES.txt'
[0.955s] running build
[0.955s] running build_py
[0.955s] creating /home/shadoroca/Documentos/Academia/ServicioSocial/ambiente_panel/build/movement/build
[0.955s] creating /home/shadoroca/Documentos/Academia/ServicioSocial/ambiente_panel/build/movement/build/lib
[0.955s] creating /home/shadoroca/Documentos/Academia/ServicioSocial/ambiente_panel/build/movement/build/lib/movement
[0.955s] copying movement/__init__.py -> /home/shadoroca/Documentos/Academia/ServicioSocial/ambiente_panel/build/movement/build/lib/movement
[0.956s] copying movement/random_twist_publisher.py -> /home/shadoroca/Documentos/Academia/ServicioSocial/ambiente_panel/build/movement/build/lib/movement
[0.956s] running install
[0.956s] running install_lib
[0.956s] creating /home/shadoroca/Documentos/Academia/ServicioSocial/ambiente_panel/install/movement/lib/python3.10/site-packages/movement
[0.957s] copying /home/shadoroca/Documentos/Academia/ServicioSocial/ambiente_panel/build/movement/build/lib/movement/__init__.py -> /home/shadoroca/Documentos/Academia/ServicioSocial/ambiente_panel/install/movement/lib/python3.10/site-packages/movement
[0.957s] copying /home/shadoroca/Documentos/Academia/ServicioSocial/ambiente_panel/build/movement/build/lib/movement/random_twist_publisher.py -> /home/shadoroca/Documentos/Academia/ServicioSocial/ambiente_panel/install/movement/lib/python3.10/site-packages/movement
[0.957s] byte-compiling /home/shadoroca/Documentos/Academia/ServicioSocial/ambiente_panel/install/movement/lib/python3.10/site-packages/movement/__init__.py to __init__.cpython-310.pyc
[0.957s] byte-compiling /home/shadoroca/Documentos/Academia/ServicioSocial/ambiente_panel/install/movement/lib/python3.10/site-packages/movement/random_twist_publisher.py to random_twist_publisher.cpython-310.pyc
[0.958s] running install_data
[0.958s] creating /home/shadoroca/Documentos/Academia/ServicioSocial/ambiente_panel/install/movement/share/ament_index
[0.958s] creating /home/shadoroca/Documentos/Academia/ServicioSocial/ambiente_panel/install/movement/share/ament_index/resource_index
[0.958s] creating /home/shadoroca/Documentos/Academia/ServicioSocial/ambiente_panel/install/movement/share/ament_index/resource_index/packages
[0.959s] copying resource/movement -> /home/shadoroca/Documentos/Academia/ServicioSocial/ambiente_panel/install/movement/share/ament_index/resource_index/packages
[0.959s] copying package.xml -> /home/shadoroca/Documentos/Academia/ServicioSocial/ambiente_panel/install/movement/share/movement
[0.959s] running install_egg_info
[0.960s] Copying ../../build/movement/movement.egg-info to /home/shadoroca/Documentos/Academia/ServicioSocial/ambiente_panel/install/movement/lib/python3.10/site-packages/movement-0.0.0-py3.10.egg-info
[0.961s] running install_scripts
[0.978s] Installing random_twist_publisher script to /home/shadoroca/Documentos/Academia/ServicioSocial/ambiente_panel/install/movement/lib/movement
[0.978s] writing list of installed files to '/home/shadoroca/Documentos/Academia/ServicioSocial/ambiente_panel/build/movement/install.log'
[1.001s] Invoked command in '/home/shadoroca/Documentos/Academia/ServicioSocial/ambiente_panel/src/movement' returned '0': PYTHONPATH=/home/shadoroca/Documentos/Academia/ServicioSocial/ambiente_panel/build/movement/prefix_override:/home/shadoroca/Documentos/Academia/ServicioSocial/ambiente_panel/install/movement/lib/python3.10/site-packages:${PYTHONPATH} /usr/bin/python3 setup.py egg_info --egg-base ../../build/movement build --build-base /home/shadoroca/Documentos/Academia/ServicioSocial/ambiente_panel/build/movement/build install --record /home/shadoroca/Documentos/Academia/ServicioSocial/ambiente_panel/build/movement/install.log --single-version-externally-managed
