[0.017s] Invoking command in '/home/shadoroca/Documentos/Academia/ServicioSocial/ros2_ws/build/ros_gz_sim_demos': AMENT_PREFIX_PATH=/home/shadoroca/Documentos/Academia/ServicioSocial/ros2_ws/install/ros_gz_image:/home/shadoroca/Documentos/Academia/ServicioSocial/ros2_ws/install/ros_gz_bridge:/home/shadoroca/Documentos/Academia/ServicioSocial/ros2_ws/install/ros_gz_sim:/home/shadoroca/Documentos/Academia/ServicioSocial/ros2_ws/install/ros_gz_interfaces:${AMENT_PREFIX_PATH} CMAKE_PREFIX_PATH=/home/shadoroca/Documentos/Academia/ServicioSocial/ros2_ws/install/ros_gz_image:/home/shadoroca/Documentos/Academia/ServicioSocial/ros2_ws/install/ros_gz_bridge:/home/shadoroca/Documentos/Academia/ServicioSocial/ros2_ws/install/ros_gz_sim:/home/shadoroca/Documentos/Academia/ServicioSocial/ros2_ws/install/ros_gz_interfaces:/opt/ros/humble LD_LIBRARY_PATH=/home/shadoroca/Documentos/Academia/ServicioSocial/ros2_ws/install/ros_gz_bridge/lib:/home/shadoroca/Documentos/Academia/ServicioSocial/ros2_ws/install/ros_gz_sim/lib:/home/shadoroca/Documentos/Academia/ServicioSocial/ros2_ws/install/ros_gz_interfaces/lib:${LD_LIBRARY_PATH} PYTHONPATH=/home/shadoroca/Documentos/Academia/ServicioSocial/ros2_ws/install/ros_gz_interfaces/local/lib/python3.10/dist-packages:${PYTHONPATH} /usr/bin/cmake /home/shadoroca/Documentos/Academia/ServicioSocial/ros2_ws/src/ros_gz/ros_gz_sim_demos -DCMAKE_INSTALL_PREFIX=/home/shadoroca/Documentos/Academia/ServicioSocial/ros2_ws/install/ros_gz_sim_demos
[0.072s] -- The C compiler identification is GNU 11.3.0
[0.125s] -- The CXX compiler identification is GNU 11.3.0
[0.132s] -- Detecting C compiler ABI info
[0.194s] -- Detecting C compiler ABI info - done
[0.208s] -- Check for working C compiler: /usr/bin/cc - skipped
[0.208s] -- Detecting C compile features
[0.209s] -- Detecting C compile features - done
[0.214s] -- Detecting CXX compiler ABI info
[0.297s] -- Detecting CXX compiler ABI info - done
[0.306s] -- Check for working CXX compiler: /usr/bin/c++ - skipped
[0.307s] -- Detecting CXX compile features
[0.307s] -- Detecting CXX compile features - done
[0.310s] -- Found ament_cmake: 1.3.5 (/opt/ros/humble/share/ament_cmake/cmake)
[0.481s] -- Found Python3: /usr/bin/python3.10 (found version "3.10.6") found components: Interpreter 
[0.573s] -- Found ament_lint_auto: 0.12.6 (/opt/ros/humble/share/ament_lint_auto/cmake)
[0.665s] -- Added test 'copyright' to check source files copyright and LICENSE
[0.673s] -- Added test 'flake8' to check Python code syntax and style conventions
[0.674s] -- Added test 'lint_cmake' to check CMake code style
[0.675s] -- Added test 'pep257' to check Python code against some of the docstring style conventions in PEP 257
[0.679s] -- Added test 'xmllint' to check XML markup files
[0.680s] -- Configuring done
[0.684s] -- Generating done
[0.686s] -- Build files have been written to: /home/shadoroca/Documentos/Academia/ServicioSocial/ros2_ws/build/ros_gz_sim_demos
[0.695s] Invoked command in '/home/shadoroca/Documentos/Academia/ServicioSocial/ros2_ws/build/ros_gz_sim_demos' returned '0': AMENT_PREFIX_PATH=/home/shadoroca/Documentos/Academia/ServicioSocial/ros2_ws/install/ros_gz_image:/home/shadoroca/Documentos/Academia/ServicioSocial/ros2_ws/install/ros_gz_bridge:/home/shadoroca/Documentos/Academia/ServicioSocial/ros2_ws/install/ros_gz_sim:/home/shadoroca/Documentos/Academia/ServicioSocial/ros2_ws/install/ros_gz_interfaces:${AMENT_PREFIX_PATH} CMAKE_PREFIX_PATH=/home/shadoroca/Documentos/Academia/ServicioSocial/ros2_ws/install/ros_gz_image:/home/shadoroca/Documentos/Academia/ServicioSocial/ros2_ws/install/ros_gz_bridge:/home/shadoroca/Documentos/Academia/ServicioSocial/ros2_ws/install/ros_gz_sim:/home/shadoroca/Documentos/Academia/ServicioSocial/ros2_ws/install/ros_gz_interfaces:/opt/ros/humble LD_LIBRARY_PATH=/home/shadoroca/Documentos/Academia/ServicioSocial/ros2_ws/install/ros_gz_bridge/lib:/home/shadoroca/Documentos/Academia/ServicioSocial/ros2_ws/install/ros_gz_sim/lib:/home/shadoroca/Documentos/Academia/ServicioSocial/ros2_ws/install/ros_gz_interfaces/lib:${LD_LIBRARY_PATH} PYTHONPATH=/home/shadoroca/Documentos/Academia/ServicioSocial/ros2_ws/install/ros_gz_interfaces/local/lib/python3.10/dist-packages:${PYTHONPATH} /usr/bin/cmake /home/shadoroca/Documentos/Academia/ServicioSocial/ros2_ws/src/ros_gz/ros_gz_sim_demos -DCMAKE_INSTALL_PREFIX=/home/shadoroca/Documentos/Academia/ServicioSocial/ros2_ws/install/ros_gz_sim_demos
[0.696s] Invoking command in '/home/shadoroca/Documentos/Academia/ServicioSocial/ros2_ws/build/ros_gz_sim_demos': AMENT_PREFIX_PATH=/home/shadoroca/Documentos/Academia/ServicioSocial/ros2_ws/install/ros_gz_image:/home/shadoroca/Documentos/Academia/ServicioSocial/ros2_ws/install/ros_gz_bridge:/home/shadoroca/Documentos/Academia/ServicioSocial/ros2_ws/install/ros_gz_sim:/home/shadoroca/Documentos/Academia/ServicioSocial/ros2_ws/install/ros_gz_interfaces:${AMENT_PREFIX_PATH} CMAKE_PREFIX_PATH=/home/shadoroca/Documentos/Academia/ServicioSocial/ros2_ws/install/ros_gz_image:/home/shadoroca/Documentos/Academia/ServicioSocial/ros2_ws/install/ros_gz_bridge:/home/shadoroca/Documentos/Academia/ServicioSocial/ros2_ws/install/ros_gz_sim:/home/shadoroca/Documentos/Academia/ServicioSocial/ros2_ws/install/ros_gz_interfaces:/opt/ros/humble LD_LIBRARY_PATH=/home/shadoroca/Documentos/Academia/ServicioSocial/ros2_ws/install/ros_gz_bridge/lib:/home/shadoroca/Documentos/Academia/ServicioSocial/ros2_ws/install/ros_gz_sim/lib:/home/shadoroca/Documentos/Academia/ServicioSocial/ros2_ws/install/ros_gz_interfaces/lib:${LD_LIBRARY_PATH} PYTHONPATH=/home/shadoroca/Documentos/Academia/ServicioSocial/ros2_ws/install/ros_gz_interfaces/local/lib/python3.10/dist-packages:${PYTHONPATH} /usr/bin/cmake --build /home/shadoroca/Documentos/Academia/ServicioSocial/ros2_ws/build/ros_gz_sim_demos -- -j8 -l8
[0.732s] Invoked command in '/home/shadoroca/Documentos/Academia/ServicioSocial/ros2_ws/build/ros_gz_sim_demos' returned '0': AMENT_PREFIX_PATH=/home/shadoroca/Documentos/Academia/ServicioSocial/ros2_ws/install/ros_gz_image:/home/shadoroca/Documentos/Academia/ServicioSocial/ros2_ws/install/ros_gz_bridge:/home/shadoroca/Documentos/Academia/ServicioSocial/ros2_ws/install/ros_gz_sim:/home/shadoroca/Documentos/Academia/ServicioSocial/ros2_ws/install/ros_gz_interfaces:${AMENT_PREFIX_PATH} CMAKE_PREFIX_PATH=/home/shadoroca/Documentos/Academia/ServicioSocial/ros2_ws/install/ros_gz_image:/home/shadoroca/Documentos/Academia/ServicioSocial/ros2_ws/install/ros_gz_bridge:/home/shadoroca/Documentos/Academia/ServicioSocial/ros2_ws/install/ros_gz_sim:/home/shadoroca/Documentos/Academia/ServicioSocial/ros2_ws/install/ros_gz_interfaces:/opt/ros/humble LD_LIBRARY_PATH=/home/shadoroca/Documentos/Academia/ServicioSocial/ros2_ws/install/ros_gz_bridge/lib:/home/shadoroca/Documentos/Academia/ServicioSocial/ros2_ws/install/ros_gz_sim/lib:/home/shadoroca/Documentos/Academia/ServicioSocial/ros2_ws/install/ros_gz_interfaces/lib:${LD_LIBRARY_PATH} PYTHONPATH=/home/shadoroca/Documentos/Academia/ServicioSocial/ros2_ws/install/ros_gz_interfaces/local/lib/python3.10/dist-packages:${PYTHONPATH} /usr/bin/cmake --build /home/shadoroca/Documentos/Academia/ServicioSocial/ros2_ws/build/ros_gz_sim_demos -- -j8 -l8
[0.750s] Invoking command in '/home/shadoroca/Documentos/Academia/ServicioSocial/ros2_ws/build/ros_gz_sim_demos': AMENT_PREFIX_PATH=/home/shadoroca/Documentos/Academia/ServicioSocial/ros2_ws/install/ros_gz_image:/home/shadoroca/Documentos/Academia/ServicioSocial/ros2_ws/install/ros_gz_bridge:/home/shadoroca/Documentos/Academia/ServicioSocial/ros2_ws/install/ros_gz_sim:/home/shadoroca/Documentos/Academia/ServicioSocial/ros2_ws/install/ros_gz_interfaces:${AMENT_PREFIX_PATH} CMAKE_PREFIX_PATH=/home/shadoroca/Documentos/Academia/ServicioSocial/ros2_ws/install/ros_gz_image:/home/shadoroca/Documentos/Academia/ServicioSocial/ros2_ws/install/ros_gz_bridge:/home/shadoroca/Documentos/Academia/ServicioSocial/ros2_ws/install/ros_gz_sim:/home/shadoroca/Documentos/Academia/ServicioSocial/ros2_ws/install/ros_gz_interfaces:/opt/ros/humble LD_LIBRARY_PATH=/home/shadoroca/Documentos/Academia/ServicioSocial/ros2_ws/install/ros_gz_bridge/lib:/home/shadoroca/Documentos/Academia/ServicioSocial/ros2_ws/install/ros_gz_sim/lib:/home/shadoroca/Documentos/Academia/ServicioSocial/ros2_ws/install/ros_gz_interfaces/lib:${LD_LIBRARY_PATH} PYTHONPATH=/home/shadoroca/Documentos/Academia/ServicioSocial/ros2_ws/install/ros_gz_interfaces/local/lib/python3.10/dist-packages:${PYTHONPATH} /usr/bin/cmake --install /home/shadoroca/Documentos/Academia/ServicioSocial/ros2_ws/build/ros_gz_sim_demos
[0.758s] -- Install configuration: ""
[0.758s] -- Installing: /home/shadoroca/Documentos/Academia/ServicioSocial/ros2_ws/install/ros_gz_sim_demos/share/ros_gz_sim_demos/launch
[0.758s] -- Installing: /home/shadoroca/Documentos/Academia/ServicioSocial/ros2_ws/install/ros_gz_sim_demos/share/ros_gz_sim_demos/launch/rgbd_camera_bridge.launch.py
[0.758s] -- Installing: /home/shadoroca/Documentos/Academia/ServicioSocial/ros2_ws/install/ros_gz_sim_demos/share/ros_gz_sim_demos/launch/joint_states.launch.py
[0.759s] -- Installing: /home/shadoroca/Documentos/Academia/ServicioSocial/ros2_ws/install/ros_gz_sim_demos/share/ros_gz_sim_demos/launch/battery.launch.py
[0.759s] -- Installing: /home/shadoroca/Documentos/Academia/ServicioSocial/ros2_ws/install/ros_gz_sim_demos/share/ros_gz_sim_demos/launch/gpu_lidar.launch.py
[0.759s] -- Installing: /home/shadoroca/Documentos/Academia/ServicioSocial/ros2_ws/install/ros_gz_sim_demos/share/ros_gz_sim_demos/launch/camera.launch.py
[0.759s] -- Installing: /home/shadoroca/Documentos/Academia/ServicioSocial/ros2_ws/install/ros_gz_sim_demos/share/ros_gz_sim_demos/launch/imu.launch.py
[0.760s] -- Installing: /home/shadoroca/Documentos/Academia/ServicioSocial/ros2_ws/install/ros_gz_sim_demos/share/ros_gz_sim_demos/launch/air_pressure.launch.py
[0.760s] -- Installing: /home/shadoroca/Documentos/Academia/ServicioSocial/ros2_ws/install/ros_gz_sim_demos/share/ros_gz_sim_demos/launch/sdf_parser.launch.py
[0.760s] -- Installing: /home/shadoroca/Documentos/Academia/ServicioSocial/ros2_ws/install/ros_gz_sim_demos/share/ros_gz_sim_demos/launch/robot_description_publisher.launch.py
[0.760s] -- Installing: /home/shadoroca/Documentos/Academia/ServicioSocial/ros2_ws/install/ros_gz_sim_demos/share/ros_gz_sim_demos/launch/gpu_lidar_bridge.launch.py
[0.761s] -- Installing: /home/shadoroca/Documentos/Academia/ServicioSocial/ros2_ws/install/ros_gz_sim_demos/share/ros_gz_sim_demos/launch/rgbd_camera.launch.py
[0.761s] -- Installing: /home/shadoroca/Documentos/Academia/ServicioSocial/ros2_ws/install/ros_gz_sim_demos/share/ros_gz_sim_demos/launch/navsat.launch.py
[0.761s] -- Installing: /home/shadoroca/Documentos/Academia/ServicioSocial/ros2_ws/install/ros_gz_sim_demos/share/ros_gz_sim_demos/launch/depth_camera.launch.py
[0.761s] -- Installing: /home/shadoroca/Documentos/Academia/ServicioSocial/ros2_ws/install/ros_gz_sim_demos/share/ros_gz_sim_demos/launch/tf_bridge.launch.py
[0.761s] -- Installing: /home/shadoroca/Documentos/Academia/ServicioSocial/ros2_ws/install/ros_gz_sim_demos/share/ros_gz_sim_demos/launch/triggered_camera.launch.py
[0.762s] -- Installing: /home/shadoroca/Documentos/Academia/ServicioSocial/ros2_ws/install/ros_gz_sim_demos/share/ros_gz_sim_demos/launch/diff_drive.launch.py
[0.762s] -- Installing: /home/shadoroca/Documentos/Academia/ServicioSocial/ros2_ws/install/ros_gz_sim_demos/share/ros_gz_sim_demos/launch/image_bridge.launch.py
[0.762s] -- Installing: /home/shadoroca/Documentos/Academia/ServicioSocial/ros2_ws/install/ros_gz_sim_demos/share/ros_gz_sim_demos/launch/magnetometer.launch.py
[0.762s] -- Installing: /home/shadoroca/Documentos/Academia/ServicioSocial/ros2_ws/install/ros_gz_sim_demos/share/ros_gz_sim_demos/rviz
[0.762s] -- Installing: /home/shadoroca/Documentos/Academia/ServicioSocial/ros2_ws/install/ros_gz_sim_demos/share/ros_gz_sim_demos/rviz/rgbd_camera.rviz
[0.763s] -- Installing: /home/shadoroca/Documentos/Academia/ServicioSocial/ros2_ws/install/ros_gz_sim_demos/share/ros_gz_sim_demos/rviz/gpu_lidar.rviz
[0.763s] -- Installing: /home/shadoroca/Documentos/Academia/ServicioSocial/ros2_ws/install/ros_gz_sim_demos/share/ros_gz_sim_demos/rviz/camera.rviz
[0.763s] -- Installing: /home/shadoroca/Documentos/Academia/ServicioSocial/ros2_ws/install/ros_gz_sim_demos/share/ros_gz_sim_demos/rviz/diff_drive.rviz
[0.763s] -- Installing: /home/shadoroca/Documentos/Academia/ServicioSocial/ros2_ws/install/ros_gz_sim_demos/share/ros_gz_sim_demos/rviz/tf_bridge.rviz
[0.764s] -- Installing: /home/shadoroca/Documentos/Academia/ServicioSocial/ros2_ws/install/ros_gz_sim_demos/share/ros_gz_sim_demos/rviz/imu.rviz
[0.764s] -- Installing: /home/shadoroca/Documentos/Academia/ServicioSocial/ros2_ws/install/ros_gz_sim_demos/share/ros_gz_sim_demos/rviz/vehicle.rviz
[0.764s] -- Installing: /home/shadoroca/Documentos/Academia/ServicioSocial/ros2_ws/install/ros_gz_sim_demos/share/ros_gz_sim_demos/rviz/depth_camera.rviz
[0.764s] -- Installing: /home/shadoroca/Documentos/Academia/ServicioSocial/ros2_ws/install/ros_gz_sim_demos/share/ros_gz_sim_demos/rviz/joint_states.rviz
[0.765s] -- Installing: /home/shadoroca/Documentos/Academia/ServicioSocial/ros2_ws/install/ros_gz_sim_demos/share/ros_gz_sim_demos/rviz/gpu_lidar_bridge.rviz
[0.765s] -- Installing: /home/shadoroca/Documentos/Academia/ServicioSocial/ros2_ws/install/ros_gz_sim_demos/share/ros_gz_sim_demos/rviz/rgbd_camera_bridge.rviz
[0.765s] -- Installing: /home/shadoroca/Documentos/Academia/ServicioSocial/ros2_ws/install/ros_gz_sim_demos/share/ros_gz_sim_demos/rviz/robot_description_publisher.rviz
[0.765s] -- Installing: /home/shadoroca/Documentos/Academia/ServicioSocial/ros2_ws/install/ros_gz_sim_demos/share/ros_gz_sim_demos/models
[0.765s] -- Installing: /home/shadoroca/Documentos/Academia/ServicioSocial/ros2_ws/install/ros_gz_sim_demos/share/ros_gz_sim_demos/models/double_pendulum_model.sdf
[0.766s] -- Installing: /home/shadoroca/Documentos/Academia/ServicioSocial/ros2_ws/install/ros_gz_sim_demos/share/ros_gz_sim_demos/models/vehicle
[0.766s] -- Installing: /home/shadoroca/Documentos/Academia/ServicioSocial/ros2_ws/install/ros_gz_sim_demos/share/ros_gz_sim_demos/models/vehicle/model.sdf
[0.766s] -- Installing: /home/shadoroca/Documentos/Academia/ServicioSocial/ros2_ws/install/ros_gz_sim_demos/share/ros_gz_sim_demos/models/vehicle/model.config
[0.766s] -- Installing: /home/shadoroca/Documentos/Academia/ServicioSocial/ros2_ws/install/ros_gz_sim_demos/share/ros_gz_sim_demos/models/rrbot.xacro
[0.766s] -- Installing: /home/shadoroca/Documentos/Academia/ServicioSocial/ros2_ws/install/ros_gz_sim_demos/share/ros_gz_sim_demos/worlds
[0.767s] -- Installing: /home/shadoroca/Documentos/Academia/ServicioSocial/ros2_ws/install/ros_gz_sim_demos/share/ros_gz_sim_demos/worlds/vehicle.sdf
[0.767s] -- Installing: /home/shadoroca/Documentos/Academia/ServicioSocial/ros2_ws/install/ros_gz_sim_demos/share/ros_gz_sim_demos/environment/ros_gz_sim_demos.dsv
[0.767s] -- Installing: /home/shadoroca/Documentos/Academia/ServicioSocial/ros2_ws/install/ros_gz_sim_demos/share/ament_index/resource_index/package_run_dependencies/ros_gz_sim_demos
[0.767s] -- Installing: /home/shadoroca/Documentos/Academia/ServicioSocial/ros2_ws/install/ros_gz_sim_demos/share/ament_index/resource_index/parent_prefix_path/ros_gz_sim_demos
[0.767s] -- Installing: /home/shadoroca/Documentos/Academia/ServicioSocial/ros2_ws/install/ros_gz_sim_demos/share/ros_gz_sim_demos/environment/ament_prefix_path.sh
[0.768s] -- Installing: /home/shadoroca/Documentos/Academia/ServicioSocial/ros2_ws/install/ros_gz_sim_demos/share/ros_gz_sim_demos/environment/ament_prefix_path.dsv
[0.768s] -- Installing: /home/shadoroca/Documentos/Academia/ServicioSocial/ros2_ws/install/ros_gz_sim_demos/share/ros_gz_sim_demos/environment/path.sh
[0.768s] -- Installing: /home/shadoroca/Documentos/Academia/ServicioSocial/ros2_ws/install/ros_gz_sim_demos/share/ros_gz_sim_demos/environment/path.dsv
[0.768s] -- Installing: /home/shadoroca/Documentos/Academia/ServicioSocial/ros2_ws/install/ros_gz_sim_demos/share/ros_gz_sim_demos/local_setup.bash
[0.768s] -- Installing: /home/shadoroca/Documentos/Academia/ServicioSocial/ros2_ws/install/ros_gz_sim_demos/share/ros_gz_sim_demos/local_setup.sh
[0.768s] -- Installing: /home/shadoroca/Documentos/Academia/ServicioSocial/ros2_ws/install/ros_gz_sim_demos/share/ros_gz_sim_demos/local_setup.zsh
[0.768s] -- Installing: /home/shadoroca/Documentos/Academia/ServicioSocial/ros2_ws/install/ros_gz_sim_demos/share/ros_gz_sim_demos/local_setup.dsv
[0.769s] -- Installing: /home/shadoroca/Documentos/Academia/ServicioSocial/ros2_ws/install/ros_gz_sim_demos/share/ros_gz_sim_demos/package.dsv
[0.769s] -- Installing: /home/shadoroca/Documentos/Academia/ServicioSocial/ros2_ws/install/ros_gz_sim_demos/share/ament_index/resource_index/packages/ros_gz_sim_demos
[0.769s] -- Installing: /home/shadoroca/Documentos/Academia/ServicioSocial/ros2_ws/install/ros_gz_sim_demos/share/ros_gz_sim_demos/cmake/ros_gz_sim_demosConfig.cmake
[0.769s] -- Installing: /home/shadoroca/Documentos/Academia/ServicioSocial/ros2_ws/install/ros_gz_sim_demos/share/ros_gz_sim_demos/cmake/ros_gz_sim_demosConfig-version.cmake
[0.769s] -- Installing: /home/shadoroca/Documentos/Academia/ServicioSocial/ros2_ws/install/ros_gz_sim_demos/share/ros_gz_sim_demos/package.xml
[0.775s] Invoked command in '/home/shadoroca/Documentos/Academia/ServicioSocial/ros2_ws/build/ros_gz_sim_demos' returned '0': AMENT_PREFIX_PATH=/home/shadoroca/Documentos/Academia/ServicioSocial/ros2_ws/install/ros_gz_image:/home/shadoroca/Documentos/Academia/ServicioSocial/ros2_ws/install/ros_gz_bridge:/home/shadoroca/Documentos/Academia/ServicioSocial/ros2_ws/install/ros_gz_sim:/home/shadoroca/Documentos/Academia/ServicioSocial/ros2_ws/install/ros_gz_interfaces:${AMENT_PREFIX_PATH} CMAKE_PREFIX_PATH=/home/shadoroca/Documentos/Academia/ServicioSocial/ros2_ws/install/ros_gz_image:/home/shadoroca/Documentos/Academia/ServicioSocial/ros2_ws/install/ros_gz_bridge:/home/shadoroca/Documentos/Academia/ServicioSocial/ros2_ws/install/ros_gz_sim:/home/shadoroca/Documentos/Academia/ServicioSocial/ros2_ws/install/ros_gz_interfaces:/opt/ros/humble LD_LIBRARY_PATH=/home/shadoroca/Documentos/Academia/ServicioSocial/ros2_ws/install/ros_gz_bridge/lib:/home/shadoroca/Documentos/Academia/ServicioSocial/ros2_ws/install/ros_gz_sim/lib:/home/shadoroca/Documentos/Academia/ServicioSocial/ros2_ws/install/ros_gz_interfaces/lib:${LD_LIBRARY_PATH} PYTHONPATH=/home/shadoroca/Documentos/Academia/ServicioSocial/ros2_ws/install/ros_gz_interfaces/local/lib/python3.10/dist-packages:${PYTHONPATH} /usr/bin/cmake --install /home/shadoroca/Documentos/Academia/ServicioSocial/ros2_ws/build/ros_gz_sim_demos
