[1.995s] Invoking command in '/home/shadoroca/Documentos/Academia/ServicioSocial/Ambiente-Paneles/ambiente_panel/src/movement': PYTHONPATH=/home/shadoroca/Documentos/Academia/ServicioSocial/Ambiente-Paneles/ambiente_panel/build/movement/prefix_override:/home/shadoroca/Documentos/Academia/ServicioSocial/Ambiente-Paneles/ambiente_panel/install/movement/lib/python3.10/site-packages:${PYTHONPATH} /usr/bin/python3 setup.py egg_info --egg-base ../../build/movement build --build-base /home/shadoroca/Documentos/Academia/ServicioSocial/Ambiente-Paneles/ambiente_panel/build/movement/build install --record /home/shadoroca/Documentos/Academia/ServicioSocial/Ambiente-Paneles/ambiente_panel/build/movement/install.log --single-version-externally-managed
[2.587s] running egg_info
[2.589s] writing ../../build/movement/movement.egg-info/PKG-INFO
[2.589s] writing dependency_links to ../../build/movement/movement.egg-info/dependency_links.txt
[2.589s] writing entry points to ../../build/movement/movement.egg-info/entry_points.txt
[2.590s] writing requirements to ../../build/movement/movement.egg-info/requires.txt
[2.590s] writing top-level names to ../../build/movement/movement.egg-info/top_level.txt
[2.593s] reading manifest file '../../build/movement/movement.egg-info/SOURCES.txt'
[2.596s] writing manifest file '../../build/movement/movement.egg-info/SOURCES.txt'
[2.597s] running build
[2.597s] running build_py
[2.597s] running install
[2.598s] running install_lib
[2.599s] running install_data
[2.600s] running install_egg_info
[2.603s] removing '/home/shadoroca/Documentos/Academia/ServicioSocial/Ambiente-Paneles/ambiente_panel/install/movement/lib/python3.10/site-packages/movement-0.0.0-py3.10.egg-info' (and everything under it)
[2.603s] Copying ../../build/movement/movement.egg-info to /home/shadoroca/Documentos/Academia/ServicioSocial/Ambiente-Paneles/ambiente_panel/install/movement/lib/python3.10/site-packages/movement-0.0.0-py3.10.egg-info
[2.605s] running install_scripts
[2.636s] Installing path_rutine script to /home/shadoroca/Documentos/Academia/ServicioSocial/Ambiente-Paneles/ambiente_panel/install/movement/lib/movement
[2.636s] Installing random_twist_publisher script to /home/shadoroca/Documentos/Academia/ServicioSocial/Ambiente-Paneles/ambiente_panel/install/movement/lib/movement
[2.636s] writing list of installed files to '/home/shadoroca/Documentos/Academia/ServicioSocial/Ambiente-Paneles/ambiente_panel/build/movement/install.log'
[2.698s] Invoked command in '/home/shadoroca/Documentos/Academia/ServicioSocial/Ambiente-Paneles/ambiente_panel/src/movement' returned '0': PYTHONPATH=/home/shadoroca/Documentos/Academia/ServicioSocial/Ambiente-Paneles/ambiente_panel/build/movement/prefix_override:/home/shadoroca/Documentos/Academia/ServicioSocial/Ambiente-Paneles/ambiente_panel/install/movement/lib/python3.10/site-packages:${PYTHONPATH} /usr/bin/python3 setup.py egg_info --egg-base ../../build/movement build --build-base /home/shadoroca/Documentos/Academia/ServicioSocial/Ambiente-Paneles/ambiente_panel/build/movement/build install --record /home/shadoroca/Documentos/Academia/ServicioSocial/Ambiente-Paneles/ambiente_panel/build/movement/install.log --single-version-externally-managed
