running egg_info
writing ../../build/movement/movement.egg-info/PKG-INFO
writing dependency_links to ../../build/movement/movement.egg-info/dependency_links.txt
writing entry points to ../../build/movement/movement.egg-info/entry_points.txt
writing requirements to ../../build/movement/movement.egg-info/requires.txt
writing top-level names to ../../build/movement/movement.egg-info/top_level.txt
reading manifest file '../../build/movement/movement.egg-info/SOURCES.txt'
writing manifest file '../../build/movement/movement.egg-info/SOURCES.txt'
running build
running build_py
copying movement/path_rutine.py -> /home/shadoroca/Documentos/Academia/ServicioSocial/Ambiente-Paneles/ambiente_panel/build/movement/build/lib/movement
running install
running install_lib
copying /home/shadoroca/Documentos/Academia/ServicioSocial/Ambiente-Paneles/ambiente_panel/build/movement/build/lib/movement/path_rutine.py -> /home/shadoroca/Documentos/Academia/ServicioSocial/Ambiente-Paneles/ambiente_panel/install/movement/lib/python3.10/site-packages/movement
byte-compiling /home/shadoroca/Documentos/Academia/ServicioSocial/Ambiente-Paneles/ambiente_panel/install/movement/lib/python3.10/site-packages/movement/path_rutine.py to path_rutine.cpython-310.pyc
running install_data
running install_egg_info
removing '/home/shadoroca/Documentos/Academia/ServicioSocial/Ambiente-Paneles/ambiente_panel/install/movement/lib/python3.10/site-packages/movement-0.0.0-py3.10.egg-info' (and everything under it)
Copying ../../build/movement/movement.egg-info to /home/shadoroca/Documentos/Academia/ServicioSocial/Ambiente-Paneles/ambiente_panel/install/movement/lib/python3.10/site-packages/movement-0.0.0-py3.10.egg-info
running install_scripts
Installing path_rutine script to /home/shadoroca/Documentos/Academia/ServicioSocial/Ambiente-Paneles/ambiente_panel/install/movement/lib/movement
Installing random_twist_publisher script to /home/shadoroca/Documentos/Academia/ServicioSocial/Ambiente-Paneles/ambiente_panel/install/movement/lib/movement
writing list of installed files to '/home/shadoroca/Documentos/Academia/ServicioSocial/Ambiente-Paneles/ambiente_panel/build/movement/install.log'
