[1.114s] Invoking command in '/home/shadoroca/Documentos/Academia/ServicioSocial/Ambiente-Paneles/ambiente_panel/src/movement': PYTHONPATH=/home/shadoroca/Documentos/Academia/ServicioSocial/Ambiente-Paneles/ambiente_panel/build/movement/prefix_override:/home/shadoroca/Documentos/Academia/ServicioSocial/Ambiente-Paneles/ambiente_panel/install/movement/lib/python3.10/site-packages:${PYTHONPATH} /usr/bin/python3 setup.py egg_info --egg-base ../../build/movement build --build-base /home/shadoroca/Documentos/Academia/ServicioSocial/Ambiente-Paneles/ambiente_panel/build/movement/build install --record /home/shadoroca/Documentos/Academia/ServicioSocial/Ambiente-Paneles/ambiente_panel/build/movement/install.log --single-version-externally-managed
[1.534s] running egg_info
[1.535s] writing ../../build/movement/movement.egg-info/PKG-INFO
[1.535s] writing dependency_links to ../../build/movement/movement.egg-info/dependency_links.txt
[1.535s] writing entry points to ../../build/movement/movement.egg-info/entry_points.txt
[1.536s] writing requirements to ../../build/movement/movement.egg-info/requires.txt
[1.536s] writing top-level names to ../../build/movement/movement.egg-info/top_level.txt
[1.538s] reading manifest file '../../build/movement/movement.egg-info/SOURCES.txt'
[1.539s] writing manifest file '../../build/movement/movement.egg-info/SOURCES.txt'
[1.539s] running build
[1.540s] running build_py
[1.540s] copying movement/path_rutine.py -> /home/shadoroca/Documentos/Academia/ServicioSocial/Ambiente-Paneles/ambiente_panel/build/movement/build/lib/movement
[1.540s] running install
[1.540s] running install_lib
[1.541s] copying /home/shadoroca/Documentos/Academia/ServicioSocial/Ambiente-Paneles/ambiente_panel/build/movement/build/lib/movement/path_rutine.py -> /home/shadoroca/Documentos/Academia/ServicioSocial/Ambiente-Paneles/ambiente_panel/install/movement/lib/python3.10/site-packages/movement
[1.542s] byte-compiling /home/shadoroca/Documentos/Academia/ServicioSocial/Ambiente-Paneles/ambiente_panel/install/movement/lib/python3.10/site-packages/movement/path_rutine.py to path_rutine.cpython-310.pyc
[1.543s] running install_data
[1.544s] running install_egg_info
[1.547s] removing '/home/shadoroca/Documentos/Academia/ServicioSocial/Ambiente-Paneles/ambiente_panel/install/movement/lib/python3.10/site-packages/movement-0.0.0-py3.10.egg-info' (and everything under it)
[1.547s] Copying ../../build/movement/movement.egg-info to /home/shadoroca/Documentos/Academia/ServicioSocial/Ambiente-Paneles/ambiente_panel/install/movement/lib/python3.10/site-packages/movement-0.0.0-py3.10.egg-info
[1.549s] running install_scripts
[1.578s] Installing path_rutine script to /home/shadoroca/Documentos/Academia/ServicioSocial/Ambiente-Paneles/ambiente_panel/install/movement/lib/movement
[1.579s] Installing random_twist_publisher script to /home/shadoroca/Documentos/Academia/ServicioSocial/Ambiente-Paneles/ambiente_panel/install/movement/lib/movement
[1.579s] writing list of installed files to '/home/shadoroca/Documentos/Academia/ServicioSocial/Ambiente-Paneles/ambiente_panel/build/movement/install.log'
[1.624s] Invoked command in '/home/shadoroca/Documentos/Academia/ServicioSocial/Ambiente-Paneles/ambiente_panel/src/movement' returned '0': PYTHONPATH=/home/shadoroca/Documentos/Academia/ServicioSocial/Ambiente-Paneles/ambiente_panel/build/movement/prefix_override:/home/shadoroca/Documentos/Academia/ServicioSocial/Ambiente-Paneles/ambiente_panel/install/movement/lib/python3.10/site-packages:${PYTHONPATH} /usr/bin/python3 setup.py egg_info --egg-base ../../build/movement build --build-base /home/shadoroca/Documentos/Academia/ServicioSocial/Ambiente-Paneles/ambiente_panel/build/movement/build install --record /home/shadoroca/Documentos/Academia/ServicioSocial/Ambiente-Paneles/ambiente_panel/build/movement/install.log --single-version-externally-managed
