[0.320s] DEBUG:colcon:Command line arguments: ['/usr/bin/colcon', 'build', '--packages-select', 'movement']
[0.320s] DEBUG:colcon:Parsed command line arguments: Namespace(log_base=None, log_level=None, verb_name='build', build_base='build', install_base='install', merge_install=False, symlink_install=False, test_result_base=None, continue_on_error=False, executor='parallel', parallel_workers=8, event_handlers=None, ignore_user_meta=False, metas=['./colcon.meta'], base_paths=['.'], packages_ignore=None, packages_ignore_regex=None, paths=None, packages_up_to=None, packages_up_to_regex=None, packages_above=None, packages_above_and_dependencies=None, packages_above_depth=None, packages_select_by_dep=None, packages_skip_by_dep=None, packages_skip_up_to=None, packages_select_build_failed=False, packages_skip_build_finished=False, packages_select_test_failures=False, packages_skip_test_passed=False, packages_select=['movement'], packages_skip=None, packages_select_regex=None, packages_skip_regex=None, packages_start=None, packages_end=None, allow_overriding=[], cmake_args=None, cmake_target=None, cmake_target_skip_unavailable=False, cmake_clean_cache=False, cmake_clean_first=False, cmake_force_configure=False, ament_cmake_args=None, catkin_cmake_args=None, catkin_skip_building_tests=False, verb_parser=<colcon_defaults.argument_parser.defaults.DefaultArgumentsDecorator object at 0x7f689ab97e50>, verb_extension=<colcon_core.verb.build.BuildVerb object at 0x7f689ab978e0>, main=<bound method BuildVerb.main of <colcon_core.verb.build.BuildVerb object at 0x7f689ab978e0>>)
[0.351s] Level 1:colcon.colcon_core.package_discovery:discover_packages(colcon_meta) check parameters
[0.351s] Level 1:colcon.colcon_core.package_discovery:discover_packages(recursive) check parameters
[0.351s] Level 1:colcon.colcon_core.package_discovery:discover_packages(ignore) check parameters
[0.351s] Level 1:colcon.colcon_core.package_discovery:discover_packages(path) check parameters
[0.351s] Level 1:colcon.colcon_core.package_discovery:discover_packages(colcon_meta) discover
[0.351s] Level 1:colcon.colcon_core.package_discovery:discover_packages(recursive) discover
[0.352s] INFO:colcon.colcon_core.package_discovery:Crawling recursively for packages in '/home/shadoroca/Documentos/Academia/ServicioSocial/ambiente_panel'
[0.352s] Level 1:colcon.colcon_core.package_identification:_identify(.) by extensions ['ignore', 'ignore_ament_install']
[0.352s] Level 1:colcon.colcon_core.package_identification:_identify(.) by extension 'ignore'
[0.352s] Level 1:colcon.colcon_core.package_identification:_identify(.) by extension 'ignore_ament_install'
[0.352s] Level 1:colcon.colcon_core.package_identification:_identify(.) by extensions ['colcon_pkg']
[0.352s] Level 1:colcon.colcon_core.package_identification:_identify(.) by extension 'colcon_pkg'
[0.352s] Level 1:colcon.colcon_core.package_identification:_identify(.) by extensions ['colcon_meta']
[0.352s] Level 1:colcon.colcon_core.package_identification:_identify(.) by extension 'colcon_meta'
[0.352s] Level 1:colcon.colcon_core.package_identification:_identify(.) by extensions ['ros']
[0.352s] Level 1:colcon.colcon_core.package_identification:_identify(.) by extension 'ros'
[0.368s] Level 1:colcon.colcon_core.package_identification:_identify(.) by extensions ['cmake', 'python']
[0.368s] Level 1:colcon.colcon_core.package_identification:_identify(.) by extension 'cmake'
[0.368s] Level 1:colcon.colcon_core.package_identification:_identify(.) by extension 'python'
[0.368s] Level 1:colcon.colcon_core.package_identification:_identify(.) by extensions ['python_setup_py']
[0.368s] Level 1:colcon.colcon_core.package_identification:_identify(.) by extension 'python_setup_py'
[0.369s] Level 1:colcon.colcon_core.package_identification:_identify(build) by extensions ['ignore', 'ignore_ament_install']
[0.369s] Level 1:colcon.colcon_core.package_identification:_identify(build) by extension 'ignore'
[0.369s] Level 1:colcon.colcon_core.package_identification:_identify(build) ignored
[0.369s] Level 1:colcon.colcon_core.package_identification:_identify(install) by extensions ['ignore', 'ignore_ament_install']
[0.369s] Level 1:colcon.colcon_core.package_identification:_identify(install) by extension 'ignore'
[0.369s] Level 1:colcon.colcon_core.package_identification:_identify(install) ignored
[0.369s] Level 1:colcon.colcon_core.package_identification:_identify(log) by extensions ['ignore', 'ignore_ament_install']
[0.369s] Level 1:colcon.colcon_core.package_identification:_identify(log) by extension 'ignore'
[0.369s] Level 1:colcon.colcon_core.package_identification:_identify(log) ignored
[0.369s] Level 1:colcon.colcon_core.package_identification:_identify(panel_solar) by extensions ['ignore', 'ignore_ament_install']
[0.370s] Level 1:colcon.colcon_core.package_identification:_identify(panel_solar) by extension 'ignore'
[0.370s] Level 1:colcon.colcon_core.package_identification:_identify(panel_solar) by extension 'ignore_ament_install'
[0.370s] Level 1:colcon.colcon_core.package_identification:_identify(panel_solar) by extensions ['colcon_pkg']
[0.370s] Level 1:colcon.colcon_core.package_identification:_identify(panel_solar) by extension 'colcon_pkg'
[0.370s] Level 1:colcon.colcon_core.package_identification:_identify(panel_solar) by extensions ['colcon_meta']
[0.370s] Level 1:colcon.colcon_core.package_identification:_identify(panel_solar) by extension 'colcon_meta'
[0.370s] Level 1:colcon.colcon_core.package_identification:_identify(panel_solar) by extensions ['ros']
[0.370s] Level 1:colcon.colcon_core.package_identification:_identify(panel_solar) by extension 'ros'
[0.370s] Level 1:colcon.colcon_core.package_identification:_identify(panel_solar) by extensions ['cmake', 'python']
[0.370s] Level 1:colcon.colcon_core.package_identification:_identify(panel_solar) by extension 'cmake'
[0.370s] Level 1:colcon.colcon_core.package_identification:_identify(panel_solar) by extension 'python'
[0.370s] Level 1:colcon.colcon_core.package_identification:_identify(panel_solar) by extensions ['python_setup_py']
[0.370s] Level 1:colcon.colcon_core.package_identification:_identify(panel_solar) by extension 'python_setup_py'
[0.370s] Level 1:colcon.colcon_core.package_identification:_identify(panel_solar/meshes) by extensions ['ignore', 'ignore_ament_install']
[0.371s] Level 1:colcon.colcon_core.package_identification:_identify(panel_solar/meshes) by extension 'ignore'
[0.371s] Level 1:colcon.colcon_core.package_identification:_identify(panel_solar/meshes) by extension 'ignore_ament_install'
[0.371s] Level 1:colcon.colcon_core.package_identification:_identify(panel_solar/meshes) by extensions ['colcon_pkg']
[0.371s] Level 1:colcon.colcon_core.package_identification:_identify(panel_solar/meshes) by extension 'colcon_pkg'
[0.371s] Level 1:colcon.colcon_core.package_identification:_identify(panel_solar/meshes) by extensions ['colcon_meta']
[0.371s] Level 1:colcon.colcon_core.package_identification:_identify(panel_solar/meshes) by extension 'colcon_meta'
[0.371s] Level 1:colcon.colcon_core.package_identification:_identify(panel_solar/meshes) by extensions ['ros']
[0.371s] Level 1:colcon.colcon_core.package_identification:_identify(panel_solar/meshes) by extension 'ros'
[0.371s] Level 1:colcon.colcon_core.package_identification:_identify(panel_solar/meshes) by extensions ['cmake', 'python']
[0.371s] Level 1:colcon.colcon_core.package_identification:_identify(panel_solar/meshes) by extension 'cmake'
[0.371s] Level 1:colcon.colcon_core.package_identification:_identify(panel_solar/meshes) by extension 'python'
[0.371s] Level 1:colcon.colcon_core.package_identification:_identify(panel_solar/meshes) by extensions ['python_setup_py']
[0.371s] Level 1:colcon.colcon_core.package_identification:_identify(panel_solar/meshes) by extension 'python_setup_py'
[0.371s] Level 1:colcon.colcon_core.package_identification:_identify(robot) by extensions ['ignore', 'ignore_ament_install']
[0.371s] Level 1:colcon.colcon_core.package_identification:_identify(robot) by extension 'ignore'
[0.371s] Level 1:colcon.colcon_core.package_identification:_identify(robot) by extension 'ignore_ament_install'
[0.372s] Level 1:colcon.colcon_core.package_identification:_identify(robot) by extensions ['colcon_pkg']
[0.372s] Level 1:colcon.colcon_core.package_identification:_identify(robot) by extension 'colcon_pkg'
[0.372s] Level 1:colcon.colcon_core.package_identification:_identify(robot) by extensions ['colcon_meta']
[0.372s] Level 1:colcon.colcon_core.package_identification:_identify(robot) by extension 'colcon_meta'
[0.372s] Level 1:colcon.colcon_core.package_identification:_identify(robot) by extensions ['ros']
[0.372s] Level 1:colcon.colcon_core.package_identification:_identify(robot) by extension 'ros'
[0.372s] Level 1:colcon.colcon_core.package_identification:_identify(robot) by extensions ['cmake', 'python']
[0.372s] Level 1:colcon.colcon_core.package_identification:_identify(robot) by extension 'cmake'
[0.372s] Level 1:colcon.colcon_core.package_identification:_identify(robot) by extension 'python'
[0.372s] Level 1:colcon.colcon_core.package_identification:_identify(robot) by extensions ['python_setup_py']
[0.372s] Level 1:colcon.colcon_core.package_identification:_identify(robot) by extension 'python_setup_py'
[0.372s] Level 1:colcon.colcon_core.package_identification:_identify(robot/images) by extensions ['ignore', 'ignore_ament_install']
[0.372s] Level 1:colcon.colcon_core.package_identification:_identify(robot/images) by extension 'ignore'
[0.372s] Level 1:colcon.colcon_core.package_identification:_identify(robot/images) by extension 'ignore_ament_install'
[0.372s] Level 1:colcon.colcon_core.package_identification:_identify(robot/images) by extensions ['colcon_pkg']
[0.372s] Level 1:colcon.colcon_core.package_identification:_identify(robot/images) by extension 'colcon_pkg'
[0.372s] Level 1:colcon.colcon_core.package_identification:_identify(robot/images) by extensions ['colcon_meta']
[0.372s] Level 1:colcon.colcon_core.package_identification:_identify(robot/images) by extension 'colcon_meta'
[0.372s] Level 1:colcon.colcon_core.package_identification:_identify(robot/images) by extensions ['ros']
[0.372s] Level 1:colcon.colcon_core.package_identification:_identify(robot/images) by extension 'ros'
[0.372s] Level 1:colcon.colcon_core.package_identification:_identify(robot/images) by extensions ['cmake', 'python']
[0.373s] Level 1:colcon.colcon_core.package_identification:_identify(robot/images) by extension 'cmake'
[0.373s] Level 1:colcon.colcon_core.package_identification:_identify(robot/images) by extension 'python'
[0.373s] Level 1:colcon.colcon_core.package_identification:_identify(robot/images) by extensions ['python_setup_py']
[0.373s] Level 1:colcon.colcon_core.package_identification:_identify(robot/images) by extension 'python_setup_py'
[0.373s] Level 1:colcon.colcon_core.package_identification:_identify(shapes) by extensions ['ignore', 'ignore_ament_install']
[0.373s] Level 1:colcon.colcon_core.package_identification:_identify(shapes) by extension 'ignore'
[0.373s] Level 1:colcon.colcon_core.package_identification:_identify(shapes) by extension 'ignore_ament_install'
[0.373s] Level 1:colcon.colcon_core.package_identification:_identify(shapes) by extensions ['colcon_pkg']
[0.373s] Level 1:colcon.colcon_core.package_identification:_identify(shapes) by extension 'colcon_pkg'
[0.373s] Level 1:colcon.colcon_core.package_identification:_identify(shapes) by extensions ['colcon_meta']
[0.373s] Level 1:colcon.colcon_core.package_identification:_identify(shapes) by extension 'colcon_meta'
[0.373s] Level 1:colcon.colcon_core.package_identification:_identify(shapes) by extensions ['ros']
[0.373s] Level 1:colcon.colcon_core.package_identification:_identify(shapes) by extension 'ros'
[0.373s] Level 1:colcon.colcon_core.package_identification:_identify(shapes) by extensions ['cmake', 'python']
[0.373s] Level 1:colcon.colcon_core.package_identification:_identify(shapes) by extension 'cmake'
[0.373s] Level 1:colcon.colcon_core.package_identification:_identify(shapes) by extension 'python'
[0.373s] Level 1:colcon.colcon_core.package_identification:_identify(shapes) by extensions ['python_setup_py']
[0.373s] Level 1:colcon.colcon_core.package_identification:_identify(shapes) by extension 'python_setup_py'
[0.373s] Level 1:colcon.colcon_core.package_identification:_identify(shapes/meshes) by extensions ['ignore', 'ignore_ament_install']
[0.373s] Level 1:colcon.colcon_core.package_identification:_identify(shapes/meshes) by extension 'ignore'
[0.374s] Level 1:colcon.colcon_core.package_identification:_identify(shapes/meshes) by extension 'ignore_ament_install'
[0.374s] Level 1:colcon.colcon_core.package_identification:_identify(shapes/meshes) by extensions ['colcon_pkg']
[0.374s] Level 1:colcon.colcon_core.package_identification:_identify(shapes/meshes) by extension 'colcon_pkg'
[0.374s] Level 1:colcon.colcon_core.package_identification:_identify(shapes/meshes) by extensions ['colcon_meta']
[0.374s] Level 1:colcon.colcon_core.package_identification:_identify(shapes/meshes) by extension 'colcon_meta'
[0.374s] Level 1:colcon.colcon_core.package_identification:_identify(shapes/meshes) by extensions ['ros']
[0.374s] Level 1:colcon.colcon_core.package_identification:_identify(shapes/meshes) by extension 'ros'
[0.374s] Level 1:colcon.colcon_core.package_identification:_identify(shapes/meshes) by extensions ['cmake', 'python']
[0.374s] Level 1:colcon.colcon_core.package_identification:_identify(shapes/meshes) by extension 'cmake'
[0.374s] Level 1:colcon.colcon_core.package_identification:_identify(shapes/meshes) by extension 'python'
[0.374s] Level 1:colcon.colcon_core.package_identification:_identify(shapes/meshes) by extensions ['python_setup_py']
[0.374s] Level 1:colcon.colcon_core.package_identification:_identify(shapes/meshes) by extension 'python_setup_py'
[0.374s] Level 1:colcon.colcon_core.package_identification:_identify(src) by extensions ['ignore', 'ignore_ament_install']
[0.374s] Level 1:colcon.colcon_core.package_identification:_identify(src) by extension 'ignore'
[0.374s] Level 1:colcon.colcon_core.package_identification:_identify(src) by extension 'ignore_ament_install'
[0.374s] Level 1:colcon.colcon_core.package_identification:_identify(src) by extensions ['colcon_pkg']
[0.374s] Level 1:colcon.colcon_core.package_identification:_identify(src) by extension 'colcon_pkg'
[0.374s] Level 1:colcon.colcon_core.package_identification:_identify(src) by extensions ['colcon_meta']
[0.374s] Level 1:colcon.colcon_core.package_identification:_identify(src) by extension 'colcon_meta'
[0.374s] Level 1:colcon.colcon_core.package_identification:_identify(src) by extensions ['ros']
[0.374s] Level 1:colcon.colcon_core.package_identification:_identify(src) by extension 'ros'
[0.375s] Level 1:colcon.colcon_core.package_identification:_identify(src) by extensions ['cmake', 'python']
[0.375s] Level 1:colcon.colcon_core.package_identification:_identify(src) by extension 'cmake'
[0.375s] Level 1:colcon.colcon_core.package_identification:_identify(src) by extension 'python'
[0.375s] Level 1:colcon.colcon_core.package_identification:_identify(src) by extensions ['python_setup_py']
[0.375s] Level 1:colcon.colcon_core.package_identification:_identify(src) by extension 'python_setup_py'
[0.375s] Level 1:colcon.colcon_core.package_identification:_identify(src/movement) by extensions ['ignore', 'ignore_ament_install']
[0.375s] Level 1:colcon.colcon_core.package_identification:_identify(src/movement) by extension 'ignore'
[0.375s] Level 1:colcon.colcon_core.package_identification:_identify(src/movement) by extension 'ignore_ament_install'
[0.375s] Level 1:colcon.colcon_core.package_identification:_identify(src/movement) by extensions ['colcon_pkg']
[0.375s] Level 1:colcon.colcon_core.package_identification:_identify(src/movement) by extension 'colcon_pkg'
[0.375s] Level 1:colcon.colcon_core.package_identification:_identify(src/movement) by extensions ['colcon_meta']
[0.375s] Level 1:colcon.colcon_core.package_identification:_identify(src/movement) by extension 'colcon_meta'
[0.375s] Level 1:colcon.colcon_core.package_identification:_identify(src/movement) by extensions ['ros']
[0.375s] Level 1:colcon.colcon_core.package_identification:_identify(src/movement) by extension 'ros'
[0.377s] DEBUG:colcon.colcon_core.package_identification:Package 'src/movement' with type 'ros.ament_python' and name 'movement'
[0.377s] Level 1:colcon.colcon_core.package_discovery:discover_packages(recursive) using defaults
[0.377s] Level 1:colcon.colcon_core.package_discovery:discover_packages(ignore) discover
[0.378s] Level 1:colcon.colcon_core.package_discovery:discover_packages(ignore) using defaults
[0.378s] Level 1:colcon.colcon_core.package_discovery:discover_packages(path) discover
[0.378s] Level 1:colcon.colcon_core.package_discovery:discover_packages(path) using defaults
[0.400s] Level 1:colcon.colcon_core.package_discovery:discover_packages(prefix_path) check parameters
[0.400s] Level 1:colcon.colcon_core.package_discovery:discover_packages(prefix_path) discover
[0.403s] DEBUG:colcon.colcon_installed_package_information.package_discovery:Found 278 installed packages in /opt/ros/humble
[0.405s] Level 1:colcon.colcon_core.package_discovery:discover_packages(prefix_path) using defaults
[0.466s] Level 5:colcon.colcon_core.verb:set package 'movement' build argument 'cmake_args' from command line to 'None'
[0.466s] Level 5:colcon.colcon_core.verb:set package 'movement' build argument 'cmake_target' from command line to 'None'
[0.466s] Level 5:colcon.colcon_core.verb:set package 'movement' build argument 'cmake_target_skip_unavailable' from command line to 'False'
[0.466s] Level 5:colcon.colcon_core.verb:set package 'movement' build argument 'cmake_clean_cache' from command line to 'False'
[0.466s] Level 5:colcon.colcon_core.verb:set package 'movement' build argument 'cmake_clean_first' from command line to 'False'
[0.466s] Level 5:colcon.colcon_core.verb:set package 'movement' build argument 'cmake_force_configure' from command line to 'False'
[0.466s] Level 5:colcon.colcon_core.verb:set package 'movement' build argument 'ament_cmake_args' from command line to 'None'
[0.466s] Level 5:colcon.colcon_core.verb:set package 'movement' build argument 'catkin_cmake_args' from command line to 'None'
[0.466s] Level 5:colcon.colcon_core.verb:set package 'movement' build argument 'catkin_skip_building_tests' from command line to 'False'
[0.466s] DEBUG:colcon.colcon_core.verb:Building package 'movement' with the following arguments: {'ament_cmake_args': None, 'build_base': '/home/shadoroca/Documentos/Academia/ServicioSocial/ambiente_panel/build/movement', 'catkin_cmake_args': None, 'catkin_skip_building_tests': False, 'cmake_args': None, 'cmake_clean_cache': False, 'cmake_clean_first': False, 'cmake_force_configure': False, 'cmake_target': None, 'cmake_target_skip_unavailable': False, 'install_base': '/home/shadoroca/Documentos/Academia/ServicioSocial/ambiente_panel/install/movement', 'merge_install': False, 'path': '/home/shadoroca/Documentos/Academia/ServicioSocial/ambiente_panel/src/movement', 'symlink_install': False, 'test_result_base': None}
[0.467s] INFO:colcon.colcon_core.executor:Executing jobs using 'parallel' executor
[0.471s] DEBUG:colcon.colcon_parallel_executor.executor.parallel:run_until_complete
[0.471s] INFO:colcon.colcon_ros.task.ament_python.build:Building ROS package in '/home/shadoroca/Documentos/Academia/ServicioSocial/ambiente_panel/src/movement' with build type 'ament_python'
[0.471s] Level 1:colcon.colcon_core.shell:create_environment_hook('movement', 'ament_prefix_path')
[0.476s] INFO:colcon.colcon_core.plugin_system:Skipping extension 'colcon_core.shell.bat': Not used on non-Windows systems
[0.477s] INFO:colcon.colcon_core.shell:Creating environment hook '/home/shadoroca/Documentos/Academia/ServicioSocial/ambiente_panel/install/movement/share/movement/hook/ament_prefix_path.ps1'
[0.477s] INFO:colcon.colcon_core.shell:Creating environment descriptor '/home/shadoroca/Documentos/Academia/ServicioSocial/ambiente_panel/install/movement/share/movement/hook/ament_prefix_path.dsv'
[0.478s] INFO:colcon.colcon_core.shell:Creating environment hook '/home/shadoroca/Documentos/Academia/ServicioSocial/ambiente_panel/install/movement/share/movement/hook/ament_prefix_path.sh'
[0.479s] INFO:colcon.colcon_core.shell:Skip shell extension 'powershell' for command environment: Not usable outside of PowerShell
[0.480s] DEBUG:colcon.colcon_core.shell:Skip shell extension 'dsv' for command environment
[0.762s] INFO:colcon.colcon_core.task.python.build:Building Python package in '/home/shadoroca/Documentos/Academia/ServicioSocial/ambiente_panel/src/movement'
[0.763s] INFO:colcon.colcon_core.shell:Skip shell extension 'powershell' for command environment: Not usable outside of PowerShell
[0.763s] DEBUG:colcon.colcon_core.shell:Skip shell extension 'dsv' for command environment
[1.170s] DEBUG:colcon.colcon_core.event_handler.log_command:Invoking command in '/home/shadoroca/Documentos/Academia/ServicioSocial/ambiente_panel/src/movement': PYTHONPATH=/home/shadoroca/Documentos/Academia/ServicioSocial/ambiente_panel/build/movement/prefix_override:/home/shadoroca/Documentos/Academia/ServicioSocial/ambiente_panel/install/movement/lib/python3.10/site-packages:${PYTHONPATH} /usr/bin/python3 setup.py egg_info --egg-base ../../build/movement build --build-base /home/shadoroca/Documentos/Academia/ServicioSocial/ambiente_panel/build/movement/build install --record /home/shadoroca/Documentos/Academia/ServicioSocial/ambiente_panel/build/movement/install.log --single-version-externally-managed
[1.473s] DEBUG:colcon.colcon_core.event_handler.log_command:Invoked command in '/home/shadoroca/Documentos/Academia/ServicioSocial/ambiente_panel/src/movement' returned '0': PYTHONPATH=/home/shadoroca/Documentos/Academia/ServicioSocial/ambiente_panel/build/movement/prefix_override:/home/shadoroca/Documentos/Academia/ServicioSocial/ambiente_panel/install/movement/lib/python3.10/site-packages:${PYTHONPATH} /usr/bin/python3 setup.py egg_info --egg-base ../../build/movement build --build-base /home/shadoroca/Documentos/Academia/ServicioSocial/ambiente_panel/build/movement/build install --record /home/shadoroca/Documentos/Academia/ServicioSocial/ambiente_panel/build/movement/install.log --single-version-externally-managed
[1.478s] Level 1:colcon.colcon_core.environment:checking '/home/shadoroca/Documentos/Academia/ServicioSocial/ambiente_panel/install/movement' for CMake module files
[1.478s] Level 1:colcon.colcon_core.environment:checking '/home/shadoroca/Documentos/Academia/ServicioSocial/ambiente_panel/install/movement' for CMake config files
[1.479s] Level 1:colcon.colcon_core.environment:checking '/home/shadoroca/Documentos/Academia/ServicioSocial/ambiente_panel/install/movement/lib'
[1.479s] Level 1:colcon.colcon_core.environment:checking '/home/shadoroca/Documentos/Academia/ServicioSocial/ambiente_panel/install/movement/bin'
[1.479s] Level 1:colcon.colcon_core.environment:checking '/home/shadoroca/Documentos/Academia/ServicioSocial/ambiente_panel/install/movement/lib/pkgconfig/movement.pc'
[1.479s] Level 1:colcon.colcon_core.environment:checking '/home/shadoroca/Documentos/Academia/ServicioSocial/ambiente_panel/install/movement/lib/python3.10/site-packages'
[1.479s] Level 1:colcon.colcon_core.shell:create_environment_hook('movement', 'pythonpath')
[1.481s] INFO:colcon.colcon_core.shell:Creating environment hook '/home/shadoroca/Documentos/Academia/ServicioSocial/ambiente_panel/install/movement/share/movement/hook/pythonpath.ps1'
[1.481s] INFO:colcon.colcon_core.shell:Creating environment descriptor '/home/shadoroca/Documentos/Academia/ServicioSocial/ambiente_panel/install/movement/share/movement/hook/pythonpath.dsv'
[1.481s] INFO:colcon.colcon_core.shell:Creating environment hook '/home/shadoroca/Documentos/Academia/ServicioSocial/ambiente_panel/install/movement/share/movement/hook/pythonpath.sh'
[1.482s] Level 1:colcon.colcon_core.environment:checking '/home/shadoroca/Documentos/Academia/ServicioSocial/ambiente_panel/install/movement/bin'
[1.482s] Level 1:colcon.colcon_core.environment:create_environment_scripts_only(movement)
[1.485s] INFO:colcon.colcon_core.shell:Creating package script '/home/shadoroca/Documentos/Academia/ServicioSocial/ambiente_panel/install/movement/share/movement/package.ps1'
[1.485s] INFO:colcon.colcon_core.shell:Creating package descriptor '/home/shadoroca/Documentos/Academia/ServicioSocial/ambiente_panel/install/movement/share/movement/package.dsv'
[1.486s] INFO:colcon.colcon_core.shell:Creating package script '/home/shadoroca/Documentos/Academia/ServicioSocial/ambiente_panel/install/movement/share/movement/package.sh'
[1.487s] INFO:colcon.colcon_core.shell:Creating package script '/home/shadoroca/Documentos/Academia/ServicioSocial/ambiente_panel/install/movement/share/movement/package.bash'
[1.487s] INFO:colcon.colcon_core.shell:Creating package script '/home/shadoroca/Documentos/Academia/ServicioSocial/ambiente_panel/install/movement/share/movement/package.zsh'
[1.488s] Level 1:colcon.colcon_core.environment:create_file_with_runtime_dependencies(/home/shadoroca/Documentos/Academia/ServicioSocial/ambiente_panel/install/movement/share/colcon-core/packages/movement)
[1.488s] DEBUG:colcon.colcon_parallel_executor.executor.parallel:closing loop
[1.489s] DEBUG:colcon.colcon_parallel_executor.executor.parallel:loop closed
[1.489s] DEBUG:colcon.colcon_parallel_executor.executor.parallel:run_until_complete finished with '0'
[1.489s] DEBUG:colcon.colcon_core.event_reactor:joining thread
[1.494s] INFO:colcon.colcon_core.plugin_system:Skipping extension 'colcon_notification.desktop_notification.terminal_notifier': Not used on non-Darwin systems
[1.494s] INFO:colcon.colcon_core.plugin_system:Skipping extension 'colcon_notification.desktop_notification.win32': Not used on non-Windows systems
[1.494s] INFO:colcon.colcon_notification.desktop_notification:Sending desktop notification using 'notify2'
[1.507s] DEBUG:colcon.colcon_core.event_reactor:joined thread
[1.509s] INFO:colcon.colcon_core.shell:Creating prefix script '/home/shadoroca/Documentos/Academia/ServicioSocial/ambiente_panel/install/local_setup.ps1'
[1.510s] INFO:colcon.colcon_core.shell:Creating prefix util module '/home/shadoroca/Documentos/Academia/ServicioSocial/ambiente_panel/install/_local_setup_util_ps1.py'
[1.511s] INFO:colcon.colcon_core.shell:Creating prefix chain script '/home/shadoroca/Documentos/Academia/ServicioSocial/ambiente_panel/install/setup.ps1'
[1.513s] INFO:colcon.colcon_core.shell:Creating prefix script '/home/shadoroca/Documentos/Academia/ServicioSocial/ambiente_panel/install/local_setup.sh'
[1.513s] INFO:colcon.colcon_core.shell:Creating prefix util module '/home/shadoroca/Documentos/Academia/ServicioSocial/ambiente_panel/install/_local_setup_util_sh.py'
[1.514s] INFO:colcon.colcon_core.shell:Creating prefix chain script '/home/shadoroca/Documentos/Academia/ServicioSocial/ambiente_panel/install/setup.sh'
[1.515s] INFO:colcon.colcon_core.shell:Creating prefix script '/home/shadoroca/Documentos/Academia/ServicioSocial/ambiente_panel/install/local_setup.bash'
[1.516s] INFO:colcon.colcon_core.shell:Creating prefix chain script '/home/shadoroca/Documentos/Academia/ServicioSocial/ambiente_panel/install/setup.bash'
[1.517s] INFO:colcon.colcon_core.shell:Creating prefix script '/home/shadoroca/Documentos/Academia/ServicioSocial/ambiente_panel/install/local_setup.zsh'
[1.518s] INFO:colcon.colcon_core.shell:Creating prefix chain script '/home/shadoroca/Documentos/Academia/ServicioSocial/ambiente_panel/install/setup.zsh'
