-- The C compiler identification is GNU 11.3.0
-- The CXX compiler identification is GNU 11.3.0
-- Detecting C compiler ABI info
-- Detecting C compiler ABI info - done
-- Check for working C compiler: /usr/bin/cc - skipped
-- Detecting C compile features
-- Detecting C compile features - done
-- Detecting CXX compiler ABI info
-- Detecting CXX compiler ABI info - done
-- Check for working CXX compiler: /usr/bin/c++ - skipped
-- Detecting CXX compile features
-- Detecting CXX compile features - done
-- Found ament_cmake: 1.3.5 (/opt/ros/humble/share/ament_cmake/cmake)
-- Found Python3: /usr/bin/python3.10 (found version "3.10.6") found components: Interpreter 
-- Found image_transport: 3.1.5 (/opt/ros/humble/share/image_transport/cmake)
-- Found rosidl_generator_c: 3.1.4 (/opt/ros/humble/share/rosidl_generator_c/cmake)
-- Found rosidl_adapter: 3.1.4 (/opt/ros/humble/share/rosidl_adapter/cmake)
-- Found rosidl_generator_cpp: 3.1.4 (/opt/ros/humble/share/rosidl_generator_cpp/cmake)
-- Using all available rosidl_typesupport_c: rosidl_typesupport_fastrtps_c;rosidl_typesupport_introspection_c
-- Using all available rosidl_typesupport_cpp: rosidl_typesupport_fastrtps_cpp;rosidl_typesupport_introspection_cpp
-- Found rmw_implementation_cmake: 6.1.1 (/opt/ros/humble/share/rmw_implementation_cmake/cmake)
-- Found rmw_fastrtps_cpp: 6.2.2 (/opt/ros/humble/share/rmw_fastrtps_cpp/cmake)
-- Found OpenSSL: /usr/lib/x86_64-linux-gnu/libcrypto.so (found version "3.0.2")  
-- Found FastRTPS: /opt/ros/humble/include  
-- Using RMW implementation 'rmw_fastrtps_cpp' as default
-- Looking for pthread.h
-- Looking for pthread.h - found
-- Performing Test CMAKE_HAVE_LIBC_PTHREAD
-- Performing Test CMAKE_HAVE_LIBC_PTHREAD - Success
-- Found Threads: TRUE  
-- Found ros_gz_bridge: 0.244.11 (/home/shadoroca/Documentos/Academia/ServicioSocial/ros2_ws/install/ros_gz_bridge/share/ros_gz_bridge/cmake)
-- Looking for ignition-transport11 -- found version 11.4.0
-- Searching for dependencies of ignition-transport11
-- Found Protobuf: /usr/lib/x86_64-linux-gnu/libprotobuf.so (found suitable version "3.12.4", minimum required is "3") 
-- Config-file not installed for ZeroMQ -- checking for pkg-config
-- Checking for module 'libzmq >= 4'
--   Found libzmq , version 4.3.4
-- Found ZeroMQ: TRUE (Required is at least version "4") 
-- Checking for module 'uuid'
--   Found uuid, version 2.37.2
-- Found UUID: TRUE  
-- Looking for ignition-utils1 -- found version 1.5.1
-- Searching for dependencies of ignition-utils1
-- Searching for <ignition-utils1> component [cli]
-- Looking for ignition-utils1-cli -- found version 1.5.1
-- Searching for dependencies of ignition-utils1-cli
-- Looking for ignition-msgs8 -- found version 8.7.0
-- Searching for dependencies of ignition-msgs8
-- Looking for ignition-math6 -- found version 6.14.0
-- Searching for dependencies of ignition-math6
-- Checking for module 'tinyxml2'
--   Found tinyxml2, version 9.0.0
-- Looking for ignition-msgs8 -- found version 8.7.0
-- Compiling against Ignition Fortress
-- Found ament_lint_auto: 0.12.6 (/opt/ros/humble/share/ament_lint_auto/cmake)
-- Added test 'copyright' to check source files copyright and LICENSE
-- Added test 'cppcheck' to perform static code analysis on C / C++ code
-- Configured cppcheck include dirs: /home/shadoroca/Documentos/Academia/ServicioSocial/ros2_ws/src/ros_gz/ros_gz_image/include
-- Configured cppcheck exclude dirs and/or files: 
-- Added test 'cpplint' to check C / C++ code against the Google style
-- Configured cpplint exclude dirs and/or files: 
-- Added test 'lint_cmake' to check CMake code style
-- Added test 'uncrustify' to check C / C++ code style
-- Configured uncrustify additional arguments: 
-- Added test 'xmllint' to check XML markup files
-- Configuring done
-- Generating done
-- Build files have been written to: /home/shadoroca/Documentos/Academia/ServicioSocial/ros2_ws/build/ros_gz_image
[ 50%] [32mBuilding CXX object CMakeFiles/image_bridge.dir/src/image_bridge.cpp.o[0m
[100%] [32m[1mLinking CXX executable image_bridge[0m
[100%] Built target image_bridge
-- Install configuration: ""
-- Installing: /home/shadoroca/Documentos/Academia/ServicioSocial/ros2_ws/install/ros_gz_image/lib/ros_gz_image/image_bridge
-- Set runtime path of "/home/shadoroca/Documentos/Academia/ServicioSocial/ros2_ws/install/ros_gz_image/lib/ros_gz_image/image_bridge" to ""
-- Installing: /home/shadoroca/Documentos/Academia/ServicioSocial/ros2_ws/install/ros_gz_image/share/ament_index/resource_index/package_run_dependencies/ros_gz_image
-- Installing: /home/shadoroca/Documentos/Academia/ServicioSocial/ros2_ws/install/ros_gz_image/share/ament_index/resource_index/parent_prefix_path/ros_gz_image
-- Installing: /home/shadoroca/Documentos/Academia/ServicioSocial/ros2_ws/install/ros_gz_image/share/ros_gz_image/environment/ament_prefix_path.sh
-- Installing: /home/shadoroca/Documentos/Academia/ServicioSocial/ros2_ws/install/ros_gz_image/share/ros_gz_image/environment/ament_prefix_path.dsv
-- Installing: /home/shadoroca/Documentos/Academia/ServicioSocial/ros2_ws/install/ros_gz_image/share/ros_gz_image/environment/path.sh
-- Installing: /home/shadoroca/Documentos/Academia/ServicioSocial/ros2_ws/install/ros_gz_image/share/ros_gz_image/environment/path.dsv
-- Installing: /home/shadoroca/Documentos/Academia/ServicioSocial/ros2_ws/install/ros_gz_image/share/ros_gz_image/local_setup.bash
-- Installing: /home/shadoroca/Documentos/Academia/ServicioSocial/ros2_ws/install/ros_gz_image/share/ros_gz_image/local_setup.sh
-- Installing: /home/shadoroca/Documentos/Academia/ServicioSocial/ros2_ws/install/ros_gz_image/share/ros_gz_image/local_setup.zsh
-- Installing: /home/shadoroca/Documentos/Academia/ServicioSocial/ros2_ws/install/ros_gz_image/share/ros_gz_image/local_setup.dsv
-- Installing: /home/shadoroca/Documentos/Academia/ServicioSocial/ros2_ws/install/ros_gz_image/share/ros_gz_image/package.dsv
-- Installing: /home/shadoroca/Documentos/Academia/ServicioSocial/ros2_ws/install/ros_gz_image/share/ament_index/resource_index/packages/ros_gz_image
-- Installing: /home/shadoroca/Documentos/Academia/ServicioSocial/ros2_ws/install/ros_gz_image/share/ros_gz_image/cmake/ros_gz_imageConfig.cmake
-- Installing: /home/shadoroca/Documentos/Academia/ServicioSocial/ros2_ws/install/ros_gz_image/share/ros_gz_image/cmake/ros_gz_imageConfig-version.cmake
-- Installing: /home/shadoroca/Documentos/Academia/ServicioSocial/ros2_ws/install/ros_gz_image/share/ros_gz_image/package.xml
