[0.017s] Invoking command in '/home/shadoroca/Documentos/Academia/ServicioSocial/ros2_ws/build/ros_gz_image': AMENT_PREFIX_PATH=/home/shadoroca/Documentos/Academia/ServicioSocial/ros2_ws/install/ros_gz_bridge:/home/shadoroca/Documentos/Academia/ServicioSocial/ros2_ws/install/ros_gz_interfaces:${AMENT_PREFIX_PATH} CMAKE_PREFIX_PATH=/home/shadoroca/Documentos/Academia/ServicioSocial/ros2_ws/install/ros_gz_bridge:/home/shadoroca/Documentos/Academia/ServicioSocial/ros2_ws/install/ros_gz_interfaces:/opt/ros/humble LD_LIBRARY_PATH=/home/shadoroca/Documentos/Academia/ServicioSocial/ros2_ws/install/ros_gz_bridge/lib:/home/shadoroca/Documentos/Academia/ServicioSocial/ros2_ws/install/ros_gz_interfaces/lib:${LD_LIBRARY_PATH} PYTHONPATH=/home/shadoroca/Documentos/Academia/ServicioSocial/ros2_ws/install/ros_gz_interfaces/local/lib/python3.10/dist-packages:${PYTHONPATH} /usr/bin/cmake /home/shadoroca/Documentos/Academia/ServicioSocial/ros2_ws/src/ros_gz/ros_gz_image -DCMAKE_INSTALL_PREFIX=/home/shadoroca/Documentos/Academia/ServicioSocial/ros2_ws/install/ros_gz_image
[0.148s] -- The C compiler identification is GNU 11.3.0
[0.212s] -- The CXX compiler identification is GNU 11.3.0
[0.222s] -- Detecting C compiler ABI info
[0.295s] -- Detecting C compiler ABI info - done
[0.302s] -- Check for working C compiler: /usr/bin/cc - skipped
[0.303s] -- Detecting C compile features
[0.303s] -- Detecting C compile features - done
[0.307s] -- Detecting CXX compiler ABI info
[0.393s] -- Detecting CXX compiler ABI info - done
[0.408s] -- Check for working CXX compiler: /usr/bin/c++ - skipped
[0.408s] -- Detecting CXX compile features
[0.409s] -- Detecting CXX compile features - done
[0.413s] -- Found ament_cmake: 1.3.5 (/opt/ros/humble/share/ament_cmake/cmake)
[0.584s] -- Found Python3: /usr/bin/python3.10 (found version "3.10.6") found components: Interpreter 
[0.680s] -- Found image_transport: 3.1.5 (/opt/ros/humble/share/image_transport/cmake)
[0.743s] -- Found rosidl_generator_c: 3.1.4 (/opt/ros/humble/share/rosidl_generator_c/cmake)
[0.749s] -- Found rosidl_adapter: 3.1.4 (/opt/ros/humble/share/rosidl_adapter/cmake)
[0.761s] -- Found rosidl_generator_cpp: 3.1.4 (/opt/ros/humble/share/rosidl_generator_cpp/cmake)
[0.779s] -- Using all available rosidl_typesupport_c: rosidl_typesupport_fastrtps_c;rosidl_typesupport_introspection_c
[0.804s] -- Using all available rosidl_typesupport_cpp: rosidl_typesupport_fastrtps_cpp;rosidl_typesupport_introspection_cpp
[0.914s] -- Found rmw_implementation_cmake: 6.1.1 (/opt/ros/humble/share/rmw_implementation_cmake/cmake)
[0.917s] -- Found rmw_fastrtps_cpp: 6.2.2 (/opt/ros/humble/share/rmw_fastrtps_cpp/cmake)
[1.058s] -- Found OpenSSL: /usr/lib/x86_64-linux-gnu/libcrypto.so (found version "3.0.2")  
[1.092s] -- Found FastRTPS: /opt/ros/humble/include  
[1.181s] -- Using RMW implementation 'rmw_fastrtps_cpp' as default
[1.198s] -- Looking for pthread.h
[1.278s] -- Looking for pthread.h - found
[1.278s] -- Performing Test CMAKE_HAVE_LIBC_PTHREAD
[1.351s] -- Performing Test CMAKE_HAVE_LIBC_PTHREAD - Success
[1.353s] -- Found Threads: TRUE  
[1.755s] -- Found ros_gz_bridge: 0.244.11 (/home/shadoroca/Documentos/Academia/ServicioSocial/ros2_ws/install/ros_gz_bridge/share/ros_gz_bridge/cmake)
[2.378s] -- Looking for ignition-transport11 -- found version 11.4.0
[2.388s] -- Searching for dependencies of ignition-transport11
[2.435s] -- Found Protobuf: /usr/lib/x86_64-linux-gnu/libprotobuf.so (found suitable version "3.12.4", minimum required is "3") 
[2.458s] -- Config-file not installed for ZeroMQ -- checking for pkg-config
[2.464s] -- Checking for module 'libzmq >= 4'
[2.478s] --   Found libzmq , version 4.3.4
[2.510s] -- Found ZeroMQ: TRUE (Required is at least version "4") 
[2.515s] -- Checking for module 'uuid'
[2.527s] --   Found uuid, version 2.37.2
[2.555s] -- Found UUID: TRUE  
[2.558s] -- Looking for ignition-utils1 -- found version 1.5.1
[2.558s] -- Searching for dependencies of ignition-utils1
[2.559s] -- Searching for <ignition-utils1> component [cli]
[2.562s] -- Looking for ignition-utils1-cli -- found version 1.5.1
[2.562s] -- Searching for dependencies of ignition-utils1-cli
[2.565s] -- Looking for ignition-msgs8 -- found version 8.7.0
[2.566s] -- Searching for dependencies of ignition-msgs8
[2.587s] -- Looking for ignition-math6 -- found version 6.14.0
[2.587s] -- Searching for dependencies of ignition-math6
[2.593s] -- Checking for module 'tinyxml2'
[2.605s] --   Found tinyxml2, version 9.0.0
[2.635s] -- Looking for ignition-msgs8 -- found version 8.7.0
[2.635s] -- Compiling against Ignition Fortress
[2.921s] -- Found ament_lint_auto: 0.12.6 (/opt/ros/humble/share/ament_lint_auto/cmake)
[3.025s] -- Added test 'copyright' to check source files copyright and LICENSE
[3.027s] -- Added test 'cppcheck' to perform static code analysis on C / C++ code
[3.028s] -- Configured cppcheck include dirs: /home/shadoroca/Documentos/Academia/ServicioSocial/ros2_ws/src/ros_gz/ros_gz_image/include
[3.028s] -- Configured cppcheck exclude dirs and/or files: 
[3.029s] -- Added test 'cpplint' to check C / C++ code against the Google style
[3.029s] -- Configured cpplint exclude dirs and/or files: 
[3.030s] -- Added test 'lint_cmake' to check CMake code style
[3.031s] -- Added test 'uncrustify' to check C / C++ code style
[3.031s] -- Configured uncrustify additional arguments: 
[3.032s] -- Added test 'xmllint' to check XML markup files
[3.033s] -- Configuring done
[3.108s] -- Generating done
[3.109s] -- Build files have been written to: /home/shadoroca/Documentos/Academia/ServicioSocial/ros2_ws/build/ros_gz_image
[3.122s] Invoked command in '/home/shadoroca/Documentos/Academia/ServicioSocial/ros2_ws/build/ros_gz_image' returned '0': AMENT_PREFIX_PATH=/home/shadoroca/Documentos/Academia/ServicioSocial/ros2_ws/install/ros_gz_bridge:/home/shadoroca/Documentos/Academia/ServicioSocial/ros2_ws/install/ros_gz_interfaces:${AMENT_PREFIX_PATH} CMAKE_PREFIX_PATH=/home/shadoroca/Documentos/Academia/ServicioSocial/ros2_ws/install/ros_gz_bridge:/home/shadoroca/Documentos/Academia/ServicioSocial/ros2_ws/install/ros_gz_interfaces:/opt/ros/humble LD_LIBRARY_PATH=/home/shadoroca/Documentos/Academia/ServicioSocial/ros2_ws/install/ros_gz_bridge/lib:/home/shadoroca/Documentos/Academia/ServicioSocial/ros2_ws/install/ros_gz_interfaces/lib:${LD_LIBRARY_PATH} PYTHONPATH=/home/shadoroca/Documentos/Academia/ServicioSocial/ros2_ws/install/ros_gz_interfaces/local/lib/python3.10/dist-packages:${PYTHONPATH} /usr/bin/cmake /home/shadoroca/Documentos/Academia/ServicioSocial/ros2_ws/src/ros_gz/ros_gz_image -DCMAKE_INSTALL_PREFIX=/home/shadoroca/Documentos/Academia/ServicioSocial/ros2_ws/install/ros_gz_image
[3.124s] Invoking command in '/home/shadoroca/Documentos/Academia/ServicioSocial/ros2_ws/build/ros_gz_image': AMENT_PREFIX_PATH=/home/shadoroca/Documentos/Academia/ServicioSocial/ros2_ws/install/ros_gz_bridge:/home/shadoroca/Documentos/Academia/ServicioSocial/ros2_ws/install/ros_gz_interfaces:${AMENT_PREFIX_PATH} CMAKE_PREFIX_PATH=/home/shadoroca/Documentos/Academia/ServicioSocial/ros2_ws/install/ros_gz_bridge:/home/shadoroca/Documentos/Academia/ServicioSocial/ros2_ws/install/ros_gz_interfaces:/opt/ros/humble LD_LIBRARY_PATH=/home/shadoroca/Documentos/Academia/ServicioSocial/ros2_ws/install/ros_gz_bridge/lib:/home/shadoroca/Documentos/Academia/ServicioSocial/ros2_ws/install/ros_gz_interfaces/lib:${LD_LIBRARY_PATH} PYTHONPATH=/home/shadoroca/Documentos/Academia/ServicioSocial/ros2_ws/install/ros_gz_interfaces/local/lib/python3.10/dist-packages:${PYTHONPATH} /usr/bin/cmake --build /home/shadoroca/Documentos/Academia/ServicioSocial/ros2_ws/build/ros_gz_image -- -j8 -l8
[3.179s] [ 50%] [32mBuilding CXX object CMakeFiles/image_bridge.dir/src/image_bridge.cpp.o[0m
[11.248s] [100%] [32m[1mLinking CXX executable image_bridge[0m
[27.962s] [100%] Built target image_bridge
[27.977s] Invoked command in '/home/shadoroca/Documentos/Academia/ServicioSocial/ros2_ws/build/ros_gz_image' returned '0': AMENT_PREFIX_PATH=/home/shadoroca/Documentos/Academia/ServicioSocial/ros2_ws/install/ros_gz_bridge:/home/shadoroca/Documentos/Academia/ServicioSocial/ros2_ws/install/ros_gz_interfaces:${AMENT_PREFIX_PATH} CMAKE_PREFIX_PATH=/home/shadoroca/Documentos/Academia/ServicioSocial/ros2_ws/install/ros_gz_bridge:/home/shadoroca/Documentos/Academia/ServicioSocial/ros2_ws/install/ros_gz_interfaces:/opt/ros/humble LD_LIBRARY_PATH=/home/shadoroca/Documentos/Academia/ServicioSocial/ros2_ws/install/ros_gz_bridge/lib:/home/shadoroca/Documentos/Academia/ServicioSocial/ros2_ws/install/ros_gz_interfaces/lib:${LD_LIBRARY_PATH} PYTHONPATH=/home/shadoroca/Documentos/Academia/ServicioSocial/ros2_ws/install/ros_gz_interfaces/local/lib/python3.10/dist-packages:${PYTHONPATH} /usr/bin/cmake --build /home/shadoroca/Documentos/Academia/ServicioSocial/ros2_ws/build/ros_gz_image -- -j8 -l8
[28.006s] Invoking command in '/home/shadoroca/Documentos/Academia/ServicioSocial/ros2_ws/build/ros_gz_image': AMENT_PREFIX_PATH=/home/shadoroca/Documentos/Academia/ServicioSocial/ros2_ws/install/ros_gz_bridge:/home/shadoroca/Documentos/Academia/ServicioSocial/ros2_ws/install/ros_gz_interfaces:${AMENT_PREFIX_PATH} CMAKE_PREFIX_PATH=/home/shadoroca/Documentos/Academia/ServicioSocial/ros2_ws/install/ros_gz_bridge:/home/shadoroca/Documentos/Academia/ServicioSocial/ros2_ws/install/ros_gz_interfaces:/opt/ros/humble LD_LIBRARY_PATH=/home/shadoroca/Documentos/Academia/ServicioSocial/ros2_ws/install/ros_gz_bridge/lib:/home/shadoroca/Documentos/Academia/ServicioSocial/ros2_ws/install/ros_gz_interfaces/lib:${LD_LIBRARY_PATH} PYTHONPATH=/home/shadoroca/Documentos/Academia/ServicioSocial/ros2_ws/install/ros_gz_interfaces/local/lib/python3.10/dist-packages:${PYTHONPATH} /usr/bin/cmake --install /home/shadoroca/Documentos/Academia/ServicioSocial/ros2_ws/build/ros_gz_image
[28.015s] -- Install configuration: ""
[28.016s] -- Installing: /home/shadoroca/Documentos/Academia/ServicioSocial/ros2_ws/install/ros_gz_image/lib/ros_gz_image/image_bridge
[28.017s] -- Set runtime path of "/home/shadoroca/Documentos/Academia/ServicioSocial/ros2_ws/install/ros_gz_image/lib/ros_gz_image/image_bridge" to ""
[28.018s] -- Installing: /home/shadoroca/Documentos/Academia/ServicioSocial/ros2_ws/install/ros_gz_image/share/ament_index/resource_index/package_run_dependencies/ros_gz_image
[28.018s] -- Installing: /home/shadoroca/Documentos/Academia/ServicioSocial/ros2_ws/install/ros_gz_image/share/ament_index/resource_index/parent_prefix_path/ros_gz_image
[28.018s] -- Installing: /home/shadoroca/Documentos/Academia/ServicioSocial/ros2_ws/install/ros_gz_image/share/ros_gz_image/environment/ament_prefix_path.sh
[28.018s] -- Installing: /home/shadoroca/Documentos/Academia/ServicioSocial/ros2_ws/install/ros_gz_image/share/ros_gz_image/environment/ament_prefix_path.dsv
[28.019s] -- Installing: /home/shadoroca/Documentos/Academia/ServicioSocial/ros2_ws/install/ros_gz_image/share/ros_gz_image/environment/path.sh
[28.019s] -- Installing: /home/shadoroca/Documentos/Academia/ServicioSocial/ros2_ws/install/ros_gz_image/share/ros_gz_image/environment/path.dsv
[28.019s] -- Installing: /home/shadoroca/Documentos/Academia/ServicioSocial/ros2_ws/install/ros_gz_image/share/ros_gz_image/local_setup.bash
[28.019s] -- Installing: /home/shadoroca/Documentos/Academia/ServicioSocial/ros2_ws/install/ros_gz_image/share/ros_gz_image/local_setup.sh
[28.020s] -- Installing: /home/shadoroca/Documentos/Academia/ServicioSocial/ros2_ws/install/ros_gz_image/share/ros_gz_image/local_setup.zsh
[28.020s] -- Installing: /home/shadoroca/Documentos/Academia/ServicioSocial/ros2_ws/install/ros_gz_image/share/ros_gz_image/local_setup.dsv
[28.020s] -- Installing: /home/shadoroca/Documentos/Academia/ServicioSocial/ros2_ws/install/ros_gz_image/share/ros_gz_image/package.dsv
[28.020s] -- Installing: /home/shadoroca/Documentos/Academia/ServicioSocial/ros2_ws/install/ros_gz_image/share/ament_index/resource_index/packages/ros_gz_image
[28.020s] -- Installing: /home/shadoroca/Documentos/Academia/ServicioSocial/ros2_ws/install/ros_gz_image/share/ros_gz_image/cmake/ros_gz_imageConfig.cmake
[28.020s] -- Installing: /home/shadoroca/Documentos/Academia/ServicioSocial/ros2_ws/install/ros_gz_image/share/ros_gz_image/cmake/ros_gz_imageConfig-version.cmake
[28.021s] -- Installing: /home/shadoroca/Documentos/Academia/ServicioSocial/ros2_ws/install/ros_gz_image/share/ros_gz_image/package.xml
[28.027s] Invoked command in '/home/shadoroca/Documentos/Academia/ServicioSocial/ros2_ws/build/ros_gz_image' returned '0': AMENT_PREFIX_PATH=/home/shadoroca/Documentos/Academia/ServicioSocial/ros2_ws/install/ros_gz_bridge:/home/shadoroca/Documentos/Academia/ServicioSocial/ros2_ws/install/ros_gz_interfaces:${AMENT_PREFIX_PATH} CMAKE_PREFIX_PATH=/home/shadoroca/Documentos/Academia/ServicioSocial/ros2_ws/install/ros_gz_bridge:/home/shadoroca/Documentos/Academia/ServicioSocial/ros2_ws/install/ros_gz_interfaces:/opt/ros/humble LD_LIBRARY_PATH=/home/shadoroca/Documentos/Academia/ServicioSocial/ros2_ws/install/ros_gz_bridge/lib:/home/shadoroca/Documentos/Academia/ServicioSocial/ros2_ws/install/ros_gz_interfaces/lib:${LD_LIBRARY_PATH} PYTHONPATH=/home/shadoroca/Documentos/Academia/ServicioSocial/ros2_ws/install/ros_gz_interfaces/local/lib/python3.10/dist-packages:${PYTHONPATH} /usr/bin/cmake --install /home/shadoroca/Documentos/Academia/ServicioSocial/ros2_ws/build/ros_gz_image
