[0.016s] Invoking command in '/home/shadoroca/Documentos/Academia/ServicioSocial/ros2_ws/build/ros_ign_bridge': AMENT_PREFIX_PATH=/home/shadoroca/Documentos/Academia/ServicioSocial/ros2_ws/install/ros_gz_bridge:/home/shadoroca/Documentos/Academia/ServicioSocial/ros2_ws/install/ros_gz_interfaces:${AMENT_PREFIX_PATH} CMAKE_PREFIX_PATH=/home/shadoroca/Documentos/Academia/ServicioSocial/ros2_ws/install/ros_gz_bridge:/home/shadoroca/Documentos/Academia/ServicioSocial/ros2_ws/install/ros_gz_interfaces:/opt/ros/humble LD_LIBRARY_PATH=/home/shadoroca/Documentos/Academia/ServicioSocial/ros2_ws/install/ros_gz_bridge/lib:/home/shadoroca/Documentos/Academia/ServicioSocial/ros2_ws/install/ros_gz_interfaces/lib:${LD_LIBRARY_PATH} PYTHONPATH=/home/shadoroca/Documentos/Academia/ServicioSocial/ros2_ws/install/ros_gz_interfaces/local/lib/python3.10/dist-packages:${PYTHONPATH} /usr/bin/cmake /home/shadoroca/Documentos/Academia/ServicioSocial/ros2_ws/src/ros_gz/ros_ign_bridge -DCMAKE_INSTALL_PREFIX=/home/shadoroca/Documentos/Academia/ServicioSocial/ros2_ws/install/ros_ign_bridge
[0.144s] -- The C compiler identification is GNU 11.3.0
[0.207s] -- The CXX compiler identification is GNU 11.3.0
[0.217s] -- Detecting C compiler ABI info
[0.291s] -- Detecting C compiler ABI info - done
[0.302s] -- Check for working C compiler: /usr/bin/cc - skipped
[0.302s] -- Detecting C compile features
[0.303s] -- Detecting C compile features - done
[0.307s] -- Detecting CXX compiler ABI info
[0.391s] -- Detecting CXX compiler ABI info - done
[0.400s] -- Check for working CXX compiler: /usr/bin/c++ - skipped
[0.400s] -- Detecting CXX compile features
[0.400s] -- Detecting CXX compile features - done
[0.409s] -- Found ament_cmake: 1.3.5 (/opt/ros/humble/share/ament_cmake/cmake)
[0.579s] -- Found Python3: /usr/bin/python3.10 (found version "3.10.6") found components: Interpreter 
[0.674s] -- Found ament_index_cpp: 1.4.0 (/opt/ros/humble/share/ament_index_cpp/cmake)
[0.749s] -- Configuring done
[0.755s] -- Generating done
[0.756s] -- Build files have been written to: /home/shadoroca/Documentos/Academia/ServicioSocial/ros2_ws/build/ros_ign_bridge
[0.760s] Invoked command in '/home/shadoroca/Documentos/Academia/ServicioSocial/ros2_ws/build/ros_ign_bridge' returned '0': AMENT_PREFIX_PATH=/home/shadoroca/Documentos/Academia/ServicioSocial/ros2_ws/install/ros_gz_bridge:/home/shadoroca/Documentos/Academia/ServicioSocial/ros2_ws/install/ros_gz_interfaces:${AMENT_PREFIX_PATH} CMAKE_PREFIX_PATH=/home/shadoroca/Documentos/Academia/ServicioSocial/ros2_ws/install/ros_gz_bridge:/home/shadoroca/Documentos/Academia/ServicioSocial/ros2_ws/install/ros_gz_interfaces:/opt/ros/humble LD_LIBRARY_PATH=/home/shadoroca/Documentos/Academia/ServicioSocial/ros2_ws/install/ros_gz_bridge/lib:/home/shadoroca/Documentos/Academia/ServicioSocial/ros2_ws/install/ros_gz_interfaces/lib:${LD_LIBRARY_PATH} PYTHONPATH=/home/shadoroca/Documentos/Academia/ServicioSocial/ros2_ws/install/ros_gz_interfaces/local/lib/python3.10/dist-packages:${PYTHONPATH} /usr/bin/cmake /home/shadoroca/Documentos/Academia/ServicioSocial/ros2_ws/src/ros_gz/ros_ign_bridge -DCMAKE_INSTALL_PREFIX=/home/shadoroca/Documentos/Academia/ServicioSocial/ros2_ws/install/ros_ign_bridge
[0.763s] Invoking command in '/home/shadoroca/Documentos/Academia/ServicioSocial/ros2_ws/build/ros_ign_bridge': AMENT_PREFIX_PATH=/home/shadoroca/Documentos/Academia/ServicioSocial/ros2_ws/install/ros_gz_bridge:/home/shadoroca/Documentos/Academia/ServicioSocial/ros2_ws/install/ros_gz_interfaces:${AMENT_PREFIX_PATH} CMAKE_PREFIX_PATH=/home/shadoroca/Documentos/Academia/ServicioSocial/ros2_ws/install/ros_gz_bridge:/home/shadoroca/Documentos/Academia/ServicioSocial/ros2_ws/install/ros_gz_interfaces:/opt/ros/humble LD_LIBRARY_PATH=/home/shadoroca/Documentos/Academia/ServicioSocial/ros2_ws/install/ros_gz_bridge/lib:/home/shadoroca/Documentos/Academia/ServicioSocial/ros2_ws/install/ros_gz_interfaces/lib:${LD_LIBRARY_PATH} PYTHONPATH=/home/shadoroca/Documentos/Academia/ServicioSocial/ros2_ws/install/ros_gz_interfaces/local/lib/python3.10/dist-packages:${PYTHONPATH} /usr/bin/cmake --build /home/shadoroca/Documentos/Academia/ServicioSocial/ros2_ws/build/ros_ign_bridge -- -j8 -l8
[0.809s] [ 25%] [32mBuilding CXX object CMakeFiles/parameter_bridge.dir/src/parameter_bridge_shim.cpp.o[0m
[0.812s] [ 50%] [32mBuilding CXX object CMakeFiles/static_bridge.dir/src/static_bridge_shim.cpp.o[0m
[1.059s] [ 75%] [32m[1mLinking CXX executable static_bridge[0m
[1.071s] [100%] [32m[1mLinking CXX executable parameter_bridge[0m
[1.169s] [100%] Built target static_bridge
[1.191s] [100%] Built target parameter_bridge
[1.204s] Invoked command in '/home/shadoroca/Documentos/Academia/ServicioSocial/ros2_ws/build/ros_ign_bridge' returned '0': AMENT_PREFIX_PATH=/home/shadoroca/Documentos/Academia/ServicioSocial/ros2_ws/install/ros_gz_bridge:/home/shadoroca/Documentos/Academia/ServicioSocial/ros2_ws/install/ros_gz_interfaces:${AMENT_PREFIX_PATH} CMAKE_PREFIX_PATH=/home/shadoroca/Documentos/Academia/ServicioSocial/ros2_ws/install/ros_gz_bridge:/home/shadoroca/Documentos/Academia/ServicioSocial/ros2_ws/install/ros_gz_interfaces:/opt/ros/humble LD_LIBRARY_PATH=/home/shadoroca/Documentos/Academia/ServicioSocial/ros2_ws/install/ros_gz_bridge/lib:/home/shadoroca/Documentos/Academia/ServicioSocial/ros2_ws/install/ros_gz_interfaces/lib:${LD_LIBRARY_PATH} PYTHONPATH=/home/shadoroca/Documentos/Academia/ServicioSocial/ros2_ws/install/ros_gz_interfaces/local/lib/python3.10/dist-packages:${PYTHONPATH} /usr/bin/cmake --build /home/shadoroca/Documentos/Academia/ServicioSocial/ros2_ws/build/ros_ign_bridge -- -j8 -l8
[1.233s] Invoking command in '/home/shadoroca/Documentos/Academia/ServicioSocial/ros2_ws/build/ros_ign_bridge': AMENT_PREFIX_PATH=/home/shadoroca/Documentos/Academia/ServicioSocial/ros2_ws/install/ros_gz_bridge:/home/shadoroca/Documentos/Academia/ServicioSocial/ros2_ws/install/ros_gz_interfaces:${AMENT_PREFIX_PATH} CMAKE_PREFIX_PATH=/home/shadoroca/Documentos/Academia/ServicioSocial/ros2_ws/install/ros_gz_bridge:/home/shadoroca/Documentos/Academia/ServicioSocial/ros2_ws/install/ros_gz_interfaces:/opt/ros/humble LD_LIBRARY_PATH=/home/shadoroca/Documentos/Academia/ServicioSocial/ros2_ws/install/ros_gz_bridge/lib:/home/shadoroca/Documentos/Academia/ServicioSocial/ros2_ws/install/ros_gz_interfaces/lib:${LD_LIBRARY_PATH} PYTHONPATH=/home/shadoroca/Documentos/Academia/ServicioSocial/ros2_ws/install/ros_gz_interfaces/local/lib/python3.10/dist-packages:${PYTHONPATH} /usr/bin/cmake --install /home/shadoroca/Documentos/Academia/ServicioSocial/ros2_ws/build/ros_ign_bridge
[1.240s] -- Install configuration: ""
[1.240s] -- Installing: /home/shadoroca/Documentos/Academia/ServicioSocial/ros2_ws/install/ros_ign_bridge/lib/ros_ign_bridge/parameter_bridge
[1.241s] -- Set runtime path of "/home/shadoroca/Documentos/Academia/ServicioSocial/ros2_ws/install/ros_ign_bridge/lib/ros_ign_bridge/parameter_bridge" to ""
[1.241s] -- Installing: /home/shadoroca/Documentos/Academia/ServicioSocial/ros2_ws/install/ros_ign_bridge/lib/ros_ign_bridge/static_bridge
[1.241s] -- Set runtime path of "/home/shadoroca/Documentos/Academia/ServicioSocial/ros2_ws/install/ros_ign_bridge/lib/ros_ign_bridge/static_bridge" to ""
[1.241s] -- Installing: /home/shadoroca/Documentos/Academia/ServicioSocial/ros2_ws/install/ros_ign_bridge/share/ament_index/resource_index/package_run_dependencies/ros_ign_bridge
[1.241s] -- Installing: /home/shadoroca/Documentos/Academia/ServicioSocial/ros2_ws/install/ros_ign_bridge/share/ament_index/resource_index/parent_prefix_path/ros_ign_bridge
[1.242s] -- Installing: /home/shadoroca/Documentos/Academia/ServicioSocial/ros2_ws/install/ros_ign_bridge/share/ros_ign_bridge/environment/ament_prefix_path.sh
[1.242s] -- Installing: /home/shadoroca/Documentos/Academia/ServicioSocial/ros2_ws/install/ros_ign_bridge/share/ros_ign_bridge/environment/ament_prefix_path.dsv
[1.242s] -- Installing: /home/shadoroca/Documentos/Academia/ServicioSocial/ros2_ws/install/ros_ign_bridge/share/ros_ign_bridge/environment/path.sh
[1.242s] -- Installing: /home/shadoroca/Documentos/Academia/ServicioSocial/ros2_ws/install/ros_ign_bridge/share/ros_ign_bridge/environment/path.dsv
[1.242s] -- Installing: /home/shadoroca/Documentos/Academia/ServicioSocial/ros2_ws/install/ros_ign_bridge/share/ros_ign_bridge/local_setup.bash
[1.243s] -- Installing: /home/shadoroca/Documentos/Academia/ServicioSocial/ros2_ws/install/ros_ign_bridge/share/ros_ign_bridge/local_setup.sh
[1.243s] -- Installing: /home/shadoroca/Documentos/Academia/ServicioSocial/ros2_ws/install/ros_ign_bridge/share/ros_ign_bridge/local_setup.zsh
[1.243s] -- Installing: /home/shadoroca/Documentos/Academia/ServicioSocial/ros2_ws/install/ros_ign_bridge/share/ros_ign_bridge/local_setup.dsv
[1.243s] -- Installing: /home/shadoroca/Documentos/Academia/ServicioSocial/ros2_ws/install/ros_ign_bridge/share/ros_ign_bridge/package.dsv
[1.243s] -- Installing: /home/shadoroca/Documentos/Academia/ServicioSocial/ros2_ws/install/ros_ign_bridge/share/ament_index/resource_index/packages/ros_ign_bridge
[1.243s] -- Installing: /home/shadoroca/Documentos/Academia/ServicioSocial/ros2_ws/install/ros_ign_bridge/share/ros_ign_bridge/cmake/ament_cmake_export_dependencies-extras.cmake
[1.243s] -- Installing: /home/shadoroca/Documentos/Academia/ServicioSocial/ros2_ws/install/ros_ign_bridge/share/ros_ign_bridge/cmake/ros_ign_bridgeConfig.cmake
[1.244s] -- Installing: /home/shadoroca/Documentos/Academia/ServicioSocial/ros2_ws/install/ros_ign_bridge/share/ros_ign_bridge/cmake/ros_ign_bridgeConfig-version.cmake
[1.244s] -- Installing: /home/shadoroca/Documentos/Academia/ServicioSocial/ros2_ws/install/ros_ign_bridge/share/ros_ign_bridge/package.xml
[1.248s] Invoked command in '/home/shadoroca/Documentos/Academia/ServicioSocial/ros2_ws/build/ros_ign_bridge' returned '0': AMENT_PREFIX_PATH=/home/shadoroca/Documentos/Academia/ServicioSocial/ros2_ws/install/ros_gz_bridge:/home/shadoroca/Documentos/Academia/ServicioSocial/ros2_ws/install/ros_gz_interfaces:${AMENT_PREFIX_PATH} CMAKE_PREFIX_PATH=/home/shadoroca/Documentos/Academia/ServicioSocial/ros2_ws/install/ros_gz_bridge:/home/shadoroca/Documentos/Academia/ServicioSocial/ros2_ws/install/ros_gz_interfaces:/opt/ros/humble LD_LIBRARY_PATH=/home/shadoroca/Documentos/Academia/ServicioSocial/ros2_ws/install/ros_gz_bridge/lib:/home/shadoroca/Documentos/Academia/ServicioSocial/ros2_ws/install/ros_gz_interfaces/lib:${LD_LIBRARY_PATH} PYTHONPATH=/home/shadoroca/Documentos/Academia/ServicioSocial/ros2_ws/install/ros_gz_interfaces/local/lib/python3.10/dist-packages:${PYTHONPATH} /usr/bin/cmake --install /home/shadoroca/Documentos/Academia/ServicioSocial/ros2_ws/build/ros_ign_bridge
