[0.008s] Invoking command in '/home/shadoroca/Documentos/Academia/ServicioSocial/ros2_ws/build/ros_gz_sim': CMAKE_PREFIX_PATH=/opt/ros/humble /usr/bin/cmake /home/shadoroca/Documentos/Academia/ServicioSocial/ros2_ws/src/ros_gz/ros_gz_sim -DCMAKE_INSTALL_PREFIX=/home/shadoroca/Documentos/Academia/ServicioSocial/ros2_ws/install/ros_gz_sim
[0.058s] -- The C compiler identification is GNU 11.3.0
[0.113s] -- The CXX compiler identification is GNU 11.3.0
[0.123s] -- Detecting C compiler ABI info
[0.195s] -- Detecting C compiler ABI info - done
[0.203s] -- Check for working C compiler: /usr/bin/cc - skipped
[0.204s] -- Detecting C compile features
[0.204s] -- Detecting C compile features - done
[0.209s] -- Detecting CXX compiler ABI info
[0.292s] -- Detecting CXX compiler ABI info - done
[0.300s] -- Check for working CXX compiler: /usr/bin/c++ - skipped
[0.301s] -- Detecting CXX compile features
[0.301s] -- Detecting CXX compile features - done
[0.303s] -- Found ament_cmake: 1.3.5 (/opt/ros/humble/share/ament_cmake/cmake)
[0.463s] -- Found Python3: /usr/bin/python3.10 (found version "3.10.6") found components: Interpreter 
[0.550s] -- Found rclcpp: 16.0.4 (/opt/ros/humble/share/rclcpp/cmake)
[0.588s] -- Found rosidl_generator_c: 3.1.4 (/opt/ros/humble/share/rosidl_generator_c/cmake)
[0.592s] -- Found rosidl_adapter: 3.1.4 (/opt/ros/humble/share/rosidl_adapter/cmake)
[0.599s] -- Found rosidl_generator_cpp: 3.1.4 (/opt/ros/humble/share/rosidl_generator_cpp/cmake)
[0.612s] -- Using all available rosidl_typesupport_c: rosidl_typesupport_fastrtps_c;rosidl_typesupport_introspection_c
[0.631s] -- Using all available rosidl_typesupport_cpp: rosidl_typesupport_fastrtps_cpp;rosidl_typesupport_introspection_cpp
[0.710s] -- Found rmw_implementation_cmake: 6.1.1 (/opt/ros/humble/share/rmw_implementation_cmake/cmake)
[0.712s] -- Found rmw_fastrtps_cpp: 6.2.2 (/opt/ros/humble/share/rmw_fastrtps_cpp/cmake)
[0.797s] -- Found OpenSSL: /usr/lib/x86_64-linux-gnu/libcrypto.so (found version "3.0.2")  
[0.826s] -- Found FastRTPS: /opt/ros/humble/include  
[0.876s] -- Using RMW implementation 'rmw_fastrtps_cpp' as default
[0.885s] -- Looking for pthread.h
[0.955s] -- Looking for pthread.h - found
[0.956s] -- Performing Test CMAKE_HAVE_LIBC_PTHREAD
[1.223s] -- Performing Test CMAKE_HAVE_LIBC_PTHREAD - Success
[1.224s] -- Found Threads: TRUE  
[1.801s] -- Looking for ignition-math6 -- found version 6.14.0
[1.812s] -- Searching for dependencies of ignition-math6
[1.816s] -- Looking for ignition-transport11 -- found version 11.4.0
[1.816s] -- Searching for dependencies of ignition-transport11
[1.852s] -- Found Protobuf: /usr/lib/x86_64-linux-gnu/libprotobuf.so (found suitable version "3.12.4", minimum required is "3") 
[1.869s] -- Config-file not installed for ZeroMQ -- checking for pkg-config
[1.874s] -- Checking for module 'libzmq >= 4'
[1.889s] --   Found libzmq , version 4.3.4
[1.927s] -- Found ZeroMQ: TRUE (Required is at least version "4") 
[1.932s] -- Checking for module 'uuid'
[1.944s] --   Found uuid, version 2.37.2
[1.975s] -- Found UUID: TRUE  
[1.979s] -- Looking for ignition-utils1 -- found version 1.5.1
[1.979s] -- Searching for dependencies of ignition-utils1
[1.981s] -- Searching for <ignition-utils1> component [cli]
[1.983s] -- Looking for ignition-utils1-cli -- found version 1.5.1
[1.984s] -- Searching for dependencies of ignition-utils1-cli
[1.987s] -- Looking for ignition-msgs8 -- found version 8.7.0
[1.988s] -- Searching for dependencies of ignition-msgs8
[2.007s] -- Looking for ignition-math6 -- found version 6.14.0
[2.013s] -- Checking for module 'tinyxml2'
[2.025s] --   Found tinyxml2, version 9.0.0
[2.062s] -- Looking for ignition-msgs8 -- found version 8.7.0
[2.068s] -- Looking for ignition-gazebo6 -- found version 6.14.0
[2.068s] -- Searching for dependencies of ignition-gazebo6
[2.072s] -- Looking for sdformat12 -- found version 12.7.1
[2.072s] -- Searching for dependencies of sdformat12
[2.079s] -- Looking for ignition-math6 -- found version 6.14.0
[2.080s] -- Looking for ignition-utils1 -- found version 1.5.1
[2.083s] -- Looking for ignition-plugin1 -- found version 1.4.0
[2.084s] -- Searching for dependencies of ignition-plugin1
[2.085s] -- Searching for <ignition-plugin1> component [loader]
[2.087s] -- Looking for ignition-plugin1-loader -- found version 1.4.0
[2.088s] -- Searching for dependencies of ignition-plugin1-loader
[2.089s] -- Searching for <ignition-plugin1> component [register]
[2.091s] -- Looking for ignition-plugin1-register -- found version 1.4.0
[2.092s] -- Searching for dependencies of ignition-plugin1-register
[2.092s] -- Looking for ignition-transport11 -- found version 11.4.0
[2.093s] -- Searching for dependencies of ignition-transport11
[2.125s] -- Config-file not installed for ZeroMQ -- checking for pkg-config
[2.130s] -- Checking for module 'libzmq >= 4'
[2.144s] --   Found libzmq , version 4.3.4
[2.192s] -- Looking for ignition-utils1 -- found version 1.5.1
[2.193s] -- Looking for ignition-msgs8 -- found version 8.7.0
[2.193s] -- Searching for <ignition-transport11> component [log]
[2.197s] -- Looking for ignition-transport11-log -- found version 11.4.0
[2.197s] -- Searching for dependencies of ignition-transport11-log
[2.199s] -- Searching for <ignition-transport11> component [parameters]
[2.202s] -- Looking for ignition-transport11-parameters -- found version 11.4.0
[2.203s] -- Searching for dependencies of ignition-transport11-parameters
[2.204s] -- Looking for ignition-msgs8 -- found version 8.7.0
[2.208s] -- Looking for ignition-common4 -- found version 4.7.0
[2.209s] -- Searching for dependencies of ignition-common4
[2.210s] -- Looking for dlfcn.h - found
[2.211s] -- Looking for libdl - found
[2.213s] -- Found DL: TRUE  
[2.226s] -- Searching for <ignition-common4> component [profiler]
[2.230s] -- Looking for ignition-common4-profiler -- found version 4.7.0
[2.230s] -- Searching for dependencies of ignition-common4-profiler
[2.231s] -- Searching for <ignition-common4> component [events]
[2.234s] -- Looking for ignition-common4-events -- found version 4.7.0
[2.235s] -- Searching for dependencies of ignition-common4-events
[2.235s] -- Looking for ignition-math6 -- found version 6.14.0
[2.236s] -- Searching for <ignition-common4> component [av]
[2.241s] -- Looking for ignition-common4-av -- found version 4.7.0
[2.241s] -- Searching for dependencies of ignition-common4-av
[2.247s] -- Checking for module 'libswscale'
[2.265s] --   Found libswscale, version 5.9.100
[2.303s] -- Found SWSCALE: TRUE  
[2.308s] -- Checking for module 'libavdevice >= 56.4.100'
[2.323s] --   Found libavdevice , version 58.13.100
[2.364s] -- Found AVDEVICE: TRUE (Required is at least version "56.4.100") 
[2.371s] -- Checking for module 'libavformat'
[2.385s] --   Found libavformat, version 58.76.100
[2.424s] -- Found AVFORMAT: TRUE  
[2.431s] -- Checking for module 'libavcodec'
[2.451s] --   Found libavcodec, version 58.134.100
[2.494s] -- Found AVCODEC: TRUE  
[2.501s] -- Checking for module 'libavutil'
[2.517s] --   Found libavutil, version 56.70.100
[2.558s] -- Found AVUTIL: TRUE  
[2.561s] -- Looking for ignition-fuel_tools7 -- found version 7.3.0
[2.562s] -- Searching for dependencies of ignition-fuel_tools7
[2.641s] -- Found CURL: /usr/lib/x86_64-linux-gnu/libcurl.so (found version "7.81.0")  
[2.653s] -- Checking for module 'jsoncpp'
[2.668s] --   Found jsoncpp, version 1.9.5
[2.698s] -- Found JSONCPP: TRUE  
[2.704s] -- Checking for module 'libzip'
[2.716s] --   Found libzip, version 1.7.3
[2.749s] -- Found ZIP: TRUE  
[2.749s] -- Looking for ignition-common4 -- found version 4.7.0
[2.750s] -- Looking for ignition-math6 -- found version 6.14.0
[2.750s] -- Looking for ignition-msgs8 -- found version 8.7.0
[2.754s] -- Looking for ignition-gui6 -- found version 6.8.0
[2.755s] -- Searching for dependencies of ignition-gui6
[2.785s] -- Looking for ignition-math6 -- found version 6.14.0
[2.785s] -- Looking for ignition-common4 -- found version 4.7.0
[2.786s] -- Looking for ignition-plugin1 -- found version 1.4.0
[2.786s] -- Looking for ignition-transport11 -- found version 11.4.0
[2.789s] -- Looking for ignition-rendering6 -- found version 6.6.0
[2.789s] -- Searching for dependencies of ignition-rendering6
[2.789s] -- Looking for ignition-math6 -- found version 6.14.0
[2.790s] -- Searching for dependencies of ignition-math6
[2.790s] -- Searching for <ignition-math6> component [eigen3]
[2.793s] -- Looking for ignition-math6-eigen3 -- found version 6.14.0
[2.793s] -- Searching for dependencies of ignition-math6-eigen3
[2.803s] -- Looking for ignition-common4 -- found version 4.7.0
[2.804s] -- Searching for dependencies of ignition-common4
[2.804s] -- Looking for dlfcn.h - found
[2.804s] -- Looking for libdl - found
[2.813s] -- Searching for <ignition-common4> component [graphics]
[2.814s] -- Looking for ignition-common4-graphics -- found version 4.7.0
[2.815s] -- Searching for dependencies of ignition-common4-graphics
[2.815s] -- Looking for ignition-math6 -- found version 6.14.0
[2.816s] -- Looking for ignition-utils1 -- found version 1.5.1
[2.816s] -- Searching for <ignition-common4> component [events]
[2.817s] -- Looking for ignition-plugin1 -- found version 1.4.0
[2.817s] -- Searching for dependencies of ignition-plugin1
[2.818s] -- Searching for <ignition-plugin1> component [all]
[2.820s] -- Looking for all libraries of ignition-plugin1 -- found version 1.4.0
[2.820s] -- Looking for ignition-plugin1 -- found version 1.4.0
[2.823s] -- Looking for ignition-msgs8 -- found version 8.7.0
[2.860s] -- Looking for ignition-physics5 -- found version 5.3.1
[2.860s] -- Searching for dependencies of ignition-physics5
[2.861s] -- Looking for ignition-math6 -- found version 6.14.0
[2.861s] -- Looking for ignition-plugin1 -- found version 1.4.0
[2.862s] -- Looking for ignition-utils1 -- found version 1.5.1
[2.864s] -- Searching for <ignition-physics5> component [heightmap]
[2.868s] -- Looking for ignition-physics5-heightmap -- found version 5.3.1
[2.869s] -- Searching for dependencies of ignition-physics5-heightmap
[2.869s] -- Looking for ignition-common4 -- found version 4.7.0
[2.870s] -- Searching for <ignition-physics5> component [mesh]
[2.873s] -- Looking for ignition-physics5-mesh -- found version 5.3.1
[2.874s] -- Searching for dependencies of ignition-physics5-mesh
[2.875s] -- Looking for ignition-common4 -- found version 4.7.0
[2.876s] -- Searching for <ignition-physics5> component [sdf]
[2.879s] -- Looking for ignition-physics5-sdf -- found version 5.3.1
[2.880s] -- Searching for dependencies of ignition-physics5-sdf
[2.881s] -- Looking for sdformat12 -- found version 12.7.1
[2.889s] -- Looking for ignition-sensors6 -- found version 6.7.0
[2.889s] -- Searching for dependencies of ignition-sensors6
[2.909s] -- Looking for ignition-math6 -- found version 6.14.0
[2.909s] -- Looking for ignition-common4 -- found version 4.7.0
[2.910s] -- Looking for ignition-transport11 -- found version 11.4.0
[2.910s] -- Looking for ignition-rendering6 -- found version 6.6.0
[2.911s] -- Looking for ignition-msgs8 -- found version 8.7.0
[2.911s] -- Looking for sdformat12 -- found version 12.7.1
[2.912s] -- Searching for <ignition-sensors6> component [air_pressure]
[2.914s] -- Looking for ignition-sensors6-air_pressure -- found version 6.7.0
[2.915s] -- Searching for dependencies of ignition-sensors6-air_pressure
[2.916s] -- Searching for <ignition-sensors6> component [altimeter]
[2.918s] -- Looking for ignition-sensors6-altimeter -- found version 6.7.0
[2.918s] -- Searching for dependencies of ignition-sensors6-altimeter
[2.919s] -- Searching for <ignition-sensors6> component [imu]
[2.921s] -- Looking for ignition-sensors6-imu -- found version 6.7.0
[2.922s] -- Searching for dependencies of ignition-sensors6-imu
[2.923s] -- Searching for <ignition-sensors6> component [force_torque]
[2.925s] -- Looking for ignition-sensors6-force_torque -- found version 6.7.0
[2.925s] -- Searching for dependencies of ignition-sensors6-force_torque
[2.926s] -- Searching for <ignition-sensors6> component [logical_camera]
[2.929s] -- Looking for ignition-sensors6-logical_camera -- found version 6.7.0
[2.930s] -- Searching for dependencies of ignition-sensors6-logical_camera
[2.930s] -- Searching for <ignition-sensors6> component [magnetometer]
[2.934s] -- Looking for ignition-sensors6-magnetometer -- found version 6.7.0
[2.934s] -- Searching for dependencies of ignition-sensors6-magnetometer
[2.935s] -- Searching for <ignition-sensors6> component [navsat]
[2.937s] -- Looking for ignition-sensors6-navsat -- found version 6.7.0
[2.938s] -- Searching for dependencies of ignition-sensors6-navsat
[2.939s] -- Searching for <ignition-sensors6> component [rendering]
[2.941s] -- Looking for ignition-sensors6-rendering -- found version 6.7.0
[2.942s] -- Searching for dependencies of ignition-sensors6-rendering
[2.943s] -- Searching for <ignition-sensors6> component [lidar]
[2.946s] -- Looking for ignition-sensors6-lidar -- found version 6.7.0
[2.946s] -- Searching for dependencies of ignition-sensors6-lidar
[2.947s] -- Looking for ignition-sensors6 -- found version 6.7.0
[2.949s] -- Searching for <ignition-sensors6> component [gpu_lidar]
[2.952s] -- Looking for ignition-sensors6-gpu_lidar -- found version 6.7.0
[2.953s] -- Searching for dependencies of ignition-sensors6-gpu_lidar
[2.953s] -- Looking for ignition-sensors6 -- found version 6.7.0
[2.954s] -- Searching for <ignition-sensors6> component [camera]
[2.957s] -- Looking for ignition-sensors6-camera -- found version 6.7.0
[2.957s] -- Searching for dependencies of ignition-sensors6-camera
[2.958s] -- Looking for ignition-sensors6 -- found version 6.7.0
[2.959s] -- Searching for <ignition-sensors6> component [boundingbox_camera]
[2.961s] -- Looking for ignition-sensors6-boundingbox_camera -- found version 6.7.0
[2.961s] -- Searching for dependencies of ignition-sensors6-boundingbox_camera
[2.962s] -- Searching for <ignition-sensors6> component [segmentation_camera]
[2.964s] -- Looking for ignition-sensors6-segmentation_camera -- found version 6.7.0
[2.965s] -- Searching for dependencies of ignition-sensors6-segmentation_camera
[2.966s] -- Searching for <ignition-sensors6> component [depth_camera]
[2.968s] -- Looking for ignition-sensors6-depth_camera -- found version 6.7.0
[2.969s] -- Searching for dependencies of ignition-sensors6-depth_camera
[2.969s] -- Looking for ignition-sensors6 -- found version 6.7.0
[2.970s] -- Searching for <ignition-sensors6> component [rgbd_camera]
[2.972s] -- Looking for ignition-sensors6-rgbd_camera -- found version 6.7.0
[2.973s] -- Searching for dependencies of ignition-sensors6-rgbd_camera
[2.973s] -- Looking for ignition-sensors6 -- found version 6.7.0
[2.974s] -- Searching for <ignition-sensors6> component [thermal_camera]
[2.978s] -- Looking for ignition-sensors6-thermal_camera -- found version 6.7.0
[2.978s] -- Searching for dependencies of ignition-sensors6-thermal_camera
[2.978s] -- Looking for ignition-sensors6 -- found version 6.7.0
[2.984s] -- Looking for ignition-rendering6 -- found version 6.6.0
[2.984s] -- Looking for ignition-math6 -- found version 6.14.0
[2.987s] -- Looking for ignition-utils1 -- found version 1.5.1
[3.010s] -- Compiling against Gazebo Fortress
[3.012s] -- Looking for gflags - found
[3.012s] 
[3.016s] -- Found ament_lint_auto: 0.12.6 (/opt/ros/humble/share/ament_lint_auto/cmake)
[3.120s] -- Found ament_cmake_gtest: 1.3.5 (/opt/ros/humble/share/ament_cmake_gtest/cmake)
[3.122s] -- Found gtest sources under '/opt/ros/humble/src/gtest_vendor': C++ tests using 'Google Test' will be built
[3.134s] -- Added test 'copyright' to check source files copyright and LICENSE
[3.135s] -- Added test 'cppcheck' to perform static code analysis on C / C++ code
[3.136s] -- Configured cppcheck include dirs: $<BUILD_INTERFACE:/home/shadoroca/Documentos/Academia/ServicioSocial/ros2_ws/src/ros_gz/ros_gz_sim/include>
[3.136s] -- Configured cppcheck exclude dirs and/or files: 
[3.138s] -- Added test 'cpplint' to check C / C++ code against the Google style
[3.138s] -- Configured cpplint exclude dirs and/or files: 
[3.139s] -- Added test 'lint_cmake' to check CMake code style
[3.141s] -- Added test 'uncrustify' to check C / C++ code style
[3.141s] -- Configured uncrustify additional arguments: 
[3.141s] -- Added test 'xmllint' to check XML markup files
[3.144s] -- Configuring done
[3.169s] -- Generating done
[3.172s] -- Build files have been written to: /home/shadoroca/Documentos/Academia/ServicioSocial/ros2_ws/build/ros_gz_sim
[3.190s] Invoked command in '/home/shadoroca/Documentos/Academia/ServicioSocial/ros2_ws/build/ros_gz_sim' returned '0': CMAKE_PREFIX_PATH=/opt/ros/humble /usr/bin/cmake /home/shadoroca/Documentos/Academia/ServicioSocial/ros2_ws/src/ros_gz/ros_gz_sim -DCMAKE_INSTALL_PREFIX=/home/shadoroca/Documentos/Academia/ServicioSocial/ros2_ws/install/ros_gz_sim
[3.192s] Invoking command in '/home/shadoroca/Documentos/Academia/ServicioSocial/ros2_ws/build/ros_gz_sim': CMAKE_PREFIX_PATH=/opt/ros/humble /usr/bin/cmake --build /home/shadoroca/Documentos/Academia/ServicioSocial/ros2_ws/build/ros_gz_sim -- -j8 -l8
[3.251s] [ 40%] [32mBuilding CXX object CMakeFiles/ros_gz_sim.dir/src/Stopwatch.cpp.o[0m
[3.252s] [ 40%] [32mBuilding CXX object CMakeFiles/create.dir/src/create.cpp.o[0m
[3.252s] [ 40%] [32mBuilding CXX object gtest/CMakeFiles/gtest_main.dir/src/gtest_main.cc.o[0m
[3.252s] [ 40%] [32mBuilding CXX object gtest/CMakeFiles/gtest.dir/src/gtest-all.cc.o[0m
[4.213s] [ 50%] [32m[1mLinking CXX static library libgtest_main.a[0m
[4.261s] [ 50%] Built target gtest_main
[4.506s] [ 60%] [32m[1mLinking CXX shared library libros_gz_sim.so[0m
[4.657s] [ 60%] Built target ros_gz_sim
[7.382s] [ 70%] [32m[1mLinking CXX static library libgtest.a[0m
[7.495s] [ 70%] Built target gtest
[7.521s] [ 80%] [32mBuilding CXX object CMakeFiles/test_stopwatch.dir/test/test_stopwatch.cpp.o[0m
[18.224s] [ 90%] [32m[1mLinking CXX executable test_stopwatch[0m
[18.931s] [ 90%] Built target test_stopwatch
[24.447s] [100%] [32m[1mLinking CXX executable create[0m
[25.043s] [100%] Built target create
[25.055s] Invoked command in '/home/shadoroca/Documentos/Academia/ServicioSocial/ros2_ws/build/ros_gz_sim' returned '0': CMAKE_PREFIX_PATH=/opt/ros/humble /usr/bin/cmake --build /home/shadoroca/Documentos/Academia/ServicioSocial/ros2_ws/build/ros_gz_sim -- -j8 -l8
[25.095s] Invoking command in '/home/shadoroca/Documentos/Academia/ServicioSocial/ros2_ws/build/ros_gz_sim': CMAKE_PREFIX_PATH=/opt/ros/humble /usr/bin/cmake --install /home/shadoroca/Documentos/Academia/ServicioSocial/ros2_ws/build/ros_gz_sim
[25.104s] -- Install configuration: ""
[25.104s] -- Installing: /home/shadoroca/Documentos/Academia/ServicioSocial/ros2_ws/install/ros_gz_sim/include/ros_gz_sim
[25.104s] -- Installing: /home/shadoroca/Documentos/Academia/ServicioSocial/ros2_ws/install/ros_gz_sim/include/ros_gz_sim/Stopwatch.hpp
[25.104s] -- Installing: /home/shadoroca/Documentos/Academia/ServicioSocial/ros2_ws/install/ros_gz_sim/share/ros_gz_sim/launch/gz_sim.launch.py
[25.104s] -- Installing: /home/shadoroca/Documentos/Academia/ServicioSocial/ros2_ws/install/ros_gz_sim/lib/ros_gz_sim/create
[25.109s] -- Set runtime path of "/home/shadoroca/Documentos/Academia/ServicioSocial/ros2_ws/install/ros_gz_sim/lib/ros_gz_sim/create" to ""
[25.109s] -- Installing: /home/shadoroca/Documentos/Academia/ServicioSocial/ros2_ws/install/ros_gz_sim/lib/libros_gz_sim.so
[25.110s] -- Set runtime path of "/home/shadoroca/Documentos/Academia/ServicioSocial/ros2_ws/install/ros_gz_sim/lib/libros_gz_sim.so" to ""
[25.110s] -- Installing: /home/shadoroca/Documentos/Academia/ServicioSocial/ros2_ws/install/ros_gz_sim/lib/ros_gz_sim/test_stopwatch
[25.112s] -- Set runtime path of "/home/shadoroca/Documentos/Academia/ServicioSocial/ros2_ws/install/ros_gz_sim/lib/ros_gz_sim/test_stopwatch" to ""
[25.112s] -- Installing: /home/shadoroca/Documentos/Academia/ServicioSocial/ros2_ws/install/ros_gz_sim/share/ament_index/resource_index/package_run_dependencies/ros_gz_sim
[25.113s] -- Installing: /home/shadoroca/Documentos/Academia/ServicioSocial/ros2_ws/install/ros_gz_sim/share/ament_index/resource_index/parent_prefix_path/ros_gz_sim
[25.113s] -- Installing: /home/shadoroca/Documentos/Academia/ServicioSocial/ros2_ws/install/ros_gz_sim/share/ros_gz_sim/environment/ament_prefix_path.sh
[25.113s] -- Installing: /home/shadoroca/Documentos/Academia/ServicioSocial/ros2_ws/install/ros_gz_sim/share/ros_gz_sim/environment/ament_prefix_path.dsv
[25.113s] -- Installing: /home/shadoroca/Documentos/Academia/ServicioSocial/ros2_ws/install/ros_gz_sim/share/ros_gz_sim/environment/path.sh
[25.113s] -- Installing: /home/shadoroca/Documentos/Academia/ServicioSocial/ros2_ws/install/ros_gz_sim/share/ros_gz_sim/environment/path.dsv
[25.113s] -- Installing: /home/shadoroca/Documentos/Academia/ServicioSocial/ros2_ws/install/ros_gz_sim/share/ros_gz_sim/local_setup.bash
[25.114s] -- Installing: /home/shadoroca/Documentos/Academia/ServicioSocial/ros2_ws/install/ros_gz_sim/share/ros_gz_sim/local_setup.sh
[25.114s] -- Installing: /home/shadoroca/Documentos/Academia/ServicioSocial/ros2_ws/install/ros_gz_sim/share/ros_gz_sim/local_setup.zsh
[25.114s] -- Installing: /home/shadoroca/Documentos/Academia/ServicioSocial/ros2_ws/install/ros_gz_sim/share/ros_gz_sim/local_setup.dsv
[25.114s] -- Installing: /home/shadoroca/Documentos/Academia/ServicioSocial/ros2_ws/install/ros_gz_sim/share/ros_gz_sim/package.dsv
[25.114s] -- Installing: /home/shadoroca/Documentos/Academia/ServicioSocial/ros2_ws/install/ros_gz_sim/share/ament_index/resource_index/packages/ros_gz_sim
[25.114s] -- Installing: /home/shadoroca/Documentos/Academia/ServicioSocial/ros2_ws/install/ros_gz_sim/share/ros_gz_sim/cmake/ros_gz_simExport.cmake
[25.115s] -- Installing: /home/shadoroca/Documentos/Academia/ServicioSocial/ros2_ws/install/ros_gz_sim/share/ros_gz_sim/cmake/ros_gz_simExport-noconfig.cmake
[25.115s] -- Installing: /home/shadoroca/Documentos/Academia/ServicioSocial/ros2_ws/install/ros_gz_sim/share/ros_gz_sim/cmake/ament_cmake_export_targets-extras.cmake
[25.115s] -- Installing: /home/shadoroca/Documentos/Academia/ServicioSocial/ros2_ws/install/ros_gz_sim/share/ros_gz_sim/cmake/ament_cmake_export_dependencies-extras.cmake
[25.115s] -- Installing: /home/shadoroca/Documentos/Academia/ServicioSocial/ros2_ws/install/ros_gz_sim/share/ros_gz_sim/cmake/ros_gz_simConfig.cmake
[25.115s] -- Installing: /home/shadoroca/Documentos/Academia/ServicioSocial/ros2_ws/install/ros_gz_sim/share/ros_gz_sim/cmake/ros_gz_simConfig-version.cmake
[25.115s] -- Installing: /home/shadoroca/Documentos/Academia/ServicioSocial/ros2_ws/install/ros_gz_sim/share/ros_gz_sim/package.xml
[25.119s] Invoked command in '/home/shadoroca/Documentos/Academia/ServicioSocial/ros2_ws/build/ros_gz_sim' returned '0': CMAKE_PREFIX_PATH=/opt/ros/humble /usr/bin/cmake --install /home/shadoroca/Documentos/Academia/ServicioSocial/ros2_ws/build/ros_gz_sim
