-- The C compiler identification is GNU 11.3.0
-- The CXX compiler identification is GNU 11.3.0
-- Detecting C compiler ABI info
-- Detecting C compiler ABI info - done
-- Check for working C compiler: /usr/bin/cc - skipped
-- Detecting C compile features
-- Detecting C compile features - done
-- Detecting CXX compiler ABI info
-- Detecting CXX compiler ABI info - done
-- Check for working CXX compiler: /usr/bin/c++ - skipped
-- Detecting CXX compile features
-- Detecting CXX compile features - done
-- Found ament_cmake: 1.3.5 (/opt/ros/humble/share/ament_cmake/cmake)
-- Found Python3: /usr/bin/python3.10 (found version "3.10.6") found components: Interpreter 
-- Found rclcpp: 16.0.4 (/opt/ros/humble/share/rclcpp/cmake)
-- Found rosidl_generator_c: 3.1.4 (/opt/ros/humble/share/rosidl_generator_c/cmake)
-- Found rosidl_adapter: 3.1.4 (/opt/ros/humble/share/rosidl_adapter/cmake)
-- Found rosidl_generator_cpp: 3.1.4 (/opt/ros/humble/share/rosidl_generator_cpp/cmake)
-- Using all available rosidl_typesupport_c: rosidl_typesupport_fastrtps_c;rosidl_typesupport_introspection_c
-- Using all available rosidl_typesupport_cpp: rosidl_typesupport_fastrtps_cpp;rosidl_typesupport_introspection_cpp
-- Found rmw_implementation_cmake: 6.1.1 (/opt/ros/humble/share/rmw_implementation_cmake/cmake)
-- Found rmw_fastrtps_cpp: 6.2.2 (/opt/ros/humble/share/rmw_fastrtps_cpp/cmake)
-- Found OpenSSL: /usr/lib/x86_64-linux-gnu/libcrypto.so (found version "3.0.2")  
-- Found FastRTPS: /opt/ros/humble/include  
-- Using RMW implementation 'rmw_fastrtps_cpp' as default
-- Looking for pthread.h
-- Looking for pthread.h - found
-- Performing Test CMAKE_HAVE_LIBC_PTHREAD
-- Performing Test CMAKE_HAVE_LIBC_PTHREAD - Success
-- Found Threads: TRUE  
-- Found rclcpp_components: 16.0.4 (/opt/ros/humble/share/rclcpp_components/cmake)
-- Found yaml_cpp_vendor: 8.0.2 (/opt/ros/humble/share/yaml_cpp_vendor/cmake)
-- Looking for ignition-transport11 -- found version 11.4.0
-- Searching for dependencies of ignition-transport11
-- Found Protobuf: /usr/lib/x86_64-linux-gnu/libprotobuf.so (found suitable version "3.12.4", minimum required is "3") 
-- Config-file not installed for ZeroMQ -- checking for pkg-config
-- Checking for module 'libzmq >= 4'
--   Found libzmq , version 4.3.4
-- Found ZeroMQ: TRUE (Required is at least version "4") 
-- Checking for module 'uuid'
--   Found uuid, version 2.37.2
-- Found UUID: TRUE  
-- Looking for ignition-utils1 -- found version 1.5.1
-- Searching for dependencies of ignition-utils1
-- Searching for <ignition-utils1> component [cli]
-- Looking for ignition-utils1-cli -- found version 1.5.1
-- Searching for dependencies of ignition-utils1-cli
-- Looking for ignition-msgs8 -- found version 8.7.0
-- Searching for dependencies of ignition-msgs8
-- Looking for ignition-math6 -- found version 6.14.0
-- Searching for dependencies of ignition-math6
-- Checking for module 'tinyxml2'
--   Found tinyxml2, version 9.0.0
-- Looking for ignition-msgs8 -- found version 8.7.0
-- Compiling against Ignition Fortress
-- Found builtin_interfaces: 1.2.1 (/opt/ros/humble/share/builtin_interfaces/cmake)
-- Found actuator_msgs: 0.0.1 (/opt/ros/humble/share/actuator_msgs/cmake)
-- Found geometry_msgs: 4.2.3 (/opt/ros/humble/share/geometry_msgs/cmake)
-- Found nav_msgs: 4.2.3 (/opt/ros/humble/share/nav_msgs/cmake)
-- Found rcl_interfaces: 1.2.1 (/opt/ros/humble/share/rcl_interfaces/cmake)
-- Found ros_gz_interfaces: 0.244.11 (/home/shadoroca/Documentos/Academia/ServicioSocial/ros2_ws/install/ros_gz_interfaces/share/ros_gz_interfaces/cmake)
-- Found rosgraph_msgs: 1.2.1 (/opt/ros/humble/share/rosgraph_msgs/cmake)
-- Found sensor_msgs: 4.2.3 (/opt/ros/humble/share/sensor_msgs/cmake)
-- Found std_msgs: 4.2.3 (/opt/ros/humble/share/std_msgs/cmake)
-- Found tf2_msgs: 0.25.2 (/opt/ros/humble/share/tf2_msgs/cmake)
-- Found trajectory_msgs: 4.2.3 (/opt/ros/humble/share/trajectory_msgs/cmake)
-- Found ament_lint_auto: 0.12.6 (/opt/ros/humble/share/ament_lint_auto/cmake)
-- Found python_cmake_module: 0.10.0 (/opt/ros/humble/share/python_cmake_module/cmake)
-- Found PythonInterp: /usr/bin/python3 (found suitable version "3.10.6", minimum required is "3.6") 
-- Found PythonLibs: /usr/lib/x86_64-linux-gnu/libpython3.10.so (found suitable version "3.10.6", minimum required is "3.5") 
-- Using PYTHON_EXECUTABLE: /usr/bin/python3
-- Using PYTHON_INCLUDE_DIRS: /usr/include/python3.10
-- Using PYTHON_LIBRARIES: /usr/lib/x86_64-linux-gnu/libpython3.10.so
-- Found PythonExtra: .so  
-- Found gtest sources under '/opt/ros/humble/src/gtest_vendor': C++ tests using 'Google Test' will be built
-- Added test 'copyright' to check source files copyright and LICENSE
-- Added test 'cppcheck' to perform static code analysis on C / C++ code
-- Configured cppcheck include dirs: /home/shadoroca/Documentos/Academia/ServicioSocial/ros2_ws/src/ros_gz/ros_gz_bridge/include;/home/shadoroca/Documentos/Academia/ServicioSocial/ros2_ws/src/ros_gz/ros_gz_bridge/src;/home/shadoroca/Documentos/Academia/ServicioSocial/ros2_ws/src/ros_gz/ros_gz_bridge/test;/home/shadoroca/Documentos/Academia/ServicioSocial/ros2_ws/src/ros_gz/ros_gz_bridge/test/subscribers
-- Configured cppcheck exclude dirs and/or files: 
-- Added test 'cpplint' to check C / C++ code against the Google style
-- Configured cpplint exclude dirs and/or files: 
-- Added test 'flake8' to check Python code syntax and style conventions
-- Added test 'lint_cmake' to check CMake code style
-- Added test 'pep257' to check Python code against some of the docstring style conventions in PEP 257
-- Added test 'uncrustify' to check C / C++ code style
-- Configured uncrustify additional arguments: 
-- Added test 'xmllint' to check XML markup files
-- Configuring done
-- Generating done
-- Build files have been written to: /home/shadoroca/Documentos/Academia/ServicioSocial/ros2_ws/build/ros_gz_bridge
[  1%] [34m[1mGenerating factories for interface types[0m
[  3%] [32mBuilding CXX object gtest/CMakeFiles/gtest.dir/src/gtest-all.cc.o[0m
[  3%] [32mBuilding CXX object CMakeFiles/bridge_node.dir/rclcpp_components/node_main_bridge_node.cpp.o[0m
[  4%] [32mBuilding CXX object gtest/CMakeFiles/gtest_main.dir/src/gtest_main.cc.o[0m
[  5%] [32mBuilding CXX object CMakeFiles/ros_gz_bridge_lib.dir/src/bridge_handle_ros_to_gz.cpp.o[0m
[  7%] [32mBuilding CXX object CMakeFiles/ros_gz_bridge_lib.dir/src/bridge_handle.cpp.o[0m
[  8%] [32mBuilding CXX object CMakeFiles/ros_gz_bridge_lib.dir/src/bridge_handle_gz_to_ros.cpp.o[0m
[  9%] [32mBuilding CXX object CMakeFiles/ros_gz_bridge_lib.dir/src/bridge_config.cpp.o[0m
[ 10%] [32mBuilding CXX object CMakeFiles/ros_gz_bridge_lib.dir/src/factory_interface.cpp.o[0m
[ 11%] [32m[1mLinking CXX static library libgtest_main.a[0m
[ 11%] Built target gtest_main
[ 13%] [32mBuilding CXX object CMakeFiles/ros_gz_bridge_lib.dir/src/service_factories/ros_gz_interfaces.cpp.o[0m
[ 14%] [32m[1mLinking CXX static library libgtest.a[0m
[ 14%] Built target gtest
[ 15%] [32mBuilding CXX object CMakeFiles/ros_gz_bridge_lib.dir/src/ros_gz_bridge.cpp.o[0m
[ 16%] [32m[1mLinking CXX executable bridge_node[0m
[ 16%] Built target bridge_node
[ 17%] [32mBuilding CXX object CMakeFiles/test_rcl_interfaces.dir/src/convert/rcl_interfaces.cpp.o[0m
[ 19%] [32mBuilding CXX object CMakeFiles/ros_gz_bridge_lib.dir/src/convert/utils.cpp.o[0m
[ 20%] [32mBuilding CXX object CMakeFiles/ros_gz_bridge_lib.dir/src/convert/builtin_interfaces.cpp.o[0m
[ 21%] [32mBuilding CXX object CMakeFiles/test_rcl_interfaces.dir/src/convert/rcl_interfaces_TEST.cpp.o[0m
[ 22%] [32mBuilding CXX object CMakeFiles/ros_gz_bridge_lib.dir/src/convert/actuator_msgs.cpp.o[0m
[ 23%] [32mBuilding CXX object CMakeFiles/ros_gz_bridge_lib.dir/src/convert/geometry_msgs.cpp.o[0m
[ 25%] [32mBuilding CXX object CMakeFiles/ros_gz_bridge_lib.dir/src/convert/nav_msgs.cpp.o[0m
[ 26%] [32m[1mLinking CXX executable test_rcl_interfaces[0m
[ 26%] Built target test_rcl_interfaces
[ 27%] [32mBuilding CXX object CMakeFiles/ros_gz_bridge_lib.dir/src/convert/tf2_msgs.cpp.o[0m
[ 28%] [32mBuilding CXX object CMakeFiles/ros_gz_bridge_lib.dir/src/convert/trajectory_msgs.cpp.o[0m
[ 29%] [32mBuilding CXX object CMakeFiles/ros_gz_bridge_lib.dir/generated/get_factory.cpp.o[0m
[ 30%] [32mBuilding CXX object CMakeFiles/ros_gz_bridge_lib.dir/generated/get_mappings.cpp.o[0m
[ 32%] [32mBuilding CXX object CMakeFiles/ros_gz_bridge_lib.dir/src/convert/std_msgs.cpp.o[0m
[ 33%] [32mBuilding CXX object CMakeFiles/ros_gz_bridge_lib.dir/generated/factories/builtin_interfaces.cpp.o[0m
[ 34%] [32mBuilding CXX object CMakeFiles/ros_gz_bridge_lib.dir/src/convert/sensor_msgs.cpp.o[0m
[ 35%] [32mBuilding CXX object CMakeFiles/ros_gz_bridge_lib.dir/generated/factories/actuator_msgs.cpp.o[0m
[ 36%] [32mBuilding CXX object CMakeFiles/ros_gz_bridge_lib.dir/src/convert/rosgraph_msgs.cpp.o[0m
[ 38%] [32mBuilding CXX object CMakeFiles/ros_gz_bridge_lib.dir/src/convert/ros_gz_interfaces.cpp.o[0m
[ 39%] [32mBuilding CXX object CMakeFiles/ros_gz_bridge_lib.dir/generated/factories/geometry_msgs.cpp.o[0m
[ 41%] [32mBuilding CXX object CMakeFiles/ros_gz_bridge_lib.dir/generated/factories/nav_msgs.cpp.o[0m
[ 41%] [32mBuilding CXX object CMakeFiles/ros_gz_bridge_lib.dir/src/convert/rcl_interfaces.cpp.o[0m
[ 42%] [32mBuilding CXX object CMakeFiles/ros_gz_bridge_lib.dir/generated/factories/rcl_interfaces.cpp.o[0m
[ 44%] [32mBuilding CXX object CMakeFiles/ros_gz_bridge_lib.dir/generated/factories/ros_gz_interfaces.cpp.o[0m
[ 45%] [32mBuilding CXX object CMakeFiles/ros_gz_bridge_lib.dir/generated/factories/rosgraph_msgs.cpp.o[0m
[ 46%] [32mBuilding CXX object CMakeFiles/ros_gz_bridge_lib.dir/generated/factories/sensor_msgs.cpp.o[0m
[ 47%] [32mBuilding CXX object CMakeFiles/ros_gz_bridge_lib.dir/generated/factories/std_msgs.cpp.o[0m
[ 48%] [32mBuilding CXX object CMakeFiles/ros_gz_bridge_lib.dir/generated/factories/tf2_msgs.cpp.o[0m
[ 50%] [32mBuilding CXX object CMakeFiles/ros_gz_bridge_lib.dir/generated/factories/trajectory_msgs.cpp.o[0m
[ 51%] [32m[1mLinking CXX shared library libros_gz_bridge_lib.so[0m
[ 51%] Built target ros_gz_bridge_lib
[ 52%] [32mBuilding CXX object CMakeFiles/bridge_types.dir/src/bridge_types.cpp.o[0m
[ 53%] [32mBuilding CXX object CMakeFiles/parameter_bridge.dir/src/parameter_bridge.cpp.o[0m
[ 54%] [32mBuilding CXX object CMakeFiles/test_ros_gz_interfaces.dir/src/convert/ros_gz_interfaces.cpp.o[0m
[ 55%] [32mBuilding CXX object CMakeFiles/ros_gz_bridge_bridge_config.dir/test/bridge_config.cpp.o[0m
[ 57%] [32mBuilding CXX object CMakeFiles/test_ros_gz_interfaces.dir/src/convert/ros_gz_interfaces_TEST.cpp.o[0m
[ 58%] [32mBuilding CXX object CMakeFiles/test_utils.dir/test/utils/gz_test_msg.cpp.o[0m
[ 59%] [32mBuilding CXX object CMakeFiles/static_bridge.dir/src/static_bridge.cpp.o[0m
[ 60%] [32mBuilding CXX object CMakeFiles/test_utils.dir/test/utils/ros_test_msg.cpp.o[0m
[ 61%] [32m[1mLinking CXX executable bridge_types[0m
[ 63%] [32m[1mLinking CXX executable ros_gz_bridge_bridge_config[0m
[ 64%] [32m[1mLinking CXX executable parameter_bridge[0m
[ 65%] [32m[1mLinking CXX executable static_bridge[0m
[ 66%] [32m[1mLinking CXX executable test_ros_gz_interfaces[0m
[ 66%] Built target bridge_types
[ 67%] [32m[1mLinking CXX static library libtest_utils.a[0m
[ 67%] Built target test_utils
[ 70%] [34m[1mGenerating test helpers[0m
[ 70%] [34m[1mGenerating test helpers[0m
[ 71%] [34m[1mGenerating test helpers[0m
[ 72%] [32mBuilding CXX object CMakeFiles/test_gz_server.dir/test/serverclient/gz_server.cpp.o[0m
[ 73%] [32mBuilding CXX object CMakeFiles/test_ros_publisher.dir/generated/test/ros_publisher.cpp.o[0m
[ 75%] [32mBuilding CXX object CMakeFiles/test_gz_subscriber.dir/generated/test/gz_subscriber.cpp.o[0m
[ 76%] [32mBuilding CXX object CMakeFiles/test_gz_publisher.dir/generated/test/gz_publisher.cpp.o[0m
[ 76%] Built target ros_gz_bridge_bridge_config
[ 77%] [32mBuilding CXX object CMakeFiles/test_ros_client.dir/test/serverclient/ros_client.cpp.o[0m
[ 78%] [32m[1mLinking CXX executable test_ros_client[0m
[ 78%] Built target test_ros_client
[ 79%] [32mBuilding CXX object CMakeFiles/test_ros_subscriber.dir/test/subscribers/ros_subscriber.cpp.o[0m
[ 79%] Built target parameter_bridge
[ 80%] [32mBuilding CXX object CMakeFiles/test_ros_subscriber.dir/generated/test/builtin_interfaces_subscriber.cpp.o[0m
[ 80%] Built target static_bridge
[ 82%] [32mBuilding CXX object CMakeFiles/test_ros_subscriber.dir/generated/test/actuator_msgs_subscriber.cpp.o[0m
[ 82%] Built target test_ros_gz_interfaces
[ 83%] [32mBuilding CXX object CMakeFiles/test_ros_subscriber.dir/generated/test/geometry_msgs_subscriber.cpp.o[0m
[ 84%] [32m[1mLinking CXX executable test_gz_server[0m
[ 85%] [32m[1mLinking CXX executable test_gz_publisher[0m
[ 85%] Built target test_gz_server
[ 86%] [32mBuilding CXX object CMakeFiles/test_ros_subscriber.dir/generated/test/nav_msgs_subscriber.cpp.o[0m
[ 86%] Built target test_gz_publisher
[ 88%] [32mBuilding CXX object CMakeFiles/test_ros_subscriber.dir/generated/test/rcl_interfaces_subscriber.cpp.o[0m
[ 89%] [32mBuilding CXX object CMakeFiles/test_ros_subscriber.dir/generated/test/ros_gz_interfaces_subscriber.cpp.o[0m
[ 90%] [32m[1mLinking CXX executable test_gz_subscriber[0m
[ 90%] Built target test_gz_subscriber
[ 91%] [32mBuilding CXX object CMakeFiles/test_ros_subscriber.dir/generated/test/rosgraph_msgs_subscriber.cpp.o[0m
[ 92%] [32mBuilding CXX object CMakeFiles/test_ros_subscriber.dir/generated/test/sensor_msgs_subscriber.cpp.o[0m
[ 94%] [32mBuilding CXX object CMakeFiles/test_ros_subscriber.dir/generated/test/std_msgs_subscriber.cpp.o[0m
[ 95%] [32mBuilding CXX object CMakeFiles/test_ros_subscriber.dir/generated/test/tf2_msgs_subscriber.cpp.o[0m
[ 96%] [32mBuilding CXX object CMakeFiles/test_ros_subscriber.dir/generated/test/trajectory_msgs_subscriber.cpp.o[0m
[ 97%] [32m[1mLinking CXX executable test_ros_publisher[0m
[ 97%] Built target test_ros_publisher
[ 98%] [32m[1mLinking CXX executable test_ros_subscriber[0m
[100%] Built target test_ros_subscriber
-- Install configuration: ""
-- Installing: /home/shadoroca/Documentos/Academia/ServicioSocial/ros2_ws/install/ros_gz_bridge/lib/ros_gz_bridge/bridge_node
-- Set runtime path of "/home/shadoroca/Documentos/Academia/ServicioSocial/ros2_ws/install/ros_gz_bridge/lib/ros_gz_bridge/bridge_node" to ""
-- Installing: /home/shadoroca/Documentos/Academia/ServicioSocial/ros2_ws/install/ros_gz_bridge/lib/libros_gz_bridge_lib.so
-- Set runtime path of "/home/shadoroca/Documentos/Academia/ServicioSocial/ros2_ws/install/ros_gz_bridge/lib/libros_gz_bridge_lib.so" to ""
-- Installing: /home/shadoroca/Documentos/Academia/ServicioSocial/ros2_ws/install/ros_gz_bridge/include
-- Installing: /home/shadoroca/Documentos/Academia/ServicioSocial/ros2_ws/install/ros_gz_bridge/include/ros_gz_bridge
-- Installing: /home/shadoroca/Documentos/Academia/ServicioSocial/ros2_ws/install/ros_gz_bridge/include/ros_gz_bridge/convert
-- Installing: /home/shadoroca/Documentos/Academia/ServicioSocial/ros2_ws/install/ros_gz_bridge/include/ros_gz_bridge/convert/geometry_msgs.hpp
-- Installing: /home/shadoroca/Documentos/Academia/ServicioSocial/ros2_ws/install/ros_gz_bridge/include/ros_gz_bridge/convert/tf2_msgs.hpp
-- Installing: /home/shadoroca/Documentos/Academia/ServicioSocial/ros2_ws/install/ros_gz_bridge/include/ros_gz_bridge/convert/builtin_interfaces.hpp
-- Installing: /home/shadoroca/Documentos/Academia/ServicioSocial/ros2_ws/install/ros_gz_bridge/include/ros_gz_bridge/convert/actuator_msgs.hpp
-- Installing: /home/shadoroca/Documentos/Academia/ServicioSocial/ros2_ws/install/ros_gz_bridge/include/ros_gz_bridge/convert/std_msgs.hpp
-- Installing: /home/shadoroca/Documentos/Academia/ServicioSocial/ros2_ws/install/ros_gz_bridge/include/ros_gz_bridge/convert/ros_gz_interfaces.hpp
-- Installing: /home/shadoroca/Documentos/Academia/ServicioSocial/ros2_ws/install/ros_gz_bridge/include/ros_gz_bridge/convert/trajectory_msgs.hpp
-- Installing: /home/shadoroca/Documentos/Academia/ServicioSocial/ros2_ws/install/ros_gz_bridge/include/ros_gz_bridge/convert/nav_msgs.hpp
-- Installing: /home/shadoroca/Documentos/Academia/ServicioSocial/ros2_ws/install/ros_gz_bridge/include/ros_gz_bridge/convert/sensor_msgs.hpp
-- Installing: /home/shadoroca/Documentos/Academia/ServicioSocial/ros2_ws/install/ros_gz_bridge/include/ros_gz_bridge/convert/rcl_interfaces.hpp
-- Installing: /home/shadoroca/Documentos/Academia/ServicioSocial/ros2_ws/install/ros_gz_bridge/include/ros_gz_bridge/convert/rosgraph_msgs.hpp
-- Installing: /home/shadoroca/Documentos/Academia/ServicioSocial/ros2_ws/install/ros_gz_bridge/include/ros_gz_bridge/convert_decl.hpp
-- Installing: /home/shadoroca/Documentos/Academia/ServicioSocial/ros2_ws/install/ros_gz_bridge/include/ros_gz_bridge/convert.hpp
-- Installing: /home/shadoroca/Documentos/Academia/ServicioSocial/ros2_ws/install/ros_gz_bridge/include/ros_gz_bridge/ros_gz_bridge.hpp
-- Installing: /home/shadoroca/Documentos/Academia/ServicioSocial/ros2_ws/install/ros_gz_bridge/include/ros_gz_bridge/bridge_config.hpp
-- Installing: /home/shadoroca/Documentos/Academia/ServicioSocial/ros2_ws/install/ros_gz_bridge/share/ros_gz_bridge/environment/library_path.sh
-- Installing: /home/shadoroca/Documentos/Academia/ServicioSocial/ros2_ws/install/ros_gz_bridge/share/ros_gz_bridge/environment/library_path.dsv
-- Installing: /home/shadoroca/Documentos/Academia/ServicioSocial/ros2_ws/install/ros_gz_bridge/lib/ros_gz_bridge/parameter_bridge
-- Set runtime path of "/home/shadoroca/Documentos/Academia/ServicioSocial/ros2_ws/install/ros_gz_bridge/lib/ros_gz_bridge/parameter_bridge" to ""
-- Installing: /home/shadoroca/Documentos/Academia/ServicioSocial/ros2_ws/install/ros_gz_bridge/lib/ros_gz_bridge/static_bridge
-- Set runtime path of "/home/shadoroca/Documentos/Academia/ServicioSocial/ros2_ws/install/ros_gz_bridge/lib/ros_gz_bridge/static_bridge" to ""
-- Installing: /home/shadoroca/Documentos/Academia/ServicioSocial/ros2_ws/install/ros_gz_bridge/lib/ros_gz_bridge/bridge_types
-- Set runtime path of "/home/shadoroca/Documentos/Academia/ServicioSocial/ros2_ws/install/ros_gz_bridge/lib/ros_gz_bridge/bridge_types" to ""
-- Installing: /home/shadoroca/Documentos/Academia/ServicioSocial/ros2_ws/install/ros_gz_bridge/lib/ros_gz_bridge/test_ros_publisher
-- Set runtime path of "/home/shadoroca/Documentos/Academia/ServicioSocial/ros2_ws/install/ros_gz_bridge/lib/ros_gz_bridge/test_ros_publisher" to ""
-- Installing: /home/shadoroca/Documentos/Academia/ServicioSocial/ros2_ws/install/ros_gz_bridge/lib/ros_gz_bridge/test_ros_subscriber
-- Set runtime path of "/home/shadoroca/Documentos/Academia/ServicioSocial/ros2_ws/install/ros_gz_bridge/lib/ros_gz_bridge/test_ros_subscriber" to ""
-- Installing: /home/shadoroca/Documentos/Academia/ServicioSocial/ros2_ws/install/ros_gz_bridge/lib/ros_gz_bridge/test_gz_publisher
-- Set runtime path of "/home/shadoroca/Documentos/Academia/ServicioSocial/ros2_ws/install/ros_gz_bridge/lib/ros_gz_bridge/test_gz_publisher" to ""
-- Installing: /home/shadoroca/Documentos/Academia/ServicioSocial/ros2_ws/install/ros_gz_bridge/lib/ros_gz_bridge/test_gz_subscriber
-- Set runtime path of "/home/shadoroca/Documentos/Academia/ServicioSocial/ros2_ws/install/ros_gz_bridge/lib/ros_gz_bridge/test_gz_subscriber" to ""
-- Installing: /home/shadoroca/Documentos/Academia/ServicioSocial/ros2_ws/install/ros_gz_bridge/lib/ros_gz_bridge/test_gz_server
-- Set runtime path of "/home/shadoroca/Documentos/Academia/ServicioSocial/ros2_ws/install/ros_gz_bridge/lib/ros_gz_bridge/test_gz_server" to ""
-- Installing: /home/shadoroca/Documentos/Academia/ServicioSocial/ros2_ws/install/ros_gz_bridge/lib/ros_gz_bridge/test_ros_client
-- Set runtime path of "/home/shadoroca/Documentos/Academia/ServicioSocial/ros2_ws/install/ros_gz_bridge/lib/ros_gz_bridge/test_ros_client" to ""
-- Installing: /home/shadoroca/Documentos/Academia/ServicioSocial/ros2_ws/install/ros_gz_bridge/share/ament_index/resource_index/package_run_dependencies/ros_gz_bridge
-- Installing: /home/shadoroca/Documentos/Academia/ServicioSocial/ros2_ws/install/ros_gz_bridge/share/ament_index/resource_index/parent_prefix_path/ros_gz_bridge
-- Installing: /home/shadoroca/Documentos/Academia/ServicioSocial/ros2_ws/install/ros_gz_bridge/share/ros_gz_bridge/environment/ament_prefix_path.sh
-- Installing: /home/shadoroca/Documentos/Academia/ServicioSocial/ros2_ws/install/ros_gz_bridge/share/ros_gz_bridge/environment/ament_prefix_path.dsv
-- Installing: /home/shadoroca/Documentos/Academia/ServicioSocial/ros2_ws/install/ros_gz_bridge/share/ros_gz_bridge/environment/path.sh
-- Installing: /home/shadoroca/Documentos/Academia/ServicioSocial/ros2_ws/install/ros_gz_bridge/share/ros_gz_bridge/environment/path.dsv
-- Installing: /home/shadoroca/Documentos/Academia/ServicioSocial/ros2_ws/install/ros_gz_bridge/share/ros_gz_bridge/local_setup.bash
-- Installing: /home/shadoroca/Documentos/Academia/ServicioSocial/ros2_ws/install/ros_gz_bridge/share/ros_gz_bridge/local_setup.sh
-- Installing: /home/shadoroca/Documentos/Academia/ServicioSocial/ros2_ws/install/ros_gz_bridge/share/ros_gz_bridge/local_setup.zsh
-- Installing: /home/shadoroca/Documentos/Academia/ServicioSocial/ros2_ws/install/ros_gz_bridge/share/ros_gz_bridge/local_setup.dsv
-- Installing: /home/shadoroca/Documentos/Academia/ServicioSocial/ros2_ws/install/ros_gz_bridge/share/ros_gz_bridge/package.dsv
-- Installing: /home/shadoroca/Documentos/Academia/ServicioSocial/ros2_ws/install/ros_gz_bridge/share/ament_index/resource_index/packages/ros_gz_bridge
-- Installing: /home/shadoroca/Documentos/Academia/ServicioSocial/ros2_ws/install/ros_gz_bridge/share/ament_index/resource_index/rclcpp_components/ros_gz_bridge
-- Installing: /home/shadoroca/Documentos/Academia/ServicioSocial/ros2_ws/install/ros_gz_bridge/share/ros_gz_bridge/cmake/ament_cmake_export_include_directories-extras.cmake
-- Installing: /home/shadoroca/Documentos/Academia/ServicioSocial/ros2_ws/install/ros_gz_bridge/share/ros_gz_bridge/cmake/ament_cmake_export_libraries-extras.cmake
-- Installing: /home/shadoroca/Documentos/Academia/ServicioSocial/ros2_ws/install/ros_gz_bridge/share/ros_gz_bridge/cmake/ament_cmake_export_dependencies-extras.cmake
-- Installing: /home/shadoroca/Documentos/Academia/ServicioSocial/ros2_ws/install/ros_gz_bridge/share/ros_gz_bridge/cmake/ros_gz_bridgeConfig.cmake
-- Installing: /home/shadoroca/Documentos/Academia/ServicioSocial/ros2_ws/install/ros_gz_bridge/share/ros_gz_bridge/cmake/ros_gz_bridgeConfig-version.cmake
-- Installing: /home/shadoroca/Documentos/Academia/ServicioSocial/ros2_ws/install/ros_gz_bridge/share/ros_gz_bridge/package.xml
