[0.017s] Invoking command in '/home/shadoroca/Documentos/Academia/ServicioSocial/ros2_ws/build/ros_gz_bridge': AMENT_PREFIX_PATH=/home/shadoroca/Documentos/Academia/ServicioSocial/ros2_ws/install/ros_gz_interfaces:${AMENT_PREFIX_PATH} CMAKE_PREFIX_PATH=/home/shadoroca/Documentos/Academia/ServicioSocial/ros2_ws/install/ros_gz_interfaces:/opt/ros/humble LD_LIBRARY_PATH=/home/shadoroca/Documentos/Academia/ServicioSocial/ros2_ws/install/ros_gz_interfaces/lib:${LD_LIBRARY_PATH} PYTHONPATH=/home/shadoroca/Documentos/Academia/ServicioSocial/ros2_ws/install/ros_gz_interfaces/local/lib/python3.10/dist-packages:${PYTHONPATH} /usr/bin/cmake /home/shadoroca/Documentos/Academia/ServicioSocial/ros2_ws/src/ros_gz/ros_gz_bridge -DCMAKE_INSTALL_PREFIX=/home/shadoroca/Documentos/Academia/ServicioSocial/ros2_ws/install/ros_gz_bridge
[0.086s] -- The C compiler identification is GNU 11.3.0
[0.154s] -- The CXX compiler identification is GNU 11.3.0
[0.165s] -- Detecting C compiler ABI info
[0.239s] -- Detecting C compiler ABI info - done
[0.247s] -- Check for working C compiler: /usr/bin/cc - skipped
[0.247s] -- Detecting C compile features
[0.248s] -- Detecting C compile features - done
[0.251s] -- Detecting CXX compiler ABI info
[0.335s] -- Detecting CXX compiler ABI info - done
[0.344s] -- Check for working CXX compiler: /usr/bin/c++ - skipped
[0.344s] -- Detecting CXX compile features
[0.345s] -- Detecting CXX compile features - done
[0.347s] -- Found ament_cmake: 1.3.5 (/opt/ros/humble/share/ament_cmake/cmake)
[0.530s] -- Found Python3: /usr/bin/python3.10 (found version "3.10.6") found components: Interpreter 
[0.626s] -- Found rclcpp: 16.0.4 (/opt/ros/humble/share/rclcpp/cmake)
[0.681s] -- Found rosidl_generator_c: 3.1.4 (/opt/ros/humble/share/rosidl_generator_c/cmake)
[0.686s] -- Found rosidl_adapter: 3.1.4 (/opt/ros/humble/share/rosidl_adapter/cmake)
[0.695s] -- Found rosidl_generator_cpp: 3.1.4 (/opt/ros/humble/share/rosidl_generator_cpp/cmake)
[0.710s] -- Using all available rosidl_typesupport_c: rosidl_typesupport_fastrtps_c;rosidl_typesupport_introspection_c
[0.731s] -- Using all available rosidl_typesupport_cpp: rosidl_typesupport_fastrtps_cpp;rosidl_typesupport_introspection_cpp
[0.809s] -- Found rmw_implementation_cmake: 6.1.1 (/opt/ros/humble/share/rmw_implementation_cmake/cmake)
[0.811s] -- Found rmw_fastrtps_cpp: 6.2.2 (/opt/ros/humble/share/rmw_fastrtps_cpp/cmake)
[0.912s] -- Found OpenSSL: /usr/lib/x86_64-linux-gnu/libcrypto.so (found version "3.0.2")  
[0.940s] -- Found FastRTPS: /opt/ros/humble/include  
[0.992s] -- Using RMW implementation 'rmw_fastrtps_cpp' as default
[1.001s] -- Looking for pthread.h
[1.071s] -- Looking for pthread.h - found
[1.072s] -- Performing Test CMAKE_HAVE_LIBC_PTHREAD
[1.143s] -- Performing Test CMAKE_HAVE_LIBC_PTHREAD - Success
[1.144s] -- Found Threads: TRUE  
[1.326s] -- Found rclcpp_components: 16.0.4 (/opt/ros/humble/share/rclcpp_components/cmake)
[1.418s] -- Found yaml_cpp_vendor: 8.0.2 (/opt/ros/humble/share/yaml_cpp_vendor/cmake)
[1.424s] -- Looking for ignition-transport11 -- found version 11.4.0
[1.435s] -- Searching for dependencies of ignition-transport11
[1.464s] -- Found Protobuf: /usr/lib/x86_64-linux-gnu/libprotobuf.so (found suitable version "3.12.4", minimum required is "3") 
[1.478s] -- Config-file not installed for ZeroMQ -- checking for pkg-config
[1.482s] -- Checking for module 'libzmq >= 4'
[1.493s] --   Found libzmq , version 4.3.4
[1.529s] -- Found ZeroMQ: TRUE (Required is at least version "4") 
[1.535s] -- Checking for module 'uuid'
[1.548s] --   Found uuid, version 2.37.2
[1.581s] -- Found UUID: TRUE  
[1.583s] -- Looking for ignition-utils1 -- found version 1.5.1
[1.584s] -- Searching for dependencies of ignition-utils1
[1.584s] -- Searching for <ignition-utils1> component [cli]
[1.586s] -- Looking for ignition-utils1-cli -- found version 1.5.1
[1.587s] -- Searching for dependencies of ignition-utils1-cli
[1.589s] -- Looking for ignition-msgs8 -- found version 8.7.0
[1.590s] -- Searching for dependencies of ignition-msgs8
[1.612s] -- Looking for ignition-math6 -- found version 6.14.0
[1.612s] -- Searching for dependencies of ignition-math6
[1.618s] -- Checking for module 'tinyxml2'
[1.630s] --   Found tinyxml2, version 9.0.0
[1.666s] -- Looking for ignition-msgs8 -- found version 8.7.0
[1.666s] -- Compiling against Ignition Fortress
[1.666s] -- Found builtin_interfaces: 1.2.1 (/opt/ros/humble/share/builtin_interfaces/cmake)
[1.715s] -- Found actuator_msgs: 0.0.1 (/opt/ros/humble/share/actuator_msgs/cmake)
[1.771s] -- Found geometry_msgs: 4.2.3 (/opt/ros/humble/share/geometry_msgs/cmake)
[1.874s] -- Found nav_msgs: 4.2.3 (/opt/ros/humble/share/nav_msgs/cmake)
[1.874s] -- Found rcl_interfaces: 1.2.1 (/opt/ros/humble/share/rcl_interfaces/cmake)
[2.001s] -- Found ros_gz_interfaces: 0.244.11 (/home/shadoroca/Documentos/Academia/ServicioSocial/ros2_ws/install/ros_gz_interfaces/share/ros_gz_interfaces/cmake)
[2.001s] -- Found rosgraph_msgs: 1.2.1 (/opt/ros/humble/share/rosgraph_msgs/cmake)
[2.094s] -- Found sensor_msgs: 4.2.3 (/opt/ros/humble/share/sensor_msgs/cmake)
[2.094s] -- Found std_msgs: 4.2.3 (/opt/ros/humble/share/std_msgs/cmake)
[2.285s] -- Found tf2_msgs: 0.25.2 (/opt/ros/humble/share/tf2_msgs/cmake)
[2.384s] -- Found trajectory_msgs: 4.2.3 (/opt/ros/humble/share/trajectory_msgs/cmake)
[2.480s] -- Found ament_lint_auto: 0.12.6 (/opt/ros/humble/share/ament_lint_auto/cmake)
[2.583s] -- Found python_cmake_module: 0.10.0 (/opt/ros/humble/share/python_cmake_module/cmake)
[2.612s] -- Found PythonInterp: /usr/bin/python3 (found suitable version "3.10.6", minimum required is "3.6") 
[2.618s] -- Found PythonLibs: /usr/lib/x86_64-linux-gnu/libpython3.10.so (found suitable version "3.10.6", minimum required is "3.5") 
[2.618s] -- Using PYTHON_EXECUTABLE: /usr/bin/python3
[2.618s] -- Using PYTHON_INCLUDE_DIRS: /usr/include/python3.10
[2.618s] -- Using PYTHON_LIBRARIES: /usr/lib/x86_64-linux-gnu/libpython3.10.so
[2.643s] -- Found PythonExtra: .so  
[2.679s] -- Found gtest sources under '/opt/ros/humble/src/gtest_vendor': C++ tests using 'Google Test' will be built
[2.704s] -- Added test 'copyright' to check source files copyright and LICENSE
[2.710s] -- Added test 'cppcheck' to perform static code analysis on C / C++ code
[2.711s] -- Configured cppcheck include dirs: /home/shadoroca/Documentos/Academia/ServicioSocial/ros2_ws/src/ros_gz/ros_gz_bridge/include;/home/shadoroca/Documentos/Academia/ServicioSocial/ros2_ws/src/ros_gz/ros_gz_bridge/src;/home/shadoroca/Documentos/Academia/ServicioSocial/ros2_ws/src/ros_gz/ros_gz_bridge/test;/home/shadoroca/Documentos/Academia/ServicioSocial/ros2_ws/src/ros_gz/ros_gz_bridge/test/subscribers
[2.711s] -- Configured cppcheck exclude dirs and/or files: 
[2.718s] -- Added test 'cpplint' to check C / C++ code against the Google style
[2.718s] -- Configured cpplint exclude dirs and/or files: 
[2.719s] -- Added test 'flake8' to check Python code syntax and style conventions
[2.721s] -- Added test 'lint_cmake' to check CMake code style
[2.723s] -- Added test 'pep257' to check Python code against some of the docstring style conventions in PEP 257
[2.729s] -- Added test 'uncrustify' to check C / C++ code style
[2.730s] -- Configured uncrustify additional arguments: 
[2.731s] -- Added test 'xmllint' to check XML markup files
[2.735s] -- Configuring done
[2.885s] -- Generating done
[2.890s] -- Build files have been written to: /home/shadoroca/Documentos/Academia/ServicioSocial/ros2_ws/build/ros_gz_bridge
[2.912s] Invoked command in '/home/shadoroca/Documentos/Academia/ServicioSocial/ros2_ws/build/ros_gz_bridge' returned '0': AMENT_PREFIX_PATH=/home/shadoroca/Documentos/Academia/ServicioSocial/ros2_ws/install/ros_gz_interfaces:${AMENT_PREFIX_PATH} CMAKE_PREFIX_PATH=/home/shadoroca/Documentos/Academia/ServicioSocial/ros2_ws/install/ros_gz_interfaces:/opt/ros/humble LD_LIBRARY_PATH=/home/shadoroca/Documentos/Academia/ServicioSocial/ros2_ws/install/ros_gz_interfaces/lib:${LD_LIBRARY_PATH} PYTHONPATH=/home/shadoroca/Documentos/Academia/ServicioSocial/ros2_ws/install/ros_gz_interfaces/local/lib/python3.10/dist-packages:${PYTHONPATH} /usr/bin/cmake /home/shadoroca/Documentos/Academia/ServicioSocial/ros2_ws/src/ros_gz/ros_gz_bridge -DCMAKE_INSTALL_PREFIX=/home/shadoroca/Documentos/Academia/ServicioSocial/ros2_ws/install/ros_gz_bridge
[2.915s] Invoking command in '/home/shadoroca/Documentos/Academia/ServicioSocial/ros2_ws/build/ros_gz_bridge': AMENT_PREFIX_PATH=/home/shadoroca/Documentos/Academia/ServicioSocial/ros2_ws/install/ros_gz_interfaces:${AMENT_PREFIX_PATH} CMAKE_PREFIX_PATH=/home/shadoroca/Documentos/Academia/ServicioSocial/ros2_ws/install/ros_gz_interfaces:/opt/ros/humble LD_LIBRARY_PATH=/home/shadoroca/Documentos/Academia/ServicioSocial/ros2_ws/install/ros_gz_interfaces/lib:${LD_LIBRARY_PATH} PYTHONPATH=/home/shadoroca/Documentos/Academia/ServicioSocial/ros2_ws/install/ros_gz_interfaces/local/lib/python3.10/dist-packages:${PYTHONPATH} /usr/bin/cmake --build /home/shadoroca/Documentos/Academia/ServicioSocial/ros2_ws/build/ros_gz_bridge -- -j8 -l8
[2.975s] [  1%] [34m[1mGenerating factories for interface types[0m
[2.989s] [  3%] [32mBuilding CXX object gtest/CMakeFiles/gtest.dir/src/gtest-all.cc.o[0m
[2.991s] [  3%] [32mBuilding CXX object CMakeFiles/bridge_node.dir/rclcpp_components/node_main_bridge_node.cpp.o[0m
[2.991s] [  4%] [32mBuilding CXX object gtest/CMakeFiles/gtest_main.dir/src/gtest_main.cc.o[0m
[3.346s] [  5%] [32mBuilding CXX object CMakeFiles/ros_gz_bridge_lib.dir/src/bridge_handle_ros_to_gz.cpp.o[0m
[3.348s] [  7%] [32mBuilding CXX object CMakeFiles/ros_gz_bridge_lib.dir/src/bridge_handle.cpp.o[0m
[3.360s] [  8%] [32mBuilding CXX object CMakeFiles/ros_gz_bridge_lib.dir/src/bridge_handle_gz_to_ros.cpp.o[0m
[3.361s] [  9%] [32mBuilding CXX object CMakeFiles/ros_gz_bridge_lib.dir/src/bridge_config.cpp.o[0m
[3.368s] [ 10%] [32mBuilding CXX object CMakeFiles/ros_gz_bridge_lib.dir/src/factory_interface.cpp.o[0m
[5.491s] [ 11%] [32m[1mLinking CXX static library libgtest_main.a[0m
[5.670s] [ 11%] Built target gtest_main
[5.750s] [ 13%] [32mBuilding CXX object CMakeFiles/ros_gz_bridge_lib.dir/src/service_factories/ros_gz_interfaces.cpp.o[0m
[10.340s] [ 14%] [32m[1mLinking CXX static library libgtest.a[0m
[10.669s] [ 14%] Built target gtest
[10.754s] [ 15%] [32mBuilding CXX object CMakeFiles/ros_gz_bridge_lib.dir/src/ros_gz_bridge.cpp.o[0m
[12.553s] [ 16%] [32m[1mLinking CXX executable bridge_node[0m
[12.979s] [ 16%] Built target bridge_node
[13.012s] [ 17%] [32mBuilding CXX object CMakeFiles/test_rcl_interfaces.dir/src/convert/rcl_interfaces.cpp.o[0m
[14.481s] [ 19%] [32mBuilding CXX object CMakeFiles/ros_gz_bridge_lib.dir/src/convert/utils.cpp.o[0m
[14.997s] [ 20%] [32mBuilding CXX object CMakeFiles/ros_gz_bridge_lib.dir/src/convert/builtin_interfaces.cpp.o[0m
[18.095s] [ 21%] [32mBuilding CXX object CMakeFiles/test_rcl_interfaces.dir/src/convert/rcl_interfaces_TEST.cpp.o[0m
[19.346s] [ 22%] [32mBuilding CXX object CMakeFiles/ros_gz_bridge_lib.dir/src/convert/actuator_msgs.cpp.o[0m
[22.727s] [ 23%] [32mBuilding CXX object CMakeFiles/ros_gz_bridge_lib.dir/src/convert/geometry_msgs.cpp.o[0m
[25.623s] [ 25%] [32mBuilding CXX object CMakeFiles/ros_gz_bridge_lib.dir/src/convert/nav_msgs.cpp.o[0m
[26.156s] [ 26%] [32m[1mLinking CXX executable test_rcl_interfaces[0m
[27.176s] [ 26%] Built target test_rcl_interfaces
[31.968s] [ 27%] [32mBuilding CXX object CMakeFiles/ros_gz_bridge_lib.dir/src/convert/tf2_msgs.cpp.o[0m
[33.123s] [ 28%] [32mBuilding CXX object CMakeFiles/ros_gz_bridge_lib.dir/src/convert/trajectory_msgs.cpp.o[0m
[34.419s] [ 29%] [32mBuilding CXX object CMakeFiles/ros_gz_bridge_lib.dir/generated/get_factory.cpp.o[0m
[36.433s] [ 30%] [32mBuilding CXX object CMakeFiles/ros_gz_bridge_lib.dir/generated/get_mappings.cpp.o[0m
[37.311s] [ 32%] [32mBuilding CXX object CMakeFiles/ros_gz_bridge_lib.dir/src/convert/std_msgs.cpp.o[0m
[38.323s] [ 33%] [32mBuilding CXX object CMakeFiles/ros_gz_bridge_lib.dir/generated/factories/builtin_interfaces.cpp.o[0m
[38.760s] [ 34%] [32mBuilding CXX object CMakeFiles/ros_gz_bridge_lib.dir/src/convert/sensor_msgs.cpp.o[0m
[39.767s] [ 35%] [32mBuilding CXX object CMakeFiles/ros_gz_bridge_lib.dir/generated/factories/actuator_msgs.cpp.o[0m
[40.781s] [ 36%] [32mBuilding CXX object CMakeFiles/ros_gz_bridge_lib.dir/src/convert/rosgraph_msgs.cpp.o[0m
[41.327s] [ 38%] [32mBuilding CXX object CMakeFiles/ros_gz_bridge_lib.dir/src/convert/ros_gz_interfaces.cpp.o[0m
[42.341s] [ 39%] [32mBuilding CXX object CMakeFiles/ros_gz_bridge_lib.dir/generated/factories/geometry_msgs.cpp.o[0m
[42.663s] [ 41%] [32mBuilding CXX object CMakeFiles/ros_gz_bridge_lib.dir/generated/factories/nav_msgs.cpp.o[0m
[42.664s] [ 41%] [32mBuilding CXX object CMakeFiles/ros_gz_bridge_lib.dir/src/convert/rcl_interfaces.cpp.o[0m
[44.693s] [ 42%] [32mBuilding CXX object CMakeFiles/ros_gz_bridge_lib.dir/generated/factories/rcl_interfaces.cpp.o[0m
[48.779s] [ 44%] [32mBuilding CXX object CMakeFiles/ros_gz_bridge_lib.dir/generated/factories/ros_gz_interfaces.cpp.o[0m
[52.943s] [ 45%] [32mBuilding CXX object CMakeFiles/ros_gz_bridge_lib.dir/generated/factories/rosgraph_msgs.cpp.o[0m
[61.683s] [ 46%] [32mBuilding CXX object CMakeFiles/ros_gz_bridge_lib.dir/generated/factories/sensor_msgs.cpp.o[0m
[62.359s] [ 47%] [32mBuilding CXX object CMakeFiles/ros_gz_bridge_lib.dir/generated/factories/std_msgs.cpp.o[0m
[65.678s] [ 48%] [32mBuilding CXX object CMakeFiles/ros_gz_bridge_lib.dir/generated/factories/tf2_msgs.cpp.o[0m
[68.029s] [ 50%] [32mBuilding CXX object CMakeFiles/ros_gz_bridge_lib.dir/generated/factories/trajectory_msgs.cpp.o[0m
[129.091s] [ 51%] [32m[1mLinking CXX shared library libros_gz_bridge_lib.so[0m
[157.949s] [ 51%] Built target ros_gz_bridge_lib
[157.993s] [ 52%] [32mBuilding CXX object CMakeFiles/bridge_types.dir/src/bridge_types.cpp.o[0m
[157.994s] [ 53%] [32mBuilding CXX object CMakeFiles/parameter_bridge.dir/src/parameter_bridge.cpp.o[0m
[157.995s] [ 54%] [32mBuilding CXX object CMakeFiles/test_ros_gz_interfaces.dir/src/convert/ros_gz_interfaces.cpp.o[0m
[157.995s] [ 55%] [32mBuilding CXX object CMakeFiles/ros_gz_bridge_bridge_config.dir/test/bridge_config.cpp.o[0m
[158.000s] [ 57%] [32mBuilding CXX object CMakeFiles/test_ros_gz_interfaces.dir/src/convert/ros_gz_interfaces_TEST.cpp.o[0m
[158.002s] [ 58%] [32mBuilding CXX object CMakeFiles/test_utils.dir/test/utils/gz_test_msg.cpp.o[0m
[158.007s] [ 59%] [32mBuilding CXX object CMakeFiles/static_bridge.dir/src/static_bridge.cpp.o[0m
[158.007s] [ 60%] [32mBuilding CXX object CMakeFiles/test_utils.dir/test/utils/ros_test_msg.cpp.o[0m
[159.022s] [ 61%] [32m[1mLinking CXX executable bridge_types[0m
[160.582s] [ 63%] [32m[1mLinking CXX executable ros_gz_bridge_bridge_config[0m
[174.537s] [ 64%] [32m[1mLinking CXX executable parameter_bridge[0m
[174.651s] [ 65%] [32m[1mLinking CXX executable static_bridge[0m
[174.910s] [ 66%] [32m[1mLinking CXX executable test_ros_gz_interfaces[0m
[177.567s] [ 66%] Built target bridge_types
[178.481s] [ 67%] [32m[1mLinking CXX static library libtest_utils.a[0m
[178.753s] [ 67%] Built target test_utils
[178.776s] [ 70%] [34m[1mGenerating test helpers[0m
[178.778s] [ 70%] [34m[1mGenerating test helpers[0m
[178.781s] [ 71%] [34m[1mGenerating test helpers[0m
[178.814s] [ 72%] [32mBuilding CXX object CMakeFiles/test_gz_server.dir/test/serverclient/gz_server.cpp.o[0m
[179.517s] [ 73%] [32mBuilding CXX object CMakeFiles/test_ros_publisher.dir/generated/test/ros_publisher.cpp.o[0m
[179.641s] [ 75%] [32mBuilding CXX object CMakeFiles/test_gz_subscriber.dir/generated/test/gz_subscriber.cpp.o[0m
[179.655s] [ 76%] [32mBuilding CXX object CMakeFiles/test_gz_publisher.dir/generated/test/gz_publisher.cpp.o[0m
[179.995s] [ 76%] Built target ros_gz_bridge_bridge_config
[180.079s] [ 77%] [32mBuilding CXX object CMakeFiles/test_ros_client.dir/test/serverclient/ros_client.cpp.o[0m
[191.933s] [ 78%] [32m[1mLinking CXX executable test_ros_client[0m
[192.717s] [ 78%] Built target test_ros_client
[192.764s] [ 79%] [32mBuilding CXX object CMakeFiles/test_ros_subscriber.dir/test/subscribers/ros_subscriber.cpp.o[0m
[196.024s] [ 79%] Built target parameter_bridge
[196.040s] [ 80%] [32mBuilding CXX object CMakeFiles/test_ros_subscriber.dir/generated/test/builtin_interfaces_subscriber.cpp.o[0m
[196.431s] [ 80%] Built target static_bridge
[196.453s] [ 82%] [32mBuilding CXX object CMakeFiles/test_ros_subscriber.dir/generated/test/actuator_msgs_subscriber.cpp.o[0m
[197.952s] [ 82%] Built target test_ros_gz_interfaces
[197.969s] [ 83%] [32mBuilding CXX object CMakeFiles/test_ros_subscriber.dir/generated/test/geometry_msgs_subscriber.cpp.o[0m
[198.501s] [ 84%] [32m[1mLinking CXX executable test_gz_server[0m
[199.350s] [ 85%] [32m[1mLinking CXX executable test_gz_publisher[0m
[199.425s] [ 85%] Built target test_gz_server
[199.441s] [ 86%] [32mBuilding CXX object CMakeFiles/test_ros_subscriber.dir/generated/test/nav_msgs_subscriber.cpp.o[0m
[200.837s] [ 86%] Built target test_gz_publisher
[200.851s] [ 88%] [32mBuilding CXX object CMakeFiles/test_ros_subscriber.dir/generated/test/rcl_interfaces_subscriber.cpp.o[0m
[212.810s] [ 89%] [32mBuilding CXX object CMakeFiles/test_ros_subscriber.dir/generated/test/ros_gz_interfaces_subscriber.cpp.o[0m
[221.371s] [ 90%] [32m[1mLinking CXX executable test_gz_subscriber[0m
[223.548s] [ 90%] Built target test_gz_subscriber
[223.562s] [ 91%] [32mBuilding CXX object CMakeFiles/test_ros_subscriber.dir/generated/test/rosgraph_msgs_subscriber.cpp.o[0m
[225.734s] [ 92%] [32mBuilding CXX object CMakeFiles/test_ros_subscriber.dir/generated/test/sensor_msgs_subscriber.cpp.o[0m
[226.146s] [ 94%] [32mBuilding CXX object CMakeFiles/test_ros_subscriber.dir/generated/test/std_msgs_subscriber.cpp.o[0m
[228.869s] [ 95%] [32mBuilding CXX object CMakeFiles/test_ros_subscriber.dir/generated/test/tf2_msgs_subscriber.cpp.o[0m
[229.960s] [ 96%] [32mBuilding CXX object CMakeFiles/test_ros_subscriber.dir/generated/test/trajectory_msgs_subscriber.cpp.o[0m
[243.546s] [ 97%] [32m[1mLinking CXX executable test_ros_publisher[0m
[247.356s] [ 97%] Built target test_ros_publisher
[290.772s] [ 98%] [32m[1mLinking CXX executable test_ros_subscriber[0m
[312.148s] [100%] Built target test_ros_subscriber
[312.222s] Invoked command in '/home/shadoroca/Documentos/Academia/ServicioSocial/ros2_ws/build/ros_gz_bridge' returned '0': AMENT_PREFIX_PATH=/home/shadoroca/Documentos/Academia/ServicioSocial/ros2_ws/install/ros_gz_interfaces:${AMENT_PREFIX_PATH} CMAKE_PREFIX_PATH=/home/shadoroca/Documentos/Academia/ServicioSocial/ros2_ws/install/ros_gz_interfaces:/opt/ros/humble LD_LIBRARY_PATH=/home/shadoroca/Documentos/Academia/ServicioSocial/ros2_ws/install/ros_gz_interfaces/lib:${LD_LIBRARY_PATH} PYTHONPATH=/home/shadoroca/Documentos/Academia/ServicioSocial/ros2_ws/install/ros_gz_interfaces/local/lib/python3.10/dist-packages:${PYTHONPATH} /usr/bin/cmake --build /home/shadoroca/Documentos/Academia/ServicioSocial/ros2_ws/build/ros_gz_bridge -- -j8 -l8
[312.378s] Invoking command in '/home/shadoroca/Documentos/Academia/ServicioSocial/ros2_ws/build/ros_gz_bridge': AMENT_PREFIX_PATH=/home/shadoroca/Documentos/Academia/ServicioSocial/ros2_ws/install/ros_gz_interfaces:${AMENT_PREFIX_PATH} CMAKE_PREFIX_PATH=/home/shadoroca/Documentos/Academia/ServicioSocial/ros2_ws/install/ros_gz_interfaces:/opt/ros/humble LD_LIBRARY_PATH=/home/shadoroca/Documentos/Academia/ServicioSocial/ros2_ws/install/ros_gz_interfaces/lib:${LD_LIBRARY_PATH} PYTHONPATH=/home/shadoroca/Documentos/Academia/ServicioSocial/ros2_ws/install/ros_gz_interfaces/local/lib/python3.10/dist-packages:${PYTHONPATH} /usr/bin/cmake --install /home/shadoroca/Documentos/Academia/ServicioSocial/ros2_ws/build/ros_gz_bridge
[312.387s] -- Install configuration: ""
[312.388s] -- Installing: /home/shadoroca/Documentos/Academia/ServicioSocial/ros2_ws/install/ros_gz_bridge/lib/ros_gz_bridge/bridge_node
[312.390s] -- Set runtime path of "/home/shadoroca/Documentos/Academia/ServicioSocial/ros2_ws/install/ros_gz_bridge/lib/ros_gz_bridge/bridge_node" to ""
[312.390s] -- Installing: /home/shadoroca/Documentos/Academia/ServicioSocial/ros2_ws/install/ros_gz_bridge/lib/libros_gz_bridge_lib.so
[312.756s] -- Set runtime path of "/home/shadoroca/Documentos/Academia/ServicioSocial/ros2_ws/install/ros_gz_bridge/lib/libros_gz_bridge_lib.so" to ""
[312.756s] -- Installing: /home/shadoroca/Documentos/Academia/ServicioSocial/ros2_ws/install/ros_gz_bridge/include
[312.756s] -- Installing: /home/shadoroca/Documentos/Academia/ServicioSocial/ros2_ws/install/ros_gz_bridge/include/ros_gz_bridge
[312.757s] -- Installing: /home/shadoroca/Documentos/Academia/ServicioSocial/ros2_ws/install/ros_gz_bridge/include/ros_gz_bridge/convert
[312.757s] -- Installing: /home/shadoroca/Documentos/Academia/ServicioSocial/ros2_ws/install/ros_gz_bridge/include/ros_gz_bridge/convert/geometry_msgs.hpp
[312.757s] -- Installing: /home/shadoroca/Documentos/Academia/ServicioSocial/ros2_ws/install/ros_gz_bridge/include/ros_gz_bridge/convert/tf2_msgs.hpp
[312.757s] -- Installing: /home/shadoroca/Documentos/Academia/ServicioSocial/ros2_ws/install/ros_gz_bridge/include/ros_gz_bridge/convert/builtin_interfaces.hpp
[312.757s] -- Installing: /home/shadoroca/Documentos/Academia/ServicioSocial/ros2_ws/install/ros_gz_bridge/include/ros_gz_bridge/convert/actuator_msgs.hpp
[312.757s] -- Installing: /home/shadoroca/Documentos/Academia/ServicioSocial/ros2_ws/install/ros_gz_bridge/include/ros_gz_bridge/convert/std_msgs.hpp
[312.757s] -- Installing: /home/shadoroca/Documentos/Academia/ServicioSocial/ros2_ws/install/ros_gz_bridge/include/ros_gz_bridge/convert/ros_gz_interfaces.hpp
[312.757s] -- Installing: /home/shadoroca/Documentos/Academia/ServicioSocial/ros2_ws/install/ros_gz_bridge/include/ros_gz_bridge/convert/trajectory_msgs.hpp
[312.758s] -- Installing: /home/shadoroca/Documentos/Academia/ServicioSocial/ros2_ws/install/ros_gz_bridge/include/ros_gz_bridge/convert/nav_msgs.hpp
[312.758s] -- Installing: /home/shadoroca/Documentos/Academia/ServicioSocial/ros2_ws/install/ros_gz_bridge/include/ros_gz_bridge/convert/sensor_msgs.hpp
[312.758s] -- Installing: /home/shadoroca/Documentos/Academia/ServicioSocial/ros2_ws/install/ros_gz_bridge/include/ros_gz_bridge/convert/rcl_interfaces.hpp
[312.758s] -- Installing: /home/shadoroca/Documentos/Academia/ServicioSocial/ros2_ws/install/ros_gz_bridge/include/ros_gz_bridge/convert/rosgraph_msgs.hpp
[312.758s] -- Installing: /home/shadoroca/Documentos/Academia/ServicioSocial/ros2_ws/install/ros_gz_bridge/include/ros_gz_bridge/convert_decl.hpp
[312.758s] -- Installing: /home/shadoroca/Documentos/Academia/ServicioSocial/ros2_ws/install/ros_gz_bridge/include/ros_gz_bridge/convert.hpp
[312.758s] -- Installing: /home/shadoroca/Documentos/Academia/ServicioSocial/ros2_ws/install/ros_gz_bridge/include/ros_gz_bridge/ros_gz_bridge.hpp
[312.758s] -- Installing: /home/shadoroca/Documentos/Academia/ServicioSocial/ros2_ws/install/ros_gz_bridge/include/ros_gz_bridge/bridge_config.hpp
[312.759s] -- Installing: /home/shadoroca/Documentos/Academia/ServicioSocial/ros2_ws/install/ros_gz_bridge/share/ros_gz_bridge/environment/library_path.sh
[312.760s] -- Installing: /home/shadoroca/Documentos/Academia/ServicioSocial/ros2_ws/install/ros_gz_bridge/share/ros_gz_bridge/environment/library_path.dsv
[312.760s] -- Installing: /home/shadoroca/Documentos/Academia/ServicioSocial/ros2_ws/install/ros_gz_bridge/lib/ros_gz_bridge/parameter_bridge
[312.764s] -- Set runtime path of "/home/shadoroca/Documentos/Academia/ServicioSocial/ros2_ws/install/ros_gz_bridge/lib/ros_gz_bridge/parameter_bridge" to ""
[312.764s] -- Installing: /home/shadoroca/Documentos/Academia/ServicioSocial/ros2_ws/install/ros_gz_bridge/lib/ros_gz_bridge/static_bridge
[312.767s] -- Set runtime path of "/home/shadoroca/Documentos/Academia/ServicioSocial/ros2_ws/install/ros_gz_bridge/lib/ros_gz_bridge/static_bridge" to ""
[312.768s] -- Installing: /home/shadoroca/Documentos/Academia/ServicioSocial/ros2_ws/install/ros_gz_bridge/lib/ros_gz_bridge/bridge_types
[312.769s] -- Set runtime path of "/home/shadoroca/Documentos/Academia/ServicioSocial/ros2_ws/install/ros_gz_bridge/lib/ros_gz_bridge/bridge_types" to ""
[312.769s] -- Installing: /home/shadoroca/Documentos/Academia/ServicioSocial/ros2_ws/install/ros_gz_bridge/lib/ros_gz_bridge/test_ros_publisher
[312.797s] -- Set runtime path of "/home/shadoroca/Documentos/Academia/ServicioSocial/ros2_ws/install/ros_gz_bridge/lib/ros_gz_bridge/test_ros_publisher" to ""
[312.798s] -- Installing: /home/shadoroca/Documentos/Academia/ServicioSocial/ros2_ws/install/ros_gz_bridge/lib/ros_gz_bridge/test_ros_subscriber
[312.934s] -- Set runtime path of "/home/shadoroca/Documentos/Academia/ServicioSocial/ros2_ws/install/ros_gz_bridge/lib/ros_gz_bridge/test_ros_subscriber" to ""
[312.934s] -- Installing: /home/shadoroca/Documentos/Academia/ServicioSocial/ros2_ws/install/ros_gz_bridge/lib/ros_gz_bridge/test_gz_publisher
[312.941s] -- Set runtime path of "/home/shadoroca/Documentos/Academia/ServicioSocial/ros2_ws/install/ros_gz_bridge/lib/ros_gz_bridge/test_gz_publisher" to ""
[312.942s] -- Installing: /home/shadoroca/Documentos/Academia/ServicioSocial/ros2_ws/install/ros_gz_bridge/lib/ros_gz_bridge/test_gz_subscriber
[312.955s] -- Set runtime path of "/home/shadoroca/Documentos/Academia/ServicioSocial/ros2_ws/install/ros_gz_bridge/lib/ros_gz_bridge/test_gz_subscriber" to ""
[312.955s] -- Installing: /home/shadoroca/Documentos/Academia/ServicioSocial/ros2_ws/install/ros_gz_bridge/lib/ros_gz_bridge/test_gz_server
[312.959s] -- Set runtime path of "/home/shadoroca/Documentos/Academia/ServicioSocial/ros2_ws/install/ros_gz_bridge/lib/ros_gz_bridge/test_gz_server" to ""
[312.959s] -- Installing: /home/shadoroca/Documentos/Academia/ServicioSocial/ros2_ws/install/ros_gz_bridge/lib/ros_gz_bridge/test_ros_client
[312.964s] -- Set runtime path of "/home/shadoroca/Documentos/Academia/ServicioSocial/ros2_ws/install/ros_gz_bridge/lib/ros_gz_bridge/test_ros_client" to ""
[312.965s] -- Installing: /home/shadoroca/Documentos/Academia/ServicioSocial/ros2_ws/install/ros_gz_bridge/share/ament_index/resource_index/package_run_dependencies/ros_gz_bridge
[312.965s] -- Installing: /home/shadoroca/Documentos/Academia/ServicioSocial/ros2_ws/install/ros_gz_bridge/share/ament_index/resource_index/parent_prefix_path/ros_gz_bridge
[312.966s] -- Installing: /home/shadoroca/Documentos/Academia/ServicioSocial/ros2_ws/install/ros_gz_bridge/share/ros_gz_bridge/environment/ament_prefix_path.sh
[312.966s] -- Installing: /home/shadoroca/Documentos/Academia/ServicioSocial/ros2_ws/install/ros_gz_bridge/share/ros_gz_bridge/environment/ament_prefix_path.dsv
[312.967s] -- Installing: /home/shadoroca/Documentos/Academia/ServicioSocial/ros2_ws/install/ros_gz_bridge/share/ros_gz_bridge/environment/path.sh
[312.967s] -- Installing: /home/shadoroca/Documentos/Academia/ServicioSocial/ros2_ws/install/ros_gz_bridge/share/ros_gz_bridge/environment/path.dsv
[312.967s] -- Installing: /home/shadoroca/Documentos/Academia/ServicioSocial/ros2_ws/install/ros_gz_bridge/share/ros_gz_bridge/local_setup.bash
[312.968s] -- Installing: /home/shadoroca/Documentos/Academia/ServicioSocial/ros2_ws/install/ros_gz_bridge/share/ros_gz_bridge/local_setup.sh
[312.968s] -- Installing: /home/shadoroca/Documentos/Academia/ServicioSocial/ros2_ws/install/ros_gz_bridge/share/ros_gz_bridge/local_setup.zsh
[312.968s] -- Installing: /home/shadoroca/Documentos/Academia/ServicioSocial/ros2_ws/install/ros_gz_bridge/share/ros_gz_bridge/local_setup.dsv
[312.968s] -- Installing: /home/shadoroca/Documentos/Academia/ServicioSocial/ros2_ws/install/ros_gz_bridge/share/ros_gz_bridge/package.dsv
[312.969s] -- Installing: /home/shadoroca/Documentos/Academia/ServicioSocial/ros2_ws/install/ros_gz_bridge/share/ament_index/resource_index/packages/ros_gz_bridge
[312.969s] -- Installing: /home/shadoroca/Documentos/Academia/ServicioSocial/ros2_ws/install/ros_gz_bridge/share/ament_index/resource_index/rclcpp_components/ros_gz_bridge
[312.970s] -- Installing: /home/shadoroca/Documentos/Academia/ServicioSocial/ros2_ws/install/ros_gz_bridge/share/ros_gz_bridge/cmake/ament_cmake_export_include_directories-extras.cmake
[312.970s] -- Installing: /home/shadoroca/Documentos/Academia/ServicioSocial/ros2_ws/install/ros_gz_bridge/share/ros_gz_bridge/cmake/ament_cmake_export_libraries-extras.cmake
[312.970s] -- Installing: /home/shadoroca/Documentos/Academia/ServicioSocial/ros2_ws/install/ros_gz_bridge/share/ros_gz_bridge/cmake/ament_cmake_export_dependencies-extras.cmake
[312.971s] -- Installing: /home/shadoroca/Documentos/Academia/ServicioSocial/ros2_ws/install/ros_gz_bridge/share/ros_gz_bridge/cmake/ros_gz_bridgeConfig.cmake
[312.971s] -- Installing: /home/shadoroca/Documentos/Academia/ServicioSocial/ros2_ws/install/ros_gz_bridge/share/ros_gz_bridge/cmake/ros_gz_bridgeConfig-version.cmake
[312.971s] -- Installing: /home/shadoroca/Documentos/Academia/ServicioSocial/ros2_ws/install/ros_gz_bridge/share/ros_gz_bridge/package.xml
[312.979s] Invoked command in '/home/shadoroca/Documentos/Academia/ServicioSocial/ros2_ws/build/ros_gz_bridge' returned '0': AMENT_PREFIX_PATH=/home/shadoroca/Documentos/Academia/ServicioSocial/ros2_ws/install/ros_gz_interfaces:${AMENT_PREFIX_PATH} CMAKE_PREFIX_PATH=/home/shadoroca/Documentos/Academia/ServicioSocial/ros2_ws/install/ros_gz_interfaces:/opt/ros/humble LD_LIBRARY_PATH=/home/shadoroca/Documentos/Academia/ServicioSocial/ros2_ws/install/ros_gz_interfaces/lib:${LD_LIBRARY_PATH} PYTHONPATH=/home/shadoroca/Documentos/Academia/ServicioSocial/ros2_ws/install/ros_gz_interfaces/local/lib/python3.10/dist-packages:${PYTHONPATH} /usr/bin/cmake --install /home/shadoroca/Documentos/Academia/ServicioSocial/ros2_ws/build/ros_gz_bridge
