[2.135s] Invoking command in '/home/shadoroca/Documentos/Academia/ServicioSocial/Ambiente-Paneles/ambiente_panel/src/camera_images': PYTHONPATH=/home/shadoroca/Documentos/Academia/ServicioSocial/Ambiente-Paneles/ambiente_panel/build/camera_images/prefix_override:/home/shadoroca/Documentos/Academia/ServicioSocial/Ambiente-Paneles/ambiente_panel/install/camera_images/lib/python3.10/site-packages:${PYTHONPATH} /usr/bin/python3 setup.py egg_info --egg-base ../../build/camera_images build --build-base /home/shadoroca/Documentos/Academia/ServicioSocial/Ambiente-Paneles/ambiente_panel/build/camera_images/build install --record /home/shadoroca/Documentos/Academia/ServicioSocial/Ambiente-Paneles/ambiente_panel/build/camera_images/install.log --single-version-externally-managed
[2.735s] running egg_info
[2.736s] creating ../../build/camera_images/camera_images.egg-info
[2.737s] writing ../../build/camera_images/camera_images.egg-info/PKG-INFO
[2.738s] writing dependency_links to ../../build/camera_images/camera_images.egg-info/dependency_links.txt
[2.738s] writing entry points to ../../build/camera_images/camera_images.egg-info/entry_points.txt
[2.738s] writing requirements to ../../build/camera_images/camera_images.egg-info/requires.txt
[2.738s] writing top-level names to ../../build/camera_images/camera_images.egg-info/top_level.txt
[2.739s] writing manifest file '../../build/camera_images/camera_images.egg-info/SOURCES.txt'
[2.742s] reading manifest file '../../build/camera_images/camera_images.egg-info/SOURCES.txt'
[2.743s] writing manifest file '../../build/camera_images/camera_images.egg-info/SOURCES.txt'
[2.743s] running build
[2.744s] running build_py
[2.744s] creating /home/shadoroca/Documentos/Academia/ServicioSocial/Ambiente-Paneles/ambiente_panel/build/camera_images/build
[2.744s] creating /home/shadoroca/Documentos/Academia/ServicioSocial/Ambiente-Paneles/ambiente_panel/build/camera_images/build/lib
[2.745s] creating /home/shadoroca/Documentos/Academia/ServicioSocial/Ambiente-Paneles/ambiente_panel/build/camera_images/build/lib/camera_images
[2.745s] copying camera_images/__init__.py -> /home/shadoroca/Documentos/Academia/ServicioSocial/Ambiente-Paneles/ambiente_panel/build/camera_images/build/lib/camera_images
[2.745s] copying camera_images/get_image.py -> /home/shadoroca/Documentos/Academia/ServicioSocial/Ambiente-Paneles/ambiente_panel/build/camera_images/build/lib/camera_images
[2.745s] running install
[2.746s] running install_lib
[2.746s] creating /home/shadoroca/Documentos/Academia/ServicioSocial/Ambiente-Paneles/ambiente_panel/install/camera_images/lib/python3.10/site-packages/camera_images
[2.747s] copying /home/shadoroca/Documentos/Academia/ServicioSocial/Ambiente-Paneles/ambiente_panel/build/camera_images/build/lib/camera_images/__init__.py -> /home/shadoroca/Documentos/Academia/ServicioSocial/Ambiente-Paneles/ambiente_panel/install/camera_images/lib/python3.10/site-packages/camera_images
[2.747s] copying /home/shadoroca/Documentos/Academia/ServicioSocial/Ambiente-Paneles/ambiente_panel/build/camera_images/build/lib/camera_images/get_image.py -> /home/shadoroca/Documentos/Academia/ServicioSocial/Ambiente-Paneles/ambiente_panel/install/camera_images/lib/python3.10/site-packages/camera_images
[2.748s] byte-compiling /home/shadoroca/Documentos/Academia/ServicioSocial/Ambiente-Paneles/ambiente_panel/install/camera_images/lib/python3.10/site-packages/camera_images/__init__.py to __init__.cpython-310.pyc
[2.748s] byte-compiling /home/shadoroca/Documentos/Academia/ServicioSocial/Ambiente-Paneles/ambiente_panel/install/camera_images/lib/python3.10/site-packages/camera_images/get_image.py to get_image.cpython-310.pyc
[2.749s] running install_data
[2.750s] creating /home/shadoroca/Documentos/Academia/ServicioSocial/Ambiente-Paneles/ambiente_panel/install/camera_images/share/ament_index
[2.750s] creating /home/shadoroca/Documentos/Academia/ServicioSocial/Ambiente-Paneles/ambiente_panel/install/camera_images/share/ament_index/resource_index
[2.750s] creating /home/shadoroca/Documentos/Academia/ServicioSocial/Ambiente-Paneles/ambiente_panel/install/camera_images/share/ament_index/resource_index/packages
[2.750s] copying resource/camera_images -> /home/shadoroca/Documentos/Academia/ServicioSocial/Ambiente-Paneles/ambiente_panel/install/camera_images/share/ament_index/resource_index/packages
[2.751s] copying package.xml -> /home/shadoroca/Documentos/Academia/ServicioSocial/Ambiente-Paneles/ambiente_panel/install/camera_images/share/camera_images
[2.751s] running install_egg_info
[2.754s] Copying ../../build/camera_images/camera_images.egg-info to /home/shadoroca/Documentos/Academia/ServicioSocial/Ambiente-Paneles/ambiente_panel/install/camera_images/lib/python3.10/site-packages/camera_images-0.0.0-py3.10.egg-info
[2.755s] running install_scripts
[2.783s] Installing get_image script to /home/shadoroca/Documentos/Academia/ServicioSocial/Ambiente-Paneles/ambiente_panel/install/camera_images/lib/camera_images
[2.784s] writing list of installed files to '/home/shadoroca/Documentos/Academia/ServicioSocial/Ambiente-Paneles/ambiente_panel/build/camera_images/install.log'
[2.960s] Invoked command in '/home/shadoroca/Documentos/Academia/ServicioSocial/Ambiente-Paneles/ambiente_panel/src/camera_images' returned '0': PYTHONPATH=/home/shadoroca/Documentos/Academia/ServicioSocial/Ambiente-Paneles/ambiente_panel/build/camera_images/prefix_override:/home/shadoroca/Documentos/Academia/ServicioSocial/Ambiente-Paneles/ambiente_panel/install/camera_images/lib/python3.10/site-packages:${PYTHONPATH} /usr/bin/python3 setup.py egg_info --egg-base ../../build/camera_images build --build-base /home/shadoroca/Documentos/Academia/ServicioSocial/Ambiente-Paneles/ambiente_panel/build/camera_images/build install --record /home/shadoroca/Documentos/Academia/ServicioSocial/Ambiente-Paneles/ambiente_panel/build/camera_images/install.log --single-version-externally-managed
